{"/app/src/index.js": {"path":"/app/src/index.js","statementMap":{"0":{"start":{"line":4,"column":20},"end":{"line":4,"column":22}},"1":{"start":{"line":6,"column":33},"end":{"line":20,"column":1}},"2":{"start":{"line":7,"column":23},"end":{"line":7,"column":37}},"3":{"start":{"line":9,"column":4},"end":{"line":11,"column":5}},"4":{"start":{"line":10,"column":8},"end":{"line":10,"column":41}},"5":{"start":{"line":13,"column":28},"end":{"line":13,"column":44}},"6":{"start":{"line":15,"column":4},"end":{"line":17,"column":5}},"7":{"start":{"line":16,"column":8},"end":{"line":16,"column":46}},"8":{"start":{"line":19,"column":4},"end":{"line":19,"column":10}},"9":{"start":{"line":22,"column":24},"end":{"line":34,"column":1}},"10":{"start":{"line":23,"column":28},"end":{"line":23,"column":58}},"11":{"start":{"line":25,"column":4},"end":{"line":27,"column":5}},"12":{"start":{"line":26,"column":8},"end":{"line":26,"column":30}},"13":{"start":{"line":29,"column":4},"end":{"line":31,"column":5}},"14":{"start":{"line":30,"column":8},"end":{"line":30,"column":32}},"15":{"start":{"line":33,"column":4},"end":{"line":33,"column":64}},"16":{"start":{"line":36,"column":17},"end":{"line":36,"column":83}},"17":{"start":{"line":36,"column":26},"end":{"line":36,"column":83}},"18":{"start":{"line":36,"column":62},"end":{"line":36,"column":82}},"19":{"start":{"line":38,"column":23},"end":{"line":56,"column":1}},"20":{"start":{"line":39,"column":4},"end":{"line":41,"column":5}},"21":{"start":{"line":40,"column":8},"end":{"line":40,"column":68}},"22":{"start":{"line":43,"column":4},"end":{"line":45,"column":5}},"23":{"start":{"line":44,"column":8},"end":{"line":44,"column":82}},"24":{"start":{"line":47,"column":23},"end":{"line":47,"column":70}},"25":{"start":{"line":48,"column":22},"end":{"line":48,"column":69}},"26":{"start":{"line":48,"column":50},"end":{"line":48,"column":68}},"27":{"start":{"line":50,"column":4},"end":{"line":55,"column":6}},"28":{"start":{"line":51,"column":23},"end":{"line":51,"column":43}},"29":{"start":{"line":52,"column":24},"end":{"line":52,"column":70}},"30":{"start":{"line":54,"column":8},"end":{"line":54,"column":89}},"31":{"start":{"line":58,"column":26},"end":{"line":76,"column":1}},"32":{"start":{"line":59,"column":4},"end":{"line":61,"column":5}},"33":{"start":{"line":60,"column":8},"end":{"line":60,"column":101}},"34":{"start":{"line":63,"column":4},"end":{"line":65,"column":5}},"35":{"start":{"line":64,"column":8},"end":{"line":64,"column":83}},"36":{"start":{"line":67,"column":4},"end":{"line":69,"column":5}},"37":{"start":{"line":68,"column":8},"end":{"line":68,"column":56}},"38":{"start":{"line":71,"column":32},"end":{"line":71,"column":52}},"39":{"start":{"line":72,"column":21},"end":{"line":72,"column":42}},"40":{"start":{"line":73,"column":24},"end":{"line":73,"column":69}},"41":{"start":{"line":73,"column":56},"end":{"line":73,"column":68}},"42":{"start":{"line":75,"column":4},"end":{"line":75,"column":72}},"43":{"start":{"line":75,"column":20},"end":{"line":75,"column":72}},"44":{"start":{"line":78,"column":26},"end":{"line":92,"column":1}},"45":{"start":{"line":79,"column":4},"end":{"line":81,"column":5}},"46":{"start":{"line":80,"column":8},"end":{"line":80,"column":65}},"47":{"start":{"line":83,"column":4},"end":{"line":85,"column":5}},"48":{"start":{"line":84,"column":8},"end":{"line":84,"column":63}},"49":{"start":{"line":87,"column":4},"end":{"line":89,"column":5}},"50":{"start":{"line":88,"column":8},"end":{"line":88,"column":62}},"51":{"start":{"line":91,"column":4},"end":{"line":91,"column":28}},"52":{"start":{"line":94,"column":28},"end":{"line":110,"column":1}},"53":{"start":{"line":95,"column":4},"end":{"line":97,"column":5}},"54":{"start":{"line":96,"column":8},"end":{"line":96,"column":91}},"55":{"start":{"line":99,"column":4},"end":{"line":101,"column":5}},"56":{"start":{"line":100,"column":8},"end":{"line":100,"column":82}},"57":{"start":{"line":103,"column":23},"end":{"line":103,"column":25}},"58":{"start":{"line":105,"column":4},"end":{"line":107,"column":5}},"59":{"start":{"line":106,"column":8},"end":{"line":106,"column":99}},"60":{"start":{"line":109,"column":4},"end":{"line":109,"column":21}},"61":{"start":{"line":112,"column":24},"end":{"line":131,"column":1}},"62":{"start":{"line":113,"column":4},"end":{"line":115,"column":5}},"63":{"start":{"line":114,"column":8},"end":{"line":114,"column":66}},"64":{"start":{"line":117,"column":4},"end":{"line":119,"column":5}},"65":{"start":{"line":118,"column":8},"end":{"line":118,"column":83}},"66":{"start":{"line":121,"column":33},"end":{"line":121,"column":70}},"67":{"start":{"line":122,"column":16},"end":{"line":122,"column":20}},"68":{"start":{"line":124,"column":4},"end":{"line":128,"column":5}},"69":{"start":{"line":125,"column":28},"end":{"line":125,"column":56}},"70":{"start":{"line":127,"column":8},"end":{"line":127,"column":34}},"71":{"start":{"line":130,"column":4},"end":{"line":130,"column":16}},"72":{"start":{"line":133,"column":28},"end":{"line":163,"column":1}},"73":{"start":{"line":134,"column":4},"end":{"line":136,"column":5}},"74":{"start":{"line":135,"column":8},"end":{"line":135,"column":82}},"75":{"start":{"line":138,"column":4},"end":{"line":140,"column":5}},"76":{"start":{"line":139,"column":8},"end":{"line":139,"column":91}},"77":{"start":{"line":142,"column":19},"end":{"line":142,"column":21}},"78":{"start":{"line":144,"column":4},"end":{"line":160,"column":5}},"79":{"start":{"line":145,"column":25},"end":{"line":145,"column":37}},"80":{"start":{"line":147,"column":8},"end":{"line":149,"column":9}},"81":{"start":{"line":148,"column":12},"end":{"line":148,"column":20}},"82":{"start":{"line":151,"column":28},"end":{"line":151,"column":30}},"83":{"start":{"line":153,"column":8},"end":{"line":157,"column":9}},"84":{"start":{"line":154,"column":12},"end":{"line":154,"column":33}},"85":{"start":{"line":155,"column":15},"end":{"line":157,"column":9}},"86":{"start":{"line":156,"column":12},"end":{"line":156,"column":43}},"87":{"start":{"line":159,"column":8},"end":{"line":159,"column":85}},"88":{"start":{"line":162,"column":4},"end":{"line":162,"column":17}}},"fnMap":{"0":{"name":"(anonymous_0)","decl":{"start":{"line":6,"column":33},"end":{"line":6,"column":34}},"loc":{"start":{"line":6,"column":43},"end":{"line":20,"column":1}},"line":6},"1":{"name":"(anonymous_1)","decl":{"start":{"line":22,"column":24},"end":{"line":22,"column":25}},"loc":{"start":{"line":22,"column":34},"end":{"line":34,"column":1}},"line":22},"2":{"name":"(anonymous_2)","decl":{"start":{"line":36,"column":17},"end":{"line":36,"column":18}},"loc":{"start":{"line":36,"column":26},"end":{"line":36,"column":83}},"line":36},"3":{"name":"(anonymous_3)","decl":{"start":{"line":36,"column":55},"end":{"line":36,"column":56}},"loc":{"start":{"line":36,"column":62},"end":{"line":36,"column":82}},"line":36},"4":{"name":"(anonymous_4)","decl":{"start":{"line":38,"column":23},"end":{"line":38,"column":24}},"loc":{"start":{"line":38,"column":74},"end":{"line":56,"column":1}},"line":38},"5":{"name":"(anonymous_5)","decl":{"start":{"line":48,"column":42},"end":{"line":48,"column":43}},"loc":{"start":{"line":48,"column":50},"end":{"line":48,"column":68}},"line":48},"6":{"name":"(anonymous_6)","decl":{"start":{"line":50,"column":26},"end":{"line":50,"column":27}},"loc":{"start":{"line":50,"column":39},"end":{"line":55,"column":5}},"line":50},"7":{"name":"(anonymous_7)","decl":{"start":{"line":58,"column":26},"end":{"line":58,"column":27}},"loc":{"start":{"line":58,"column":55},"end":{"line":76,"column":1}},"line":58},"8":{"name":"(anonymous_8)","decl":{"start":{"line":73,"column":49},"end":{"line":73,"column":50}},"loc":{"start":{"line":73,"column":56},"end":{"line":73,"column":68}},"line":73},"9":{"name":"(anonymous_9)","decl":{"start":{"line":75,"column":11},"end":{"line":75,"column":12}},"loc":{"start":{"line":75,"column":20},"end":{"line":75,"column":72}},"line":75},"10":{"name":"(anonymous_10)","decl":{"start":{"line":78,"column":26},"end":{"line":78,"column":27}},"loc":{"start":{"line":78,"column":60},"end":{"line":92,"column":1}},"line":78},"11":{"name":"(anonymous_11)","decl":{"start":{"line":94,"column":28},"end":{"line":94,"column":29}},"loc":{"start":{"line":94,"column":65},"end":{"line":110,"column":1}},"line":94},"12":{"name":"(anonymous_12)","decl":{"start":{"line":112,"column":24},"end":{"line":112,"column":25}},"loc":{"start":{"line":112,"column":82},"end":{"line":131,"column":1}},"line":112},"13":{"name":"(anonymous_13)","decl":{"start":{"line":133,"column":28},"end":{"line":133,"column":29}},"loc":{"start":{"line":133,"column":60},"end":{"line":163,"column":1}},"line":133}},"branchMap":{"0":{"loc":{"start":{"line":9,"column":4},"end":{"line":11,"column":5}},"type":"if","locations":[{"start":{"line":9,"column":4},"end":{"line":11,"column":5}},{"start":{},"end":{}}],"line":9},"1":{"loc":{"start":{"line":15,"column":4},"end":{"line":17,"column":5}},"type":"if","locations":[{"start":{"line":15,"column":4},"end":{"line":17,"column":5}},{"start":{},"end":{}}],"line":15},"2":{"loc":{"start":{"line":25,"column":4},"end":{"line":27,"column":5}},"type":"if","locations":[{"start":{"line":25,"column":4},"end":{"line":27,"column":5}},{"start":{},"end":{}}],"line":25},"3":{"loc":{"start":{"line":29,"column":4},"end":{"line":31,"column":5}},"type":"if","locations":[{"start":{"line":29,"column":4},"end":{"line":31,"column":5}},{"start":{},"end":{}}],"line":29},"4":{"loc":{"start":{"line":38,"column":31},"end":{"line":38,"column":44}},"type":"default-arg","locations":[{"start":{"line":38,"column":42},"end":{"line":38,"column":44}}],"line":38},"5":{"loc":{"start":{"line":38,"column":46},"end":{"line":38,"column":55}},"type":"default-arg","locations":[{"start":{"line":38,"column":53},"end":{"line":38,"column":55}}],"line":38},"6":{"loc":{"start":{"line":38,"column":57},"end":{"line":38,"column":69}},"type":"default-arg","locations":[{"start":{"line":38,"column":65},"end":{"line":38,"column":69}}],"line":38},"7":{"loc":{"start":{"line":39,"column":4},"end":{"line":41,"column":5}},"type":"if","locations":[{"start":{"line":39,"column":4},"end":{"line":41,"column":5}},{"start":{},"end":{}}],"line":39},"8":{"loc":{"start":{"line":39,"column":8},"end":{"line":39,"column":58}},"type":"binary-expr","locations":[{"start":{"line":39,"column":8},"end":{"line":39,"column":33}},{"start":{"line":39,"column":37},"end":{"line":39,"column":58}}],"line":39},"9":{"loc":{"start":{"line":43,"column":4},"end":{"line":45,"column":5}},"type":"if","locations":[{"start":{"line":43,"column":4},"end":{"line":45,"column":5}},{"start":{},"end":{}}],"line":43},"10":{"loc":{"start":{"line":47,"column":23},"end":{"line":47,"column":70}},"type":"cond-expr","locations":[{"start":{"line":47,"column":46},"end":{"line":47,"column":51}},{"start":{"line":47,"column":54},"end":{"line":47,"column":70}}],"line":47},"11":{"loc":{"start":{"line":52,"column":24},"end":{"line":52,"column":70}},"type":"cond-expr","locations":[{"start":{"line":52,"column":45},"end":{"line":52,"column":59}},{"start":{"line":52,"column":62},"end":{"line":52,"column":70}}],"line":52},"12":{"loc":{"start":{"line":58,"column":38},"end":{"line":58,"column":50}},"type":"default-arg","locations":[{"start":{"line":58,"column":48},"end":{"line":58,"column":50}}],"line":58},"13":{"loc":{"start":{"line":59,"column":4},"end":{"line":61,"column":5}},"type":"if","locations":[{"start":{"line":59,"column":4},"end":{"line":61,"column":5}},{"start":{},"end":{}}],"line":59},"14":{"loc":{"start":{"line":63,"column":4},"end":{"line":65,"column":5}},"type":"if","locations":[{"start":{"line":63,"column":4},"end":{"line":65,"column":5}},{"start":{},"end":{}}],"line":63},"15":{"loc":{"start":{"line":67,"column":4},"end":{"line":69,"column":5}},"type":"if","locations":[{"start":{"line":67,"column":4},"end":{"line":69,"column":5}},{"start":{},"end":{}}],"line":67},"16":{"loc":{"start":{"line":67,"column":8},"end":{"line":67,"column":65}},"type":"binary-expr","locations":[{"start":{"line":67,"column":8},"end":{"line":67,"column":38}},{"start":{"line":67,"column":42},"end":{"line":67,"column":65}}],"line":67},"17":{"loc":{"start":{"line":71,"column":17},"end":{"line":71,"column":28}},"type":"default-arg","locations":[{"start":{"line":71,"column":26},"end":{"line":71,"column":28}}],"line":71},"18":{"loc":{"start":{"line":78,"column":39},"end":{"line":78,"column":55}},"type":"default-arg","locations":[{"start":{"line":78,"column":50},"end":{"line":78,"column":55}}],"line":78},"19":{"loc":{"start":{"line":79,"column":4},"end":{"line":81,"column":5}},"type":"if","locations":[{"start":{"line":79,"column":4},"end":{"line":81,"column":5}},{"start":{},"end":{}}],"line":79},"20":{"loc":{"start":{"line":83,"column":4},"end":{"line":85,"column":5}},"type":"if","locations":[{"start":{"line":83,"column":4},"end":{"line":85,"column":5}},{"start":{},"end":{}}],"line":83},"21":{"loc":{"start":{"line":83,"column":8},"end":{"line":83,"column":53}},"type":"binary-expr","locations":[{"start":{"line":83,"column":8},"end":{"line":83,"column":40}},{"start":{"line":83,"column":44},"end":{"line":83,"column":53}}],"line":83},"22":{"loc":{"start":{"line":87,"column":4},"end":{"line":89,"column":5}},"type":"if","locations":[{"start":{"line":87,"column":4},"end":{"line":89,"column":5}},{"start":{},"end":{}}],"line":87},"23":{"loc":{"start":{"line":94,"column":36},"end":{"line":94,"column":49}},"type":"default-arg","locations":[{"start":{"line":94,"column":47},"end":{"line":94,"column":49}}],"line":94},"24":{"loc":{"start":{"line":94,"column":51},"end":{"line":94,"column":60}},"type":"default-arg","locations":[{"start":{"line":94,"column":58},"end":{"line":94,"column":60}}],"line":94},"25":{"loc":{"start":{"line":95,"column":4},"end":{"line":97,"column":5}},"type":"if","locations":[{"start":{"line":95,"column":4},"end":{"line":97,"column":5}},{"start":{},"end":{}}],"line":95},"26":{"loc":{"start":{"line":99,"column":4},"end":{"line":101,"column":5}},"type":"if","locations":[{"start":{"line":99,"column":4},"end":{"line":101,"column":5}},{"start":{},"end":{}}],"line":99},"27":{"loc":{"start":{"line":106,"column":50},"end":{"line":106,"column":85}},"type":"binary-expr","locations":[{"start":{"line":106,"column":51},"end":{"line":106,"column":59}},{"start":{"line":106,"column":63},"end":{"line":106,"column":78}},{"start":{"line":106,"column":83},"end":{"line":106,"column":85}}],"line":106},"28":{"loc":{"start":{"line":112,"column":39},"end":{"line":112,"column":52}},"type":"default-arg","locations":[{"start":{"line":112,"column":50},"end":{"line":112,"column":52}}],"line":112},"29":{"loc":{"start":{"line":112,"column":54},"end":{"line":112,"column":63}},"type":"default-arg","locations":[{"start":{"line":112,"column":61},"end":{"line":112,"column":63}}],"line":112},"30":{"loc":{"start":{"line":112,"column":65},"end":{"line":112,"column":77}},"type":"default-arg","locations":[{"start":{"line":112,"column":73},"end":{"line":112,"column":77}}],"line":112},"31":{"loc":{"start":{"line":113,"column":4},"end":{"line":115,"column":5}},"type":"if","locations":[{"start":{"line":113,"column":4},"end":{"line":115,"column":5}},{"start":{},"end":{}}],"line":113},"32":{"loc":{"start":{"line":113,"column":8},"end":{"line":113,"column":58}},"type":"binary-expr","locations":[{"start":{"line":113,"column":8},"end":{"line":113,"column":33}},{"start":{"line":113,"column":37},"end":{"line":113,"column":58}}],"line":113},"33":{"loc":{"start":{"line":117,"column":4},"end":{"line":119,"column":5}},"type":"if","locations":[{"start":{"line":117,"column":4},"end":{"line":119,"column":5}},{"start":{},"end":{}}],"line":117},"34":{"loc":{"start":{"line":124,"column":11},"end":{"line":124,"column":47}},"type":"binary-expr","locations":[{"start":{"line":124,"column":11},"end":{"line":124,"column":16}},{"start":{"line":124,"column":20},"end":{"line":124,"column":47}}],"line":124},"35":{"loc":{"start":{"line":133,"column":42},"end":{"line":133,"column":55}},"type":"default-arg","locations":[{"start":{"line":133,"column":53},"end":{"line":133,"column":55}}],"line":133},"36":{"loc":{"start":{"line":134,"column":4},"end":{"line":136,"column":5}},"type":"if","locations":[{"start":{"line":134,"column":4},"end":{"line":136,"column":5}},{"start":{},"end":{}}],"line":134},"37":{"loc":{"start":{"line":138,"column":4},"end":{"line":140,"column":5}},"type":"if","locations":[{"start":{"line":138,"column":4},"end":{"line":140,"column":5}},{"start":{},"end":{}}],"line":138},"38":{"loc":{"start":{"line":147,"column":8},"end":{"line":149,"column":9}},"type":"if","locations":[{"start":{"line":147,"column":8},"end":{"line":149,"column":9}},{"start":{},"end":{}}],"line":147},"39":{"loc":{"start":{"line":153,"column":8},"end":{"line":157,"column":9}},"type":"if","locations":[{"start":{"line":153,"column":8},"end":{"line":157,"column":9}},{"start":{"line":155,"column":15},"end":{"line":157,"column":9}}],"line":153},"40":{"loc":{"start":{"line":155,"column":15},"end":{"line":157,"column":9}},"type":"if","locations":[{"start":{"line":155,"column":15},"end":{"line":157,"column":9}},{"start":{},"end":{}}],"line":155}},"s":{"0":1,"1":1,"2":91,"3":91,"4":80,"5":11,"6":11,"7":1,"8":10,"9":1,"10":85,"11":85,"12":79,"13":6,"14":4,"15":2,"16":1,"17":91,"18":17,"19":1,"20":37,"21":1,"22":36,"23":1,"24":35,"25":35,"26":83,"27":35,"28":83,"29":83,"30":83,"31":1,"32":88,"33":1,"34":87,"35":1,"36":86,"37":1,"38":85,"39":85,"40":83,"41":84,"42":83,"43":60,"44":1,"45":6,"46":2,"47":4,"48":1,"49":3,"50":1,"51":2,"52":1,"53":4,"54":1,"55":3,"56":1,"57":2,"58":2,"59":4,"60":2,"61":1,"62":28,"63":1,"64":27,"65":1,"66":26,"67":26,"68":26,"69":60,"70":60,"71":26,"72":1,"73":7,"74":1,"75":6,"76":1,"77":5,"78":5,"79":20,"80":20,"81":5,"82":15,"83":15,"84":3,"85":12,"86":3,"87":15,"88":5},"f":{"0":91,"1":85,"2":91,"3":17,"4":37,"5":83,"6":83,"7":88,"8":84,"9":60,"10":6,"11":4,"12":28,"13":7},"b":{"0":[80,11],"1":[1,10],"2":[79,6],"3":[4,2],"4":[6],"5":[6],"6":[7],"7":[1,36],"8":[37,10],"9":[1,35],"10":[9,26],"11":[64,19],"12":[3],"13":[1,87],"14":[1,86],"15":[1,85],"16":[86,84],"17":[76],"18":[5],"19":[2,4],"20":[1,3],"21":[4,2],"22":[1,2],"23":[3],"24":[3],"25":[1,3],"26":[1,2],"27":[4,4,4],"28":[3],"29":[5],"30":[6],"31":[1,27],"32":[28,7],"33":[1,26],"34":[86,83],"35":[5],"36":[1,6],"37":[1,5],"38":[5,15],"39":[3,12],"40":[3,9]},"_coverageSchema":"1a1c01bbd47fc00a2c39e90264f33305004495a9","hash":"e351e6ad4f73bf354c3a49b2264ec68f29e23f33"}
,"/app/src/messages.js": {"path":"/app/src/messages.js","statementMap":{"0":{"start":{"line":1,"column":24},"end":{"line":1,"column":47}},"1":{"start":{"line":2,"column":21},"end":{"line":2,"column":56}},"2":{"start":{"line":3,"column":25},"end":{"line":3,"column":99}},"3":{"start":{"line":4,"column":24},"end":{"line":4,"column":74}},"4":{"start":{"line":5,"column":21},"end":{"line":5,"column":45}},"5":{"start":{"line":6,"column":23},"end":{"line":6,"column":60}},"6":{"start":{"line":7,"column":23},"end":{"line":7,"column":48}},"7":{"start":{"line":8,"column":24},"end":{"line":8,"column":47}},"8":{"start":{"line":9,"column":25},"end":{"line":9,"column":61}},"9":{"start":{"line":10,"column":22},"end":{"line":10,"column":80}},"10":{"start":{"line":11,"column":29},"end":{"line":11,"column":92}},"11":{"start":{"line":12,"column":21},"end":{"line":12,"column":58}},"12":{"start":{"line":13,"column":24},"end":{"line":13,"column":60}},"13":{"start":{"line":14,"column":22},"end":{"line":14,"column":47}},"14":{"start":{"line":15,"column":18},"end":{"line":15,"column":63}},"15":{"start":{"line":16,"column":19},"end":{"line":16,"column":76}},"16":{"start":{"line":17,"column":19},"end":{"line":17,"column":49}},"17":{"start":{"line":18,"column":23},"end":{"line":18,"column":52}},"18":{"start":{"line":19,"column":23},"end":{"line":19,"column":49}},"19":{"start":{"line":20,"column":18},"end":{"line":20,"column":60}},"20":{"start":{"line":21,"column":19},"end":{"line":21,"column":73}},"21":{"start":{"line":22,"column":19},"end":{"line":22,"column":63}},"22":{"start":{"line":23,"column":19},"end":{"line":23,"column":63}},"23":{"start":{"line":24,"column":21},"end":{"line":24,"column":55}},"24":{"start":{"line":25,"column":24},"end":{"line":25,"column":67}},"25":{"start":{"line":26,"column":23},"end":{"line":26,"column":47}},"26":{"start":{"line":27,"column":22},"end":{"line":27,"column":47}},"27":{"start":{"line":28,"column":30},"end":{"line":28,"column":71}},"28":{"start":{"line":29,"column":23},"end":{"line":29,"column":43}},"29":{"start":{"line":30,"column":26},"end":{"line":30,"column":49}},"30":{"start":{"line":31,"column":25},"end":{"line":31,"column":53}},"31":{"start":{"line":32,"column":21},"end":{"line":32,"column":64}},"32":{"start":{"line":33,"column":24},"end":{"line":33,"column":43}},"33":{"start":{"line":34,"column":20},"end":{"line":34,"column":52}},"34":{"start":{"line":35,"column":26},"end":{"line":35,"column":64}},"35":{"start":{"line":36,"column":22},"end":{"line":36,"column":46}},"36":{"start":{"line":37,"column":22},"end":{"line":37,"column":45}},"37":{"start":{"line":38,"column":19},"end":{"line":38,"column":46}},"38":{"start":{"line":39,"column":20},"end":{"line":39,"column":45}}},"fnMap":{},"branchMap":{},"s":{"0":49,"1":49,"2":49,"3":49,"4":49,"5":49,"6":49,"7":49,"8":49,"9":49,"10":49,"11":49,"12":49,"13":49,"14":49,"15":49,"16":49,"17":49,"18":49,"19":49,"20":49,"21":49,"22":49,"23":49,"24":49,"25":49,"26":49,"27":49,"28":49,"29":49,"30":49,"31":49,"32":49,"33":49,"34":49,"35":49,"36":49,"37":49,"38":49},"f":{},"b":{},"_coverageSchema":"1a1c01bbd47fc00a2c39e90264f33305004495a9","hash":"b4c9468fa3b9de667129764a028a81ac61aa41f0"}
,"/app/src/utils.js": {"path":"/app/src/utils.js","statementMap":{"0":{"start":{"line":1,"column":29},"end":{"line":20,"column":1}},"1":{"start":{"line":2,"column":16},"end":{"line":2,"column":18}},"2":{"start":{"line":4,"column":4},"end":{"line":6,"column":5}},"3":{"start":{"line":5,"column":8},"end":{"line":5,"column":18}},"4":{"start":{"line":8,"column":14},"end":{"line":8,"column":18}},"5":{"start":{"line":10,"column":4},"end":{"line":17,"column":6}},"6":{"start":{"line":11,"column":8},"end":{"line":16,"column":9}},"7":{"start":{"line":12,"column":12},"end":{"line":12,"column":23}},"8":{"start":{"line":14,"column":12},"end":{"line":14,"column":28}},"9":{"start":{"line":15,"column":12},"end":{"line":15,"column":22}},"10":{"start":{"line":19,"column":4},"end":{"line":19,"column":14}},"11":{"start":{"line":22,"column":29},"end":{"line":32,"column":1}},"12":{"start":{"line":23,"column":4},"end":{"line":25,"column":5}},"13":{"start":{"line":24,"column":8},"end":{"line":24,"column":20}},"14":{"start":{"line":27,"column":4},"end":{"line":29,"column":5}},"15":{"start":{"line":28,"column":8},"end":{"line":28,"column":38}},"16":{"start":{"line":31,"column":4},"end":{"line":31,"column":75}},"17":{"start":{"line":34,"column":23},"end":{"line":34,"column":77}},"18":{"start":{"line":34,"column":30},"end":{"line":34,"column":77}},"19":{"start":{"line":36,"column":24},"end":{"line":36,"column":93}},"20":{"start":{"line":36,"column":31},"end":{"line":36,"column":93}},"21":{"start":{"line":38,"column":31},"end":{"line":52,"column":1}},"22":{"start":{"line":39,"column":4},"end":{"line":41,"column":5}},"23":{"start":{"line":40,"column":8},"end":{"line":40,"column":30}},"24":{"start":{"line":43,"column":19},"end":{"line":43,"column":32}},"25":{"start":{"line":45,"column":4},"end":{"line":45,"column":39}},"26":{"start":{"line":46,"column":4},"end":{"line":46,"column":38}},"27":{"start":{"line":48,"column":19},"end":{"line":48,"column":34}},"28":{"start":{"line":49,"column":18},"end":{"line":49,"column":54}},"29":{"start":{"line":51,"column":4},"end":{"line":51,"column":36}},"30":{"start":{"line":54,"column":28},"end":{"line":60,"column":1}},"31":{"start":{"line":55,"column":4},"end":{"line":57,"column":5}},"32":{"start":{"line":56,"column":8},"end":{"line":56,"column":61}},"33":{"start":{"line":59,"column":4},"end":{"line":59,"column":18}}},"fnMap":{"0":{"name":"(anonymous_0)","decl":{"start":{"line":1,"column":29},"end":{"line":1,"column":30}},"loc":{"start":{"line":1,"column":36},"end":{"line":20,"column":1}},"line":1},"1":{"name":"(anonymous_1)","decl":{"start":{"line":10,"column":16},"end":{"line":10,"column":17}},"loc":{"start":{"line":10,"column":25},"end":{"line":17,"column":5}},"line":10},"2":{"name":"(anonymous_2)","decl":{"start":{"line":22,"column":29},"end":{"line":22,"column":30}},"loc":{"start":{"line":22,"column":83},"end":{"line":32,"column":1}},"line":22},"3":{"name":"(anonymous_3)","decl":{"start":{"line":34,"column":23},"end":{"line":34,"column":24}},"loc":{"start":{"line":34,"column":30},"end":{"line":34,"column":77}},"line":34},"4":{"name":"(anonymous_4)","decl":{"start":{"line":36,"column":24},"end":{"line":36,"column":25}},"loc":{"start":{"line":36,"column":31},"end":{"line":36,"column":93}},"line":36},"5":{"name":"(anonymous_5)","decl":{"start":{"line":38,"column":31},"end":{"line":38,"column":32}},"loc":{"start":{"line":38,"column":40},"end":{"line":52,"column":1}},"line":38},"6":{"name":"(anonymous_6)","decl":{"start":{"line":54,"column":28},"end":{"line":54,"column":29}},"loc":{"start":{"line":54,"column":60},"end":{"line":60,"column":1}},"line":54}},"branchMap":{"0":{"loc":{"start":{"line":4,"column":4},"end":{"line":6,"column":5}},"type":"if","locations":[{"start":{"line":4,"column":4},"end":{"line":6,"column":5}},{"start":{},"end":{}}],"line":4},"1":{"loc":{"start":{"line":11,"column":8},"end":{"line":16,"column":9}},"type":"if","locations":[{"start":{"line":11,"column":8},"end":{"line":16,"column":9}},{"start":{"line":13,"column":15},"end":{"line":16,"column":9}}],"line":11},"2":{"loc":{"start":{"line":22,"column":61},"end":{"line":22,"column":78}},"type":"default-arg","locations":[{"start":{"line":22,"column":76},"end":{"line":22,"column":78}}],"line":22},"3":{"loc":{"start":{"line":23,"column":4},"end":{"line":25,"column":5}},"type":"if","locations":[{"start":{"line":23,"column":4},"end":{"line":25,"column":5}},{"start":{},"end":{}}],"line":23},"4":{"loc":{"start":{"line":27,"column":4},"end":{"line":29,"column":5}},"type":"if","locations":[{"start":{"line":27,"column":4},"end":{"line":29,"column":5}},{"start":{},"end":{}}],"line":27},"5":{"loc":{"start":{"line":31,"column":27},"end":{"line":31,"column":58}},"type":"binary-expr","locations":[{"start":{"line":31,"column":27},"end":{"line":31,"column":40}},{"start":{"line":31,"column":44},"end":{"line":31,"column":58}}],"line":31},"6":{"loc":{"start":{"line":34,"column":30},"end":{"line":34,"column":77}},"type":"binary-expr","locations":[{"start":{"line":34,"column":30},"end":{"line":34,"column":47}},{"start":{"line":34,"column":51},"end":{"line":34,"column":63}},{"start":{"line":34,"column":67},"end":{"line":34,"column":77}}],"line":34},"7":{"loc":{"start":{"line":36,"column":31},"end":{"line":36,"column":93}},"type":"binary-expr","locations":[{"start":{"line":36,"column":31},"end":{"line":36,"column":54}},{"start":{"line":36,"column":58},"end":{"line":36,"column":77}},{"start":{"line":36,"column":81},"end":{"line":36,"column":93}}],"line":36},"8":{"loc":{"start":{"line":39,"column":4},"end":{"line":41,"column":5}},"type":"if","locations":[{"start":{"line":39,"column":4},"end":{"line":41,"column":5}},{"start":{},"end":{}}],"line":39},"9":{"loc":{"start":{"line":54,"column":38},"end":{"line":54,"column":55}},"type":"default-arg","locations":[{"start":{"line":54,"column":53},"end":{"line":54,"column":55}}],"line":54}},"s":{"0":50,"1":54,"2":54,"3":1,"4":53,"5":53,"6":108,"7":54,"8":54,"9":54,"10":53,"11":50,"12":164,"13":51,"14":113,"15":1,"16":113,"17":50,"18":127,"19":50,"20":342,"21":50,"22":12,"23":7,"24":5,"25":5,"26":5,"27":5,"28":5,"29":5,"30":50,"31":138,"32":86,"33":138},"f":{"0":54,"1":108,"2":164,"3":127,"4":342,"5":12,"6":138},"b":{"0":[1,53],"1":[54,54],"2":[88],"3":[51,113],"4":[1,112],"5":[113,59],"6":[127,97,87],"7":[342,321,321],"8":[7,5],"9":[0]},"_coverageSchema":"1a1c01bbd47fc00a2c39e90264f33305004495a9","hash":"c741995288e49b0d190cdcc6205ec320aab726b6"}
,"/app/src/rules/index.js": {"path":"/app/src/rules/index.js","statementMap":{},"fnMap":{},"branchMap":{},"s":{},"f":{},"b":{},"_coverageSchema":"1a1c01bbd47fc00a2c39e90264f33305004495a9","hash":"8afe148d4fa52bdefca41a9a6c1f51157b8d3439"}
,"/app/src/rules/accepted/index.js": {"path":"/app/src/rules/accepted/index.js","statementMap":{"0":{"start":{"line":4,"column":17},"end":{"line":14,"column":1}},"1":{"start":{"line":5,"column":24},"end":{"line":5,"column":31}},"2":{"start":{"line":6,"column":24},"end":{"line":6,"column":46}},"3":{"start":{"line":7,"column":20},"end":{"line":7,"column":47}},"4":{"start":{"line":9,"column":4},"end":{"line":11,"column":5}},"5":{"start":{"line":10,"column":8},"end":{"line":10,"column":19}},"6":{"start":{"line":13,"column":4},"end":{"line":13,"column":49}}},"fnMap":{"0":{"name":"(anonymous_0)","decl":{"start":{"line":4,"column":17},"end":{"line":4,"column":18}},"loc":{"start":{"line":4,"column":42},"end":{"line":14,"column":1}},"line":4}},"branchMap":{"0":{"loc":{"start":{"line":4,"column":25},"end":{"line":4,"column":37}},"type":"default-arg","locations":[{"start":{"line":4,"column":35},"end":{"line":4,"column":37}}],"line":4},"1":{"loc":{"start":{"line":9,"column":4},"end":{"line":11,"column":5}},"type":"if","locations":[{"start":{"line":9,"column":4},"end":{"line":11,"column":5}},{"start":{},"end":{}}],"line":9}},"s":{"0":3,"1":14,"2":14,"3":14,"4":14,"5":8,"6":6},"f":{"0":14},"b":{"0":[5],"1":[8,6]},"_coverageSchema":"1a1c01bbd47fc00a2c39e90264f33305004495a9","hash":"75c97dd0a739785f654c3f066b2949133f2fbb76"}
,"/app/src/rules/acceptedIf/index.js": {"path":"/app/src/rules/acceptedIf/index.js","statementMap":{"0":{"start":{"line":4,"column":19},"end":{"line":23,"column":1}},"1":{"start":{"line":5,"column":55},"end":{"line":5,"column":62}},"2":{"start":{"line":6,"column":25},"end":{"line":6,"column":46}},"3":{"start":{"line":8,"column":21},"end":{"line":8,"column":25}},"4":{"start":{"line":10,"column":4},"end":{"line":16,"column":5}},"5":{"start":{"line":11,"column":8},"end":{"line":11,"column":100}},"6":{"start":{"line":13,"column":8},"end":{"line":15,"column":9}},"7":{"start":{"line":14,"column":12},"end":{"line":14,"column":17}},"8":{"start":{"line":18,"column":4},"end":{"line":20,"column":5}},"9":{"start":{"line":19,"column":8},"end":{"line":19,"column":19}},"10":{"start":{"line":22,"column":4},"end":{"line":22,"column":39}}},"fnMap":{"0":{"name":"(anonymous_0)","decl":{"start":{"line":4,"column":19},"end":{"line":4,"column":20}},"loc":{"start":{"line":4,"column":44},"end":{"line":23,"column":1}},"line":4}},"branchMap":{"0":{"loc":{"start":{"line":4,"column":27},"end":{"line":4,"column":39}},"type":"default-arg","locations":[{"start":{"line":4,"column":37},"end":{"line":4,"column":39}}],"line":4},"1":{"loc":{"start":{"line":5,"column":12},"end":{"line":5,"column":21}},"type":"default-arg","locations":[{"start":{"line":5,"column":19},"end":{"line":5,"column":21}}],"line":5},"2":{"loc":{"start":{"line":5,"column":23},"end":{"line":5,"column":37}},"type":"default-arg","locations":[{"start":{"line":5,"column":33},"end":{"line":5,"column":37}}],"line":5},"3":{"loc":{"start":{"line":5,"column":39},"end":{"line":5,"column":50}},"type":"default-arg","locations":[{"start":{"line":5,"column":48},"end":{"line":5,"column":50}}],"line":5},"4":{"loc":{"start":{"line":13,"column":8},"end":{"line":15,"column":9}},"type":"if","locations":[{"start":{"line":13,"column":8},"end":{"line":15,"column":9}},{"start":{},"end":{}}],"line":13},"5":{"loc":{"start":{"line":18,"column":4},"end":{"line":20,"column":5}},"type":"if","locations":[{"start":{"line":18,"column":4},"end":{"line":20,"column":5}},{"start":{},"end":{}}],"line":18}},"s":{"0":2,"1":13,"2":13,"3":13,"4":13,"5":13,"6":13,"7":6,"8":13,"9":6,"10":7},"f":{"0":13},"b":{"0":[0],"1":[0],"2":[9],"3":[0],"4":[6,7],"5":[6,7]},"_coverageSchema":"1a1c01bbd47fc00a2c39e90264f33305004495a9","hash":"8df999468d322eed830080faac589c98d8d2bc0f"}
,"/app/src/rules/alpha/index.js": {"path":"/app/src/rules/alpha/index.js","statementMap":{"0":{"start":{"line":4,"column":14},"end":{"line":13,"column":1}},"1":{"start":{"line":5,"column":24},"end":{"line":5,"column":31}},"2":{"start":{"line":6,"column":20},"end":{"line":6,"column":50}},"3":{"start":{"line":8,"column":4},"end":{"line":10,"column":5}},"4":{"start":{"line":9,"column":8},"end":{"line":9,"column":19}},"5":{"start":{"line":12,"column":4},"end":{"line":12,"column":49}}},"fnMap":{"0":{"name":"(anonymous_0)","decl":{"start":{"line":4,"column":14},"end":{"line":4,"column":15}},"loc":{"start":{"line":4,"column":39},"end":{"line":13,"column":1}},"line":4}},"branchMap":{"0":{"loc":{"start":{"line":4,"column":22},"end":{"line":4,"column":34}},"type":"default-arg","locations":[{"start":{"line":4,"column":32},"end":{"line":4,"column":34}}],"line":4},"1":{"loc":{"start":{"line":8,"column":4},"end":{"line":10,"column":5}},"type":"if","locations":[{"start":{"line":8,"column":4},"end":{"line":10,"column":5}},{"start":{},"end":{}}],"line":8}},"s":{"0":2,"1":4,"2":4,"3":4,"4":1,"5":3},"f":{"0":4},"b":{"0":[2],"1":[1,3]},"_coverageSchema":"1a1c01bbd47fc00a2c39e90264f33305004495a9","hash":"f4fb18bd4b53cf18f9fb107c780c6b82ba26c6aa"}
,"/app/src/rules/alphaDash/index.js": {"path":"/app/src/rules/alphaDash/index.js","statementMap":{"0":{"start":{"line":4,"column":18},"end":{"line":13,"column":1}},"1":{"start":{"line":5,"column":24},"end":{"line":5,"column":31}},"2":{"start":{"line":6,"column":20},"end":{"line":6,"column":53}},"3":{"start":{"line":8,"column":4},"end":{"line":10,"column":5}},"4":{"start":{"line":9,"column":8},"end":{"line":9,"column":19}},"5":{"start":{"line":12,"column":4},"end":{"line":12,"column":49}}},"fnMap":{"0":{"name":"(anonymous_0)","decl":{"start":{"line":4,"column":18},"end":{"line":4,"column":19}},"loc":{"start":{"line":4,"column":43},"end":{"line":13,"column":1}},"line":4}},"branchMap":{"0":{"loc":{"start":{"line":4,"column":26},"end":{"line":4,"column":38}},"type":"default-arg","locations":[{"start":{"line":4,"column":36},"end":{"line":4,"column":38}}],"line":4},"1":{"loc":{"start":{"line":8,"column":4},"end":{"line":10,"column":5}},"type":"if","locations":[{"start":{"line":8,"column":4},"end":{"line":10,"column":5}},{"start":{},"end":{}}],"line":8}},"s":{"0":2,"1":10,"2":10,"3":10,"4":3,"5":7},"f":{"0":10},"b":{"0":[4],"1":[3,7]},"_coverageSchema":"1a1c01bbd47fc00a2c39e90264f33305004495a9","hash":"339d59768182156f3e14bbeb6a8e6b982b6b6af7"}
,"/app/src/rules/alphaNum/index.js": {"path":"/app/src/rules/alphaNum/index.js","statementMap":{"0":{"start":{"line":4,"column":17},"end":{"line":13,"column":1}},"1":{"start":{"line":5,"column":24},"end":{"line":5,"column":31}},"2":{"start":{"line":6,"column":20},"end":{"line":6,"column":53}},"3":{"start":{"line":8,"column":4},"end":{"line":10,"column":5}},"4":{"start":{"line":9,"column":8},"end":{"line":9,"column":19}},"5":{"start":{"line":12,"column":4},"end":{"line":12,"column":49}}},"fnMap":{"0":{"name":"(anonymous_0)","decl":{"start":{"line":4,"column":17},"end":{"line":4,"column":18}},"loc":{"start":{"line":4,"column":42},"end":{"line":13,"column":1}},"line":4}},"branchMap":{"0":{"loc":{"start":{"line":4,"column":25},"end":{"line":4,"column":37}},"type":"default-arg","locations":[{"start":{"line":4,"column":35},"end":{"line":4,"column":37}}],"line":4},"1":{"loc":{"start":{"line":8,"column":4},"end":{"line":10,"column":5}},"type":"if","locations":[{"start":{"line":8,"column":4},"end":{"line":10,"column":5}},{"start":{},"end":{}}],"line":8}},"s":{"0":2,"1":10,"2":10,"3":10,"4":7,"5":3},"f":{"0":10},"b":{"0":[4],"1":[7,3]},"_coverageSchema":"1a1c01bbd47fc00a2c39e90264f33305004495a9","hash":"2a9aa76f96833d9dd2002f5c4e32648bb23a69d6"}
,"/app/src/rules/array/index.js": {"path":"/app/src/rules/array/index.js","statementMap":{"0":{"start":{"line":4,"column":14},"end":{"line":13,"column":1}},"1":{"start":{"line":5,"column":24},"end":{"line":5,"column":31}},"2":{"start":{"line":6,"column":20},"end":{"line":6,"column":40}},"3":{"start":{"line":8,"column":4},"end":{"line":10,"column":5}},"4":{"start":{"line":9,"column":8},"end":{"line":9,"column":19}},"5":{"start":{"line":12,"column":4},"end":{"line":12,"column":49}}},"fnMap":{"0":{"name":"(anonymous_0)","decl":{"start":{"line":4,"column":14},"end":{"line":4,"column":15}},"loc":{"start":{"line":4,"column":39},"end":{"line":13,"column":1}},"line":4}},"branchMap":{"0":{"loc":{"start":{"line":4,"column":22},"end":{"line":4,"column":34}},"type":"default-arg","locations":[{"start":{"line":4,"column":32},"end":{"line":4,"column":34}}],"line":4},"1":{"loc":{"start":{"line":8,"column":4},"end":{"line":10,"column":5}},"type":"if","locations":[{"start":{"line":8,"column":4},"end":{"line":10,"column":5}},{"start":{},"end":{}}],"line":8}},"s":{"0":2,"1":5,"2":5,"3":5,"4":2,"5":3},"f":{"0":5},"b":{"0":[3],"1":[2,3]},"_coverageSchema":"1a1c01bbd47fc00a2c39e90264f33305004495a9","hash":"3fafd26ca603e3b76faa49d4000c4e8d0f62d6da"}
,"/app/src/rules/between/index.js": {"path":"/app/src/rules/between/index.js","statementMap":{"0":{"start":{"line":4,"column":16},"end":{"line":17,"column":1}},"1":{"start":{"line":5,"column":44},"end":{"line":5,"column":51}},"2":{"start":{"line":6,"column":29},"end":{"line":6,"column":35}},"3":{"start":{"line":7,"column":16},"end":{"line":7,"column":40}},"4":{"start":{"line":8,"column":16},"end":{"line":8,"column":40}},"5":{"start":{"line":10,"column":20},"end":{"line":10,"column":48}},"6":{"start":{"line":12,"column":4},"end":{"line":14,"column":5}},"7":{"start":{"line":13,"column":8},"end":{"line":13,"column":19}},"8":{"start":{"line":16,"column":4},"end":{"line":16,"column":81}}},"fnMap":{"0":{"name":"(anonymous_0)","decl":{"start":{"line":4,"column":16},"end":{"line":4,"column":17}},"loc":{"start":{"line":4,"column":41},"end":{"line":17,"column":1}},"line":4}},"branchMap":{"0":{"loc":{"start":{"line":4,"column":24},"end":{"line":4,"column":36}},"type":"default-arg","locations":[{"start":{"line":4,"column":34},"end":{"line":4,"column":36}}],"line":4},"1":{"loc":{"start":{"line":5,"column":12},"end":{"line":5,"column":26}},"type":"default-arg","locations":[{"start":{"line":5,"column":22},"end":{"line":5,"column":26}}],"line":5},"2":{"loc":{"start":{"line":5,"column":28},"end":{"line":5,"column":39}},"type":"default-arg","locations":[{"start":{"line":5,"column":37},"end":{"line":5,"column":39}}],"line":5},"3":{"loc":{"start":{"line":10,"column":20},"end":{"line":10,"column":48}},"type":"binary-expr","locations":[{"start":{"line":10,"column":20},"end":{"line":10,"column":32}},{"start":{"line":10,"column":36},"end":{"line":10,"column":48}}],"line":10},"4":{"loc":{"start":{"line":12,"column":4},"end":{"line":14,"column":5}},"type":"if","locations":[{"start":{"line":12,"column":4},"end":{"line":14,"column":5}},{"start":{},"end":{}}],"line":12}},"s":{"0":2,"1":6,"2":6,"3":6,"4":6,"5":6,"6":6,"7":3,"8":3},"f":{"0":6},"b":{"0":[0],"1":[4],"2":[0],"3":[6,4],"4":[3,3]},"_coverageSchema":"1a1c01bbd47fc00a2c39e90264f33305004495a9","hash":"00eeb88415c665d4b7ba59fc3737c6059c719c6d"}
,"/app/src/rules/boolean/index.js": {"path":"/app/src/rules/boolean/index.js","statementMap":{"0":{"start":{"line":4,"column":16},"end":{"line":14,"column":1}},"1":{"start":{"line":5,"column":24},"end":{"line":5,"column":31}},"2":{"start":{"line":6,"column":24},"end":{"line":6,"column":53}},"3":{"start":{"line":7,"column":20},"end":{"line":7,"column":47}},"4":{"start":{"line":9,"column":4},"end":{"line":11,"column":5}},"5":{"start":{"line":10,"column":8},"end":{"line":10,"column":19}},"6":{"start":{"line":13,"column":4},"end":{"line":13,"column":49}}},"fnMap":{"0":{"name":"(anonymous_0)","decl":{"start":{"line":4,"column":16},"end":{"line":4,"column":17}},"loc":{"start":{"line":4,"column":41},"end":{"line":14,"column":1}},"line":4}},"branchMap":{"0":{"loc":{"start":{"line":4,"column":24},"end":{"line":4,"column":36}},"type":"default-arg","locations":[{"start":{"line":4,"column":34},"end":{"line":4,"column":36}}],"line":4},"1":{"loc":{"start":{"line":9,"column":4},"end":{"line":11,"column":5}},"type":"if","locations":[{"start":{"line":9,"column":4},"end":{"line":11,"column":5}},{"start":{},"end":{}}],"line":9}},"s":{"0":2,"1":11,"2":11,"3":11,"4":11,"5":8,"6":3},"f":{"0":11},"b":{"0":[7],"1":[8,3]},"_coverageSchema":"1a1c01bbd47fc00a2c39e90264f33305004495a9","hash":"4b4f6efa5577a6c3401b9316bcf5bdd78c405e37"}
,"/app/src/rules/declined/index.js": {"path":"/app/src/rules/declined/index.js","statementMap":{"0":{"start":{"line":4,"column":17},"end":{"line":14,"column":1}},"1":{"start":{"line":5,"column":24},"end":{"line":5,"column":31}},"2":{"start":{"line":6,"column":24},"end":{"line":6,"column":47}},"3":{"start":{"line":7,"column":20},"end":{"line":7,"column":47}},"4":{"start":{"line":9,"column":4},"end":{"line":11,"column":5}},"5":{"start":{"line":10,"column":8},"end":{"line":10,"column":19}},"6":{"start":{"line":13,"column":4},"end":{"line":13,"column":49}}},"fnMap":{"0":{"name":"(anonymous_0)","decl":{"start":{"line":4,"column":17},"end":{"line":4,"column":18}},"loc":{"start":{"line":4,"column":42},"end":{"line":14,"column":1}},"line":4}},"branchMap":{"0":{"loc":{"start":{"line":4,"column":25},"end":{"line":4,"column":37}},"type":"default-arg","locations":[{"start":{"line":4,"column":35},"end":{"line":4,"column":37}}],"line":4},"1":{"loc":{"start":{"line":9,"column":4},"end":{"line":11,"column":5}},"type":"if","locations":[{"start":{"line":9,"column":4},"end":{"line":11,"column":5}},{"start":{},"end":{}}],"line":9}},"s":{"0":3,"1":16,"2":16,"3":16,"4":16,"5":8,"6":8},"f":{"0":16},"b":{"0":[7],"1":[8,8]},"_coverageSchema":"1a1c01bbd47fc00a2c39e90264f33305004495a9","hash":"67fda9fa17d6dea83d6d280e1b88685ff417cebc"}
,"/app/src/rules/declinedIf/index.js": {"path":"/app/src/rules/declinedIf/index.js","statementMap":{"0":{"start":{"line":4,"column":19},"end":{"line":24,"column":1}},"1":{"start":{"line":5,"column":55},"end":{"line":5,"column":62}},"2":{"start":{"line":6,"column":25},"end":{"line":6,"column":46}},"3":{"start":{"line":8,"column":21},"end":{"line":8,"column":25}},"4":{"start":{"line":10,"column":4},"end":{"line":16,"column":5}},"5":{"start":{"line":11,"column":8},"end":{"line":11,"column":100}},"6":{"start":{"line":13,"column":8},"end":{"line":15,"column":9}},"7":{"start":{"line":14,"column":12},"end":{"line":14,"column":17}},"8":{"start":{"line":18,"column":4},"end":{"line":20,"column":5}},"9":{"start":{"line":19,"column":8},"end":{"line":19,"column":19}},"10":{"start":{"line":22,"column":4},"end":{"line":22,"column":39}}},"fnMap":{"0":{"name":"(anonymous_0)","decl":{"start":{"line":4,"column":19},"end":{"line":4,"column":20}},"loc":{"start":{"line":4,"column":44},"end":{"line":24,"column":1}},"line":4}},"branchMap":{"0":{"loc":{"start":{"line":4,"column":27},"end":{"line":4,"column":39}},"type":"default-arg","locations":[{"start":{"line":4,"column":37},"end":{"line":4,"column":39}}],"line":4},"1":{"loc":{"start":{"line":5,"column":12},"end":{"line":5,"column":21}},"type":"default-arg","locations":[{"start":{"line":5,"column":19},"end":{"line":5,"column":21}}],"line":5},"2":{"loc":{"start":{"line":5,"column":23},"end":{"line":5,"column":37}},"type":"default-arg","locations":[{"start":{"line":5,"column":33},"end":{"line":5,"column":37}}],"line":5},"3":{"loc":{"start":{"line":5,"column":39},"end":{"line":5,"column":50}},"type":"default-arg","locations":[{"start":{"line":5,"column":48},"end":{"line":5,"column":50}}],"line":5},"4":{"loc":{"start":{"line":13,"column":8},"end":{"line":15,"column":9}},"type":"if","locations":[{"start":{"line":13,"column":8},"end":{"line":15,"column":9}},{"start":{},"end":{}}],"line":13},"5":{"loc":{"start":{"line":18,"column":4},"end":{"line":20,"column":5}},"type":"if","locations":[{"start":{"line":18,"column":4},"end":{"line":20,"column":5}},{"start":{},"end":{}}],"line":18}},"s":{"0":2,"1":13,"2":13,"3":13,"4":13,"5":13,"6":13,"7":6,"8":13,"9":6,"10":7},"f":{"0":13},"b":{"0":[0],"1":[0],"2":[9],"3":[0],"4":[6,7],"5":[6,7]},"_coverageSchema":"1a1c01bbd47fc00a2c39e90264f33305004495a9","hash":"08a297dad9fd075ff26cb78b0aeb05eac8c853ee"}
,"/app/src/rules/different/index.js": {"path":"/app/src/rules/different/index.js","statementMap":{"0":{"start":{"line":4,"column":18},"end":{"line":16,"column":1}},"1":{"start":{"line":5,"column":55},"end":{"line":5,"column":62}},"2":{"start":{"line":6,"column":23},"end":{"line":6,"column":32}},"3":{"start":{"line":7,"column":28},"end":{"line":7,"column":44}},"4":{"start":{"line":9,"column":20},"end":{"line":9,"column":45}},"5":{"start":{"line":11,"column":4},"end":{"line":13,"column":5}},"6":{"start":{"line":12,"column":8},"end":{"line":12,"column":19}},"7":{"start":{"line":15,"column":4},"end":{"line":15,"column":88}}},"fnMap":{"0":{"name":"(anonymous_0)","decl":{"start":{"line":4,"column":18},"end":{"line":4,"column":19}},"loc":{"start":{"line":4,"column":43},"end":{"line":16,"column":1}},"line":4}},"branchMap":{"0":{"loc":{"start":{"line":4,"column":26},"end":{"line":4,"column":38}},"type":"default-arg","locations":[{"start":{"line":4,"column":36},"end":{"line":4,"column":38}}],"line":4},"1":{"loc":{"start":{"line":5,"column":12},"end":{"line":5,"column":21}},"type":"default-arg","locations":[{"start":{"line":5,"column":19},"end":{"line":5,"column":21}}],"line":5},"2":{"loc":{"start":{"line":5,"column":23},"end":{"line":5,"column":37}},"type":"default-arg","locations":[{"start":{"line":5,"column":33},"end":{"line":5,"column":37}}],"line":5},"3":{"loc":{"start":{"line":5,"column":39},"end":{"line":5,"column":50}},"type":"default-arg","locations":[{"start":{"line":5,"column":48},"end":{"line":5,"column":50}}],"line":5},"4":{"loc":{"start":{"line":11,"column":4},"end":{"line":13,"column":5}},"type":"if","locations":[{"start":{"line":11,"column":4},"end":{"line":13,"column":5}},{"start":{},"end":{}}],"line":11}},"s":{"0":2,"1":4,"2":4,"3":4,"4":4,"5":4,"6":1,"7":3},"f":{"0":4},"b":{"0":[0],"1":[0],"2":[2],"3":[0],"4":[1,3]},"_coverageSchema":"1a1c01bbd47fc00a2c39e90264f33305004495a9","hash":"461223a604584144eab7064fa25904d0ce0c29cd"}
,"/app/src/rules/digits/index.js": {"path":"/app/src/rules/digits/index.js","statementMap":{"0":{"start":{"line":4,"column":15},"end":{"line":18,"column":1}},"1":{"start":{"line":5,"column":44},"end":{"line":5,"column":51}},"2":{"start":{"line":6,"column":23},"end":{"line":6,"column":40}},"3":{"start":{"line":7,"column":21},"end":{"line":7,"column":36}},"4":{"start":{"line":8,"column":19},"end":{"line":8,"column":38}},"5":{"start":{"line":10,"column":20},"end":{"line":11,"column":36}},"6":{"start":{"line":13,"column":4},"end":{"line":15,"column":5}},"7":{"start":{"line":14,"column":8},"end":{"line":14,"column":19}},"8":{"start":{"line":17,"column":4},"end":{"line":17,"column":72}}},"fnMap":{"0":{"name":"(anonymous_0)","decl":{"start":{"line":4,"column":15},"end":{"line":4,"column":16}},"loc":{"start":{"line":4,"column":40},"end":{"line":18,"column":1}},"line":4}},"branchMap":{"0":{"loc":{"start":{"line":4,"column":23},"end":{"line":4,"column":35}},"type":"default-arg","locations":[{"start":{"line":4,"column":33},"end":{"line":4,"column":35}}],"line":4},"1":{"loc":{"start":{"line":5,"column":12},"end":{"line":5,"column":26}},"type":"default-arg","locations":[{"start":{"line":5,"column":22},"end":{"line":5,"column":26}}],"line":5},"2":{"loc":{"start":{"line":5,"column":28},"end":{"line":5,"column":39}},"type":"default-arg","locations":[{"start":{"line":5,"column":37},"end":{"line":5,"column":39}}],"line":5},"3":{"loc":{"start":{"line":10,"column":20},"end":{"line":11,"column":36}},"type":"binary-expr","locations":[{"start":{"line":10,"column":21},"end":{"line":10,"column":51}},{"start":{"line":10,"column":55},"end":{"line":10,"column":83}},{"start":{"line":11,"column":8},"end":{"line":11,"column":36}}],"line":10},"4":{"loc":{"start":{"line":13,"column":4},"end":{"line":15,"column":5}},"type":"if","locations":[{"start":{"line":13,"column":4},"end":{"line":15,"column":5}},{"start":{},"end":{}}],"line":13}},"s":{"0":2,"1":7,"2":7,"3":7,"4":7,"5":7,"6":7,"7":4,"8":3},"f":{"0":7},"b":{"0":[0],"1":[5],"2":[0],"3":[7,2,5],"4":[4,3]},"_coverageSchema":"1a1c01bbd47fc00a2c39e90264f33305004495a9","hash":"d82602020c7d885550e50f6a98832e62f138ed6c"}
,"/app/src/rules/digitsBetween/index.js": {"path":"/app/src/rules/digitsBetween/index.js","statementMap":{"0":{"start":{"line":4,"column":22},"end":{"line":21,"column":1}},"1":{"start":{"line":5,"column":44},"end":{"line":5,"column":51}},"2":{"start":{"line":6,"column":29},"end":{"line":6,"column":35}},"3":{"start":{"line":7,"column":23},"end":{"line":7,"column":40}},"4":{"start":{"line":8,"column":21},"end":{"line":8,"column":36}},"5":{"start":{"line":9,"column":16},"end":{"line":9,"column":40}},"6":{"start":{"line":10,"column":16},"end":{"line":10,"column":40}},"7":{"start":{"line":11,"column":24},"end":{"line":11,"column":41}},"8":{"start":{"line":13,"column":20},"end":{"line":14,"column":48}},"9":{"start":{"line":16,"column":4},"end":{"line":18,"column":5}},"10":{"start":{"line":17,"column":8},"end":{"line":17,"column":19}},"11":{"start":{"line":20,"column":4},"end":{"line":20,"column":81}}},"fnMap":{"0":{"name":"(anonymous_0)","decl":{"start":{"line":4,"column":22},"end":{"line":4,"column":23}},"loc":{"start":{"line":4,"column":47},"end":{"line":21,"column":1}},"line":4}},"branchMap":{"0":{"loc":{"start":{"line":4,"column":30},"end":{"line":4,"column":42}},"type":"default-arg","locations":[{"start":{"line":4,"column":40},"end":{"line":4,"column":42}}],"line":4},"1":{"loc":{"start":{"line":5,"column":12},"end":{"line":5,"column":26}},"type":"default-arg","locations":[{"start":{"line":5,"column":22},"end":{"line":5,"column":26}}],"line":5},"2":{"loc":{"start":{"line":5,"column":28},"end":{"line":5,"column":39}},"type":"default-arg","locations":[{"start":{"line":5,"column":37},"end":{"line":5,"column":39}}],"line":5},"3":{"loc":{"start":{"line":13,"column":20},"end":{"line":14,"column":48}},"type":"binary-expr","locations":[{"start":{"line":13,"column":21},"end":{"line":13,"column":51}},{"start":{"line":13,"column":55},"end":{"line":13,"column":83}},{"start":{"line":14,"column":8},"end":{"line":14,"column":26}},{"start":{"line":14,"column":30},"end":{"line":14,"column":48}}],"line":13},"4":{"loc":{"start":{"line":16,"column":4},"end":{"line":18,"column":5}},"type":"if","locations":[{"start":{"line":16,"column":4},"end":{"line":18,"column":5}},{"start":{},"end":{}}],"line":16}},"s":{"0":2,"1":7,"2":7,"3":7,"4":7,"5":7,"6":7,"7":7,"8":7,"9":7,"10":4,"11":3},"f":{"0":7},"b":{"0":[0],"1":[5],"2":[0],"3":[7,2,5,4],"4":[4,3]},"_coverageSchema":"1a1c01bbd47fc00a2c39e90264f33305004495a9","hash":"e115a394a23cbad9563cd6d1ec6ce0c13c2d46e3"}
,"/app/src/rules/email/index.js": {"path":"/app/src/rules/email/index.js","statementMap":{"0":{"start":{"line":4,"column":14},"end":{"line":15,"column":1}},"1":{"start":{"line":5,"column":24},"end":{"line":5,"column":31}},"2":{"start":{"line":6,"column":18},"end":{"line":6,"column":171}},"3":{"start":{"line":8,"column":20},"end":{"line":8,"column":37}},"4":{"start":{"line":10,"column":4},"end":{"line":12,"column":5}},"5":{"start":{"line":11,"column":8},"end":{"line":11,"column":19}},"6":{"start":{"line":14,"column":4},"end":{"line":14,"column":49}}},"fnMap":{"0":{"name":"(anonymous_0)","decl":{"start":{"line":4,"column":14},"end":{"line":4,"column":15}},"loc":{"start":{"line":4,"column":39},"end":{"line":15,"column":1}},"line":4}},"branchMap":{"0":{"loc":{"start":{"line":4,"column":22},"end":{"line":4,"column":34}},"type":"default-arg","locations":[{"start":{"line":4,"column":32},"end":{"line":4,"column":34}}],"line":4},"1":{"loc":{"start":{"line":10,"column":4},"end":{"line":12,"column":5}},"type":"if","locations":[{"start":{"line":10,"column":4},"end":{"line":12,"column":5}},{"start":{},"end":{}}],"line":10}},"s":{"0":2,"1":6,"2":6,"3":6,"4":6,"5":3,"6":3},"f":{"0":6},"b":{"0":[4],"1":[3,3]},"_coverageSchema":"1a1c01bbd47fc00a2c39e90264f33305004495a9","hash":"2a762cb9e6998b2b3a92a143e1bbb66bf5501735"}
,"/app/src/rules/endsWith/index.js": {"path":"/app/src/rules/endsWith/index.js","statementMap":{"0":{"start":{"line":4,"column":17},"end":{"line":25,"column":1}},"1":{"start":{"line":5,"column":44},"end":{"line":5,"column":51}},"2":{"start":{"line":6,"column":18},"end":{"line":6,"column":23}},"3":{"start":{"line":8,"column":4},"end":{"line":18,"column":5}},"4":{"start":{"line":9,"column":8},"end":{"line":13,"column":9}},"5":{"start":{"line":10,"column":12},"end":{"line":10,"column":56}},"6":{"start":{"line":12,"column":12},"end":{"line":12,"column":49}},"7":{"start":{"line":15,"column":8},"end":{"line":17,"column":9}},"8":{"start":{"line":16,"column":12},"end":{"line":16,"column":18}},"9":{"start":{"line":20,"column":4},"end":{"line":22,"column":5}},"10":{"start":{"line":21,"column":8},"end":{"line":21,"column":19}},"11":{"start":{"line":24,"column":4},"end":{"line":24,"column":81}}},"fnMap":{"0":{"name":"(anonymous_0)","decl":{"start":{"line":4,"column":17},"end":{"line":4,"column":18}},"loc":{"start":{"line":4,"column":42},"end":{"line":25,"column":1}},"line":4}},"branchMap":{"0":{"loc":{"start":{"line":4,"column":25},"end":{"line":4,"column":37}},"type":"default-arg","locations":[{"start":{"line":4,"column":35},"end":{"line":4,"column":37}}],"line":4},"1":{"loc":{"start":{"line":5,"column":12},"end":{"line":5,"column":26}},"type":"default-arg","locations":[{"start":{"line":5,"column":22},"end":{"line":5,"column":26}}],"line":5},"2":{"loc":{"start":{"line":5,"column":28},"end":{"line":5,"column":39}},"type":"default-arg","locations":[{"start":{"line":5,"column":37},"end":{"line":5,"column":39}}],"line":5},"3":{"loc":{"start":{"line":9,"column":8},"end":{"line":13,"column":9}},"type":"if","locations":[{"start":{"line":9,"column":8},"end":{"line":13,"column":9}},{"start":{"line":11,"column":15},"end":{"line":13,"column":9}}],"line":9},"4":{"loc":{"start":{"line":15,"column":8},"end":{"line":17,"column":9}},"type":"if","locations":[{"start":{"line":15,"column":8},"end":{"line":17,"column":9}},{"start":{},"end":{}}],"line":15},"5":{"loc":{"start":{"line":20,"column":4},"end":{"line":22,"column":5}},"type":"if","locations":[{"start":{"line":20,"column":4},"end":{"line":22,"column":5}},{"start":{},"end":{}}],"line":20}},"s":{"0":2,"1":6,"2":6,"3":6,"4":12,"5":4,"6":8,"7":12,"8":3,"9":6,"10":3,"11":3},"f":{"0":6},"b":{"0":[0],"1":[4],"2":[0],"3":[4,8],"4":[3,9],"5":[3,3]},"_coverageSchema":"1a1c01bbd47fc00a2c39e90264f33305004495a9","hash":"b7c768a8361386a470703bb3d0d6fff2cf9db5c6"}
,"/app/src/rules/filled/index.js": {"path":"/app/src/rules/filled/index.js","statementMap":{"0":{"start":{"line":4,"column":15},"end":{"line":14,"column":1}},"1":{"start":{"line":5,"column":24},"end":{"line":5,"column":31}},"2":{"start":{"line":6,"column":26},"end":{"line":6,"column":47}},"3":{"start":{"line":7,"column":20},"end":{"line":7,"column":50}},"4":{"start":{"line":9,"column":4},"end":{"line":11,"column":5}},"5":{"start":{"line":10,"column":8},"end":{"line":10,"column":19}},"6":{"start":{"line":13,"column":4},"end":{"line":13,"column":49}}},"fnMap":{"0":{"name":"(anonymous_0)","decl":{"start":{"line":4,"column":15},"end":{"line":4,"column":16}},"loc":{"start":{"line":4,"column":40},"end":{"line":14,"column":1}},"line":4}},"branchMap":{"0":{"loc":{"start":{"line":4,"column":23},"end":{"line":4,"column":35}},"type":"default-arg","locations":[{"start":{"line":4,"column":33},"end":{"line":4,"column":35}}],"line":4},"1":{"loc":{"start":{"line":9,"column":4},"end":{"line":11,"column":5}},"type":"if","locations":[{"start":{"line":9,"column":4},"end":{"line":11,"column":5}},{"start":{},"end":{}}],"line":9}},"s":{"0":2,"1":8,"2":8,"3":8,"4":8,"5":5,"6":3},"f":{"0":8},"b":{"0":[6],"1":[5,3]},"_coverageSchema":"1a1c01bbd47fc00a2c39e90264f33305004495a9","hash":"a5bf0c643c7cbdb690e45aadbeca1d5b1f39e0fd"}
,"/app/src/rules/gt/index.js": {"path":"/app/src/rules/gt/index.js","statementMap":{"0":{"start":{"line":4,"column":11},"end":{"line":16,"column":1}},"1":{"start":{"line":5,"column":55},"end":{"line":5,"column":62}},"2":{"start":{"line":6,"column":23},"end":{"line":6,"column":32}},"3":{"start":{"line":7,"column":28},"end":{"line":7,"column":44}},"4":{"start":{"line":9,"column":20},"end":{"line":9,"column":43}},"5":{"start":{"line":11,"column":4},"end":{"line":13,"column":5}},"6":{"start":{"line":12,"column":8},"end":{"line":12,"column":19}},"7":{"start":{"line":15,"column":4},"end":{"line":15,"column":88}}},"fnMap":{"0":{"name":"(anonymous_0)","decl":{"start":{"line":4,"column":11},"end":{"line":4,"column":12}},"loc":{"start":{"line":4,"column":36},"end":{"line":16,"column":1}},"line":4}},"branchMap":{"0":{"loc":{"start":{"line":4,"column":19},"end":{"line":4,"column":31}},"type":"default-arg","locations":[{"start":{"line":4,"column":29},"end":{"line":4,"column":31}}],"line":4},"1":{"loc":{"start":{"line":5,"column":12},"end":{"line":5,"column":21}},"type":"default-arg","locations":[{"start":{"line":5,"column":19},"end":{"line":5,"column":21}}],"line":5},"2":{"loc":{"start":{"line":5,"column":23},"end":{"line":5,"column":37}},"type":"default-arg","locations":[{"start":{"line":5,"column":33},"end":{"line":5,"column":37}}],"line":5},"3":{"loc":{"start":{"line":5,"column":39},"end":{"line":5,"column":50}},"type":"default-arg","locations":[{"start":{"line":5,"column":48},"end":{"line":5,"column":50}}],"line":5},"4":{"loc":{"start":{"line":11,"column":4},"end":{"line":13,"column":5}},"type":"if","locations":[{"start":{"line":11,"column":4},"end":{"line":13,"column":5}},{"start":{},"end":{}}],"line":11}},"s":{"0":2,"1":7,"2":7,"3":7,"4":7,"5":7,"6":4,"7":3},"f":{"0":7},"b":{"0":[0],"1":[0],"2":[5],"3":[0],"4":[4,3]},"_coverageSchema":"1a1c01bbd47fc00a2c39e90264f33305004495a9","hash":"8cad0a6e466d17b3e8c0bd39d173f58b9d1c1959"}
,"/app/src/rules/gte/index.js": {"path":"/app/src/rules/gte/index.js","statementMap":{"0":{"start":{"line":4,"column":12},"end":{"line":16,"column":1}},"1":{"start":{"line":5,"column":55},"end":{"line":5,"column":62}},"2":{"start":{"line":6,"column":23},"end":{"line":6,"column":32}},"3":{"start":{"line":7,"column":28},"end":{"line":7,"column":44}},"4":{"start":{"line":9,"column":20},"end":{"line":9,"column":44}},"5":{"start":{"line":11,"column":4},"end":{"line":13,"column":5}},"6":{"start":{"line":12,"column":8},"end":{"line":12,"column":19}},"7":{"start":{"line":15,"column":4},"end":{"line":15,"column":88}}},"fnMap":{"0":{"name":"(anonymous_0)","decl":{"start":{"line":4,"column":12},"end":{"line":4,"column":13}},"loc":{"start":{"line":4,"column":37},"end":{"line":16,"column":1}},"line":4}},"branchMap":{"0":{"loc":{"start":{"line":4,"column":20},"end":{"line":4,"column":32}},"type":"default-arg","locations":[{"start":{"line":4,"column":30},"end":{"line":4,"column":32}}],"line":4},"1":{"loc":{"start":{"line":5,"column":12},"end":{"line":5,"column":21}},"type":"default-arg","locations":[{"start":{"line":5,"column":19},"end":{"line":5,"column":21}}],"line":5},"2":{"loc":{"start":{"line":5,"column":23},"end":{"line":5,"column":37}},"type":"default-arg","locations":[{"start":{"line":5,"column":33},"end":{"line":5,"column":37}}],"line":5},"3":{"loc":{"start":{"line":5,"column":39},"end":{"line":5,"column":50}},"type":"default-arg","locations":[{"start":{"line":5,"column":48},"end":{"line":5,"column":50}}],"line":5},"4":{"loc":{"start":{"line":11,"column":4},"end":{"line":13,"column":5}},"type":"if","locations":[{"start":{"line":11,"column":4},"end":{"line":13,"column":5}},{"start":{},"end":{}}],"line":11}},"s":{"0":2,"1":7,"2":7,"3":7,"4":7,"5":7,"6":4,"7":3},"f":{"0":7},"b":{"0":[0],"1":[0],"2":[5],"3":[0],"4":[4,3]},"_coverageSchema":"1a1c01bbd47fc00a2c39e90264f33305004495a9","hash":"f06f1cda9abad92585a265c135e6e5fec35243bf"}
,"/app/src/rules/in/index.js": {"path":"/app/src/rules/in/index.js","statementMap":{"0":{"start":{"line":4,"column":12},"end":{"line":13,"column":1}},"1":{"start":{"line":5,"column":44},"end":{"line":5,"column":51}},"2":{"start":{"line":6,"column":20},"end":{"line":6,"column":42}},"3":{"start":{"line":8,"column":4},"end":{"line":10,"column":5}},"4":{"start":{"line":9,"column":8},"end":{"line":9,"column":19}},"5":{"start":{"line":12,"column":4},"end":{"line":12,"column":81}}},"fnMap":{"0":{"name":"(anonymous_0)","decl":{"start":{"line":4,"column":12},"end":{"line":4,"column":13}},"loc":{"start":{"line":4,"column":37},"end":{"line":13,"column":1}},"line":4}},"branchMap":{"0":{"loc":{"start":{"line":4,"column":20},"end":{"line":4,"column":32}},"type":"default-arg","locations":[{"start":{"line":4,"column":30},"end":{"line":4,"column":32}}],"line":4},"1":{"loc":{"start":{"line":5,"column":12},"end":{"line":5,"column":26}},"type":"default-arg","locations":[{"start":{"line":5,"column":22},"end":{"line":5,"column":26}}],"line":5},"2":{"loc":{"start":{"line":5,"column":28},"end":{"line":5,"column":39}},"type":"default-arg","locations":[{"start":{"line":5,"column":37},"end":{"line":5,"column":39}}],"line":5},"3":{"loc":{"start":{"line":8,"column":4},"end":{"line":10,"column":5}},"type":"if","locations":[{"start":{"line":8,"column":4},"end":{"line":10,"column":5}},{"start":{},"end":{}}],"line":8}},"s":{"0":2,"1":5,"2":5,"3":5,"4":2,"5":3},"f":{"0":5},"b":{"0":[0],"1":[3],"2":[0],"3":[2,3]},"_coverageSchema":"1a1c01bbd47fc00a2c39e90264f33305004495a9","hash":"92007812351e676277d10e477bff07fefcb45014"}
,"/app/src/rules/inArray/index.js": {"path":"/app/src/rules/inArray/index.js","statementMap":{"0":{"start":{"line":4,"column":16},"end":{"line":16,"column":1}},"1":{"start":{"line":5,"column":55},"end":{"line":5,"column":62}},"2":{"start":{"line":6,"column":23},"end":{"line":6,"column":32}},"3":{"start":{"line":7,"column":28},"end":{"line":7,"column":44}},"4":{"start":{"line":9,"column":20},"end":{"line":9,"column":85}},"5":{"start":{"line":11,"column":4},"end":{"line":13,"column":5}},"6":{"start":{"line":12,"column":8},"end":{"line":12,"column":19}},"7":{"start":{"line":15,"column":4},"end":{"line":15,"column":90}}},"fnMap":{"0":{"name":"(anonymous_0)","decl":{"start":{"line":4,"column":16},"end":{"line":4,"column":17}},"loc":{"start":{"line":4,"column":41},"end":{"line":16,"column":1}},"line":4}},"branchMap":{"0":{"loc":{"start":{"line":4,"column":24},"end":{"line":4,"column":36}},"type":"default-arg","locations":[{"start":{"line":4,"column":34},"end":{"line":4,"column":36}}],"line":4},"1":{"loc":{"start":{"line":5,"column":12},"end":{"line":5,"column":21}},"type":"default-arg","locations":[{"start":{"line":5,"column":19},"end":{"line":5,"column":21}}],"line":5},"2":{"loc":{"start":{"line":5,"column":23},"end":{"line":5,"column":37}},"type":"default-arg","locations":[{"start":{"line":5,"column":33},"end":{"line":5,"column":37}}],"line":5},"3":{"loc":{"start":{"line":5,"column":39},"end":{"line":5,"column":50}},"type":"default-arg","locations":[{"start":{"line":5,"column":48},"end":{"line":5,"column":50}}],"line":5},"4":{"loc":{"start":{"line":9,"column":20},"end":{"line":9,"column":85}},"type":"binary-expr","locations":[{"start":{"line":9,"column":20},"end":{"line":9,"column":50}},{"start":{"line":9,"column":54},"end":{"line":9,"column":85}}],"line":9},"5":{"loc":{"start":{"line":11,"column":4},"end":{"line":13,"column":5}},"type":"if","locations":[{"start":{"line":11,"column":4},"end":{"line":13,"column":5}},{"start":{},"end":{}}],"line":11}},"s":{"0":2,"1":5,"2":5,"3":5,"4":5,"5":5,"6":2,"7":3},"f":{"0":5},"b":{"0":[0],"1":[0],"2":[3],"3":[0],"4":[5,5],"5":[2,3]},"_coverageSchema":"1a1c01bbd47fc00a2c39e90264f33305004495a9","hash":"448fad5717ee8ae8fe68671aeaf5e5d1373d9491"}
,"/app/src/rules/integer/index.js": {"path":"/app/src/rules/integer/index.js","statementMap":{"0":{"start":{"line":4,"column":16},"end":{"line":13,"column":1}},"1":{"start":{"line":5,"column":24},"end":{"line":5,"column":31}},"2":{"start":{"line":6,"column":20},"end":{"line":6,"column":45}},"3":{"start":{"line":8,"column":4},"end":{"line":10,"column":5}},"4":{"start":{"line":9,"column":8},"end":{"line":9,"column":19}},"5":{"start":{"line":12,"column":4},"end":{"line":12,"column":49}}},"fnMap":{"0":{"name":"(anonymous_0)","decl":{"start":{"line":4,"column":16},"end":{"line":4,"column":17}},"loc":{"start":{"line":4,"column":41},"end":{"line":13,"column":1}},"line":4}},"branchMap":{"0":{"loc":{"start":{"line":4,"column":24},"end":{"line":4,"column":36}},"type":"default-arg","locations":[{"start":{"line":4,"column":34},"end":{"line":4,"column":36}}],"line":4},"1":{"loc":{"start":{"line":8,"column":4},"end":{"line":10,"column":5}},"type":"if","locations":[{"start":{"line":8,"column":4},"end":{"line":10,"column":5}},{"start":{},"end":{}}],"line":8}},"s":{"0":2,"1":4,"2":4,"3":4,"4":1,"5":3},"f":{"0":4},"b":{"0":[2],"1":[1,3]},"_coverageSchema":"1a1c01bbd47fc00a2c39e90264f33305004495a9","hash":"deb2bb6f44dbd6d1b33b28ef200fb51886468f55"}
,"/app/src/rules/lt/index.js": {"path":"/app/src/rules/lt/index.js","statementMap":{"0":{"start":{"line":4,"column":11},"end":{"line":16,"column":1}},"1":{"start":{"line":5,"column":55},"end":{"line":5,"column":62}},"2":{"start":{"line":6,"column":23},"end":{"line":6,"column":32}},"3":{"start":{"line":7,"column":28},"end":{"line":7,"column":44}},"4":{"start":{"line":9,"column":20},"end":{"line":9,"column":43}},"5":{"start":{"line":11,"column":4},"end":{"line":13,"column":5}},"6":{"start":{"line":12,"column":8},"end":{"line":12,"column":19}},"7":{"start":{"line":15,"column":4},"end":{"line":15,"column":88}}},"fnMap":{"0":{"name":"(anonymous_0)","decl":{"start":{"line":4,"column":11},"end":{"line":4,"column":12}},"loc":{"start":{"line":4,"column":36},"end":{"line":16,"column":1}},"line":4}},"branchMap":{"0":{"loc":{"start":{"line":4,"column":19},"end":{"line":4,"column":31}},"type":"default-arg","locations":[{"start":{"line":4,"column":29},"end":{"line":4,"column":31}}],"line":4},"1":{"loc":{"start":{"line":5,"column":12},"end":{"line":5,"column":21}},"type":"default-arg","locations":[{"start":{"line":5,"column":19},"end":{"line":5,"column":21}}],"line":5},"2":{"loc":{"start":{"line":5,"column":23},"end":{"line":5,"column":37}},"type":"default-arg","locations":[{"start":{"line":5,"column":33},"end":{"line":5,"column":37}}],"line":5},"3":{"loc":{"start":{"line":5,"column":39},"end":{"line":5,"column":50}},"type":"default-arg","locations":[{"start":{"line":5,"column":48},"end":{"line":5,"column":50}}],"line":5},"4":{"loc":{"start":{"line":11,"column":4},"end":{"line":13,"column":5}},"type":"if","locations":[{"start":{"line":11,"column":4},"end":{"line":13,"column":5}},{"start":{},"end":{}}],"line":11}},"s":{"0":2,"1":7,"2":7,"3":7,"4":7,"5":7,"6":4,"7":3},"f":{"0":7},"b":{"0":[0],"1":[0],"2":[5],"3":[0],"4":[4,3]},"_coverageSchema":"1a1c01bbd47fc00a2c39e90264f33305004495a9","hash":"0cb3ed3ccfd54bbe87b26138f246e9b83330a775"}
,"/app/src/rules/lte/index.js": {"path":"/app/src/rules/lte/index.js","statementMap":{"0":{"start":{"line":4,"column":12},"end":{"line":16,"column":1}},"1":{"start":{"line":5,"column":55},"end":{"line":5,"column":62}},"2":{"start":{"line":6,"column":23},"end":{"line":6,"column":32}},"3":{"start":{"line":7,"column":28},"end":{"line":7,"column":44}},"4":{"start":{"line":9,"column":20},"end":{"line":9,"column":44}},"5":{"start":{"line":11,"column":4},"end":{"line":13,"column":5}},"6":{"start":{"line":12,"column":8},"end":{"line":12,"column":19}},"7":{"start":{"line":15,"column":4},"end":{"line":15,"column":88}}},"fnMap":{"0":{"name":"(anonymous_0)","decl":{"start":{"line":4,"column":12},"end":{"line":4,"column":13}},"loc":{"start":{"line":4,"column":37},"end":{"line":16,"column":1}},"line":4}},"branchMap":{"0":{"loc":{"start":{"line":4,"column":20},"end":{"line":4,"column":32}},"type":"default-arg","locations":[{"start":{"line":4,"column":30},"end":{"line":4,"column":32}}],"line":4},"1":{"loc":{"start":{"line":5,"column":12},"end":{"line":5,"column":21}},"type":"default-arg","locations":[{"start":{"line":5,"column":19},"end":{"line":5,"column":21}}],"line":5},"2":{"loc":{"start":{"line":5,"column":23},"end":{"line":5,"column":37}},"type":"default-arg","locations":[{"start":{"line":5,"column":33},"end":{"line":5,"column":37}}],"line":5},"3":{"loc":{"start":{"line":5,"column":39},"end":{"line":5,"column":50}},"type":"default-arg","locations":[{"start":{"line":5,"column":48},"end":{"line":5,"column":50}}],"line":5},"4":{"loc":{"start":{"line":11,"column":4},"end":{"line":13,"column":5}},"type":"if","locations":[{"start":{"line":11,"column":4},"end":{"line":13,"column":5}},{"start":{},"end":{}}],"line":11}},"s":{"0":2,"1":7,"2":7,"3":7,"4":7,"5":7,"6":4,"7":3},"f":{"0":7},"b":{"0":[0],"1":[0],"2":[5],"3":[0],"4":[4,3]},"_coverageSchema":"1a1c01bbd47fc00a2c39e90264f33305004495a9","hash":"ce92032e7d506f4797680261eb842ef465c9cc4f"}
,"/app/src/rules/max/index.js": {"path":"/app/src/rules/max/index.js","statementMap":{"0":{"start":{"line":4,"column":12},"end":{"line":15,"column":1}},"1":{"start":{"line":5,"column":44},"end":{"line":5,"column":51}},"2":{"start":{"line":6,"column":21},"end":{"line":6,"column":42}},"3":{"start":{"line":8,"column":20},"end":{"line":8,"column":37}},"4":{"start":{"line":10,"column":4},"end":{"line":12,"column":5}},"5":{"start":{"line":11,"column":8},"end":{"line":11,"column":19}},"6":{"start":{"line":14,"column":4},"end":{"line":14,"column":71}}},"fnMap":{"0":{"name":"(anonymous_0)","decl":{"start":{"line":4,"column":12},"end":{"line":4,"column":13}},"loc":{"start":{"line":4,"column":37},"end":{"line":15,"column":1}},"line":4}},"branchMap":{"0":{"loc":{"start":{"line":4,"column":20},"end":{"line":4,"column":32}},"type":"default-arg","locations":[{"start":{"line":4,"column":30},"end":{"line":4,"column":32}}],"line":4},"1":{"loc":{"start":{"line":5,"column":12},"end":{"line":5,"column":26}},"type":"default-arg","locations":[{"start":{"line":5,"column":22},"end":{"line":5,"column":26}}],"line":5},"2":{"loc":{"start":{"line":5,"column":28},"end":{"line":5,"column":39}},"type":"default-arg","locations":[{"start":{"line":5,"column":37},"end":{"line":5,"column":39}}],"line":5},"3":{"loc":{"start":{"line":10,"column":4},"end":{"line":12,"column":5}},"type":"if","locations":[{"start":{"line":10,"column":4},"end":{"line":12,"column":5}},{"start":{},"end":{}}],"line":10}},"s":{"0":2,"1":5,"2":5,"3":5,"4":5,"5":2,"6":3},"f":{"0":5},"b":{"0":[0],"1":[3],"2":[0],"3":[2,3]},"_coverageSchema":"1a1c01bbd47fc00a2c39e90264f33305004495a9","hash":"4ca26432e1eec2627d0d06b2b5eb52df60fa8177"}
,"/app/src/rules/min/index.js": {"path":"/app/src/rules/min/index.js","statementMap":{"0":{"start":{"line":4,"column":12},"end":{"line":15,"column":1}},"1":{"start":{"line":5,"column":44},"end":{"line":5,"column":51}},"2":{"start":{"line":6,"column":21},"end":{"line":6,"column":42}},"3":{"start":{"line":8,"column":20},"end":{"line":8,"column":37}},"4":{"start":{"line":10,"column":4},"end":{"line":12,"column":5}},"5":{"start":{"line":11,"column":8},"end":{"line":11,"column":19}},"6":{"start":{"line":14,"column":4},"end":{"line":14,"column":71}}},"fnMap":{"0":{"name":"(anonymous_0)","decl":{"start":{"line":4,"column":12},"end":{"line":4,"column":13}},"loc":{"start":{"line":4,"column":37},"end":{"line":15,"column":1}},"line":4}},"branchMap":{"0":{"loc":{"start":{"line":4,"column":20},"end":{"line":4,"column":32}},"type":"default-arg","locations":[{"start":{"line":4,"column":30},"end":{"line":4,"column":32}}],"line":4},"1":{"loc":{"start":{"line":5,"column":12},"end":{"line":5,"column":26}},"type":"default-arg","locations":[{"start":{"line":5,"column":22},"end":{"line":5,"column":26}}],"line":5},"2":{"loc":{"start":{"line":5,"column":28},"end":{"line":5,"column":39}},"type":"default-arg","locations":[{"start":{"line":5,"column":37},"end":{"line":5,"column":39}}],"line":5},"3":{"loc":{"start":{"line":10,"column":4},"end":{"line":12,"column":5}},"type":"if","locations":[{"start":{"line":10,"column":4},"end":{"line":12,"column":5}},{"start":{},"end":{}}],"line":10}},"s":{"0":2,"1":5,"2":5,"3":5,"4":5,"5":2,"6":3},"f":{"0":5},"b":{"0":[0],"1":[3],"2":[0],"3":[2,3]},"_coverageSchema":"1a1c01bbd47fc00a2c39e90264f33305004495a9","hash":"6bbe4810d474e7e971f8445f9e9de6952e68277b"}
,"/app/src/rules/notIn/index.js": {"path":"/app/src/rules/notIn/index.js","statementMap":{"0":{"start":{"line":4,"column":14},"end":{"line":13,"column":1}},"1":{"start":{"line":5,"column":44},"end":{"line":5,"column":51}},"2":{"start":{"line":6,"column":20},"end":{"line":6,"column":43}},"3":{"start":{"line":8,"column":4},"end":{"line":10,"column":5}},"4":{"start":{"line":9,"column":8},"end":{"line":9,"column":19}},"5":{"start":{"line":12,"column":4},"end":{"line":12,"column":81}}},"fnMap":{"0":{"name":"(anonymous_0)","decl":{"start":{"line":4,"column":14},"end":{"line":4,"column":15}},"loc":{"start":{"line":4,"column":39},"end":{"line":13,"column":1}},"line":4}},"branchMap":{"0":{"loc":{"start":{"line":4,"column":22},"end":{"line":4,"column":34}},"type":"default-arg","locations":[{"start":{"line":4,"column":32},"end":{"line":4,"column":34}}],"line":4},"1":{"loc":{"start":{"line":5,"column":12},"end":{"line":5,"column":26}},"type":"default-arg","locations":[{"start":{"line":5,"column":22},"end":{"line":5,"column":26}}],"line":5},"2":{"loc":{"start":{"line":5,"column":28},"end":{"line":5,"column":39}},"type":"default-arg","locations":[{"start":{"line":5,"column":37},"end":{"line":5,"column":39}}],"line":5},"3":{"loc":{"start":{"line":8,"column":4},"end":{"line":10,"column":5}},"type":"if","locations":[{"start":{"line":8,"column":4},"end":{"line":10,"column":5}},{"start":{},"end":{}}],"line":8}},"s":{"0":2,"1":5,"2":5,"3":5,"4":2,"5":3},"f":{"0":5},"b":{"0":[0],"1":[3],"2":[0],"3":[2,3]},"_coverageSchema":"1a1c01bbd47fc00a2c39e90264f33305004495a9","hash":"45268a66337cc607ad3b3512d209ce4f612defbd"}
,"/app/src/rules/notRegex/index.js": {"path":"/app/src/rules/notRegex/index.js","statementMap":{"0":{"start":{"line":4,"column":17},"end":{"line":15,"column":1}},"1":{"start":{"line":5,"column":44},"end":{"line":5,"column":51}},"2":{"start":{"line":6,"column":18},"end":{"line":6,"column":44}},"3":{"start":{"line":8,"column":20},"end":{"line":8,"column":43}},"4":{"start":{"line":10,"column":4},"end":{"line":12,"column":5}},"5":{"start":{"line":11,"column":8},"end":{"line":11,"column":19}},"6":{"start":{"line":14,"column":4},"end":{"line":14,"column":49}}},"fnMap":{"0":{"name":"(anonymous_0)","decl":{"start":{"line":4,"column":17},"end":{"line":4,"column":18}},"loc":{"start":{"line":4,"column":42},"end":{"line":15,"column":1}},"line":4}},"branchMap":{"0":{"loc":{"start":{"line":4,"column":25},"end":{"line":4,"column":37}},"type":"default-arg","locations":[{"start":{"line":4,"column":35},"end":{"line":4,"column":37}}],"line":4},"1":{"loc":{"start":{"line":5,"column":12},"end":{"line":5,"column":26}},"type":"default-arg","locations":[{"start":{"line":5,"column":22},"end":{"line":5,"column":26}}],"line":5},"2":{"loc":{"start":{"line":5,"column":28},"end":{"line":5,"column":39}},"type":"default-arg","locations":[{"start":{"line":5,"column":37},"end":{"line":5,"column":39}}],"line":5},"3":{"loc":{"start":{"line":10,"column":4},"end":{"line":12,"column":5}},"type":"if","locations":[{"start":{"line":10,"column":4},"end":{"line":12,"column":5}},{"start":{},"end":{}}],"line":10}},"s":{"0":2,"1":5,"2":5,"3":5,"4":5,"5":2,"6":3},"f":{"0":5},"b":{"0":[0],"1":[3],"2":[0],"3":[2,3]},"_coverageSchema":"1a1c01bbd47fc00a2c39e90264f33305004495a9","hash":"789a3909c829d93ee01857ba136a9f7422d3c837"}
,"/app/src/rules/nullable/index.js": {"path":"/app/src/rules/nullable/index.js","statementMap":{"0":{"start":{"line":1,"column":17},"end":{"line":9,"column":1}},"1":{"start":{"line":2,"column":40},"end":{"line":2,"column":47}},"2":{"start":{"line":4,"column":4},"end":{"line":6,"column":5}},"3":{"start":{"line":5,"column":8},"end":{"line":5,"column":26}},"4":{"start":{"line":8,"column":4},"end":{"line":8,"column":15}}},"fnMap":{"0":{"name":"(anonymous_0)","decl":{"start":{"line":1,"column":17},"end":{"line":1,"column":18}},"loc":{"start":{"line":1,"column":42},"end":{"line":9,"column":1}},"line":1}},"branchMap":{"0":{"loc":{"start":{"line":1,"column":25},"end":{"line":1,"column":37}},"type":"default-arg","locations":[{"start":{"line":1,"column":35},"end":{"line":1,"column":37}}],"line":1},"1":{"loc":{"start":{"line":2,"column":12},"end":{"line":2,"column":21}},"type":"default-arg","locations":[{"start":{"line":2,"column":19},"end":{"line":2,"column":21}}],"line":2},"2":{"loc":{"start":{"line":2,"column":23},"end":{"line":2,"column":35}},"type":"default-arg","locations":[{"start":{"line":2,"column":31},"end":{"line":2,"column":35}}],"line":2},"3":{"loc":{"start":{"line":4,"column":4},"end":{"line":6,"column":5}},"type":"if","locations":[{"start":{"line":4,"column":4},"end":{"line":6,"column":5}},{"start":{},"end":{}}],"line":4},"4":{"loc":{"start":{"line":4,"column":8},"end":{"line":4,"column":42}},"type":"binary-expr","locations":[{"start":{"line":4,"column":8},"end":{"line":4,"column":13}},{"start":{"line":4,"column":17},"end":{"line":4,"column":42}}],"line":4}},"s":{"0":2,"1":2,"2":2,"3":1,"4":2},"f":{"0":2},"b":{"0":[0],"1":[0],"2":[0],"3":[1,1],"4":[2,2]},"_coverageSchema":"1a1c01bbd47fc00a2c39e90264f33305004495a9","hash":"eb63ddf6449ca99c24db2b3100c4a76dd03c4662"}
,"/app/src/rules/numeric/index.js": {"path":"/app/src/rules/numeric/index.js","statementMap":{"0":{"start":{"line":4,"column":16},"end":{"line":13,"column":1}},"1":{"start":{"line":5,"column":24},"end":{"line":5,"column":31}},"2":{"start":{"line":6,"column":20},"end":{"line":6,"column":33}},"3":{"start":{"line":8,"column":4},"end":{"line":10,"column":5}},"4":{"start":{"line":9,"column":8},"end":{"line":9,"column":19}},"5":{"start":{"line":12,"column":4},"end":{"line":12,"column":49}}},"fnMap":{"0":{"name":"(anonymous_0)","decl":{"start":{"line":4,"column":16},"end":{"line":4,"column":17}},"loc":{"start":{"line":4,"column":41},"end":{"line":13,"column":1}},"line":4}},"branchMap":{"0":{"loc":{"start":{"line":4,"column":24},"end":{"line":4,"column":36}},"type":"default-arg","locations":[{"start":{"line":4,"column":34},"end":{"line":4,"column":36}}],"line":4},"1":{"loc":{"start":{"line":8,"column":4},"end":{"line":10,"column":5}},"type":"if","locations":[{"start":{"line":8,"column":4},"end":{"line":10,"column":5}},{"start":{},"end":{}}],"line":8}},"s":{"0":2,"1":11,"2":11,"3":11,"4":4,"5":7},"f":{"0":11},"b":{"0":[5],"1":[4,7]},"_coverageSchema":"1a1c01bbd47fc00a2c39e90264f33305004495a9","hash":"21b65360d6304ad05bfd974256a38a1b0758e470"}
[...]
,"/app/src/rules/requiredWith/index.js": {"path":"/app/src/rules/requiredWith/index.js","statementMap":{"0":{"start":{"line":4,"column":21},"end":{"line":21,"column":1}},"1":{"start":{"line":5,"column":55},"end":{"line":5,"column":62}},"2":{"start":{"line":6,"column":21},"end":{"line":6,"column":26}},"3":{"start":{"line":8,"column":4},"end":{"line":14,"column":5}},"4":{"start":{"line":9,"column":8},"end":{"line":9,"column":48}},"5":{"start":{"line":11,"column":8},"end":{"line":13,"column":9}},"6":{"start":{"line":12,"column":12},"end":{"line":12,"column":17}},"7":{"start":{"line":16,"column":4},"end":{"line":18,"column":5}},"8":{"start":{"line":17,"column":8},"end":{"line":17,"column":19}},"9":{"start":{"line":20,"column":4},"end":{"line":20,"column":39}}},"fnMap":{"0":{"name":"(anonymous_0)","decl":{"start":{"line":4,"column":21},"end":{"line":4,"column":22}},"loc":{"start":{"line":4,"column":46},"end":{"line":21,"column":1}},"line":4}},"branchMap":{"0":{"loc":{"start":{"line":4,"column":29},"end":{"line":4,"column":41}},"type":"default-arg","locations":[{"start":{"line":4,"column":39},"end":{"line":4,"column":41}}],"line":4},"1":{"loc":{"start":{"line":5,"column":12},"end":{"line":5,"column":21}},"type":"default-arg","locations":[{"start":{"line":5,"column":19},"end":{"line":5,"column":21}}],"line":5},"2":{"loc":{"start":{"line":5,"column":23},"end":{"line":5,"column":37}},"type":"default-arg","locations":[{"start":{"line":5,"column":33},"end":{"line":5,"column":37}}],"line":5},"3":{"loc":{"start":{"line":5,"column":39},"end":{"line":5,"column":50}},"type":"default-arg","locations":[{"start":{"line":5,"column":48},"end":{"line":5,"column":50}}],"line":5},"4":{"loc":{"start":{"line":11,"column":8},"end":{"line":13,"column":9}},"type":"if","locations":[{"start":{"line":11,"column":8},"end":{"line":13,"column":9}},{"start":{},"end":{}}],"line":11},"5":{"loc":{"start":{"line":16,"column":4},"end":{"line":18,"column":5}},"type":"if","locations":[{"start":{"line":16,"column":4},"end":{"line":18,"column":5}},{"start":{},"end":{}}],"line":16}},"s":{"0":2,"1":9,"2":9,"3":9,"4":9,"5":9,"6":8,"7":9,"8":1,"9":8},"f":{"0":9},"b":{"0":[0],"1":[0],"2":[7],"3":[0],"4":[8,1],"5":[1,8]},"_coverageSchema":"1a1c01bbd47fc00a2c39e90264f33305004495a9","hash":"84a720589c34aa6e5072619cc6ff3c43c9270ebb"}
,"/app/src/rules/requiredWithAll/index.js": {"path":"/app/src/rules/requiredWithAll/index.js","statementMap":{"0":{"start":{"line":4,"column":24},"end":{"line":21,"column":1}},"1":{"start":{"line":5,"column":55},"end":{"line":5,"column":62}},"2":{"start":{"line":6,"column":21},"end":{"line":6,"column":25}},"3":{"start":{"line":8,"column":4},"end":{"line":14,"column":5}},"4":{"start":{"line":9,"column":8},"end":{"line":9,"column":48}},"5":{"start":{"line":11,"column":8},"end":{"line":13,"column":9}},"6":{"start":{"line":12,"column":12},"end":{"line":12,"column":17}},"7":{"start":{"line":16,"column":4},"end":{"line":18,"column":5}},"8":{"start":{"line":17,"column":8},"end":{"line":17,"column":19}},"9":{"start":{"line":20,"column":4},"end":{"line":20,"column":39}}},"fnMap":{"0":{"name":"(anonymous_0)","decl":{"start":{"line":4,"column":24},"end":{"line":4,"column":25}},"loc":{"start":{"line":4,"column":49},"end":{"line":21,"column":1}},"line":4}},"branchMap":{"0":{"loc":{"start":{"line":4,"column":32},"end":{"line":4,"column":44}},"type":"default-arg","locations":[{"start":{"line":4,"column":42},"end":{"line":4,"column":44}}],"line":4},"1":{"loc":{"start":{"line":5,"column":12},"end":{"line":5,"column":21}},"type":"default-arg","locations":[{"start":{"line":5,"column":19},"end":{"line":5,"column":21}}],"line":5},"2":{"loc":{"start":{"line":5,"column":23},"end":{"line":5,"column":37}},"type":"default-arg","locations":[{"start":{"line":5,"column":33},"end":{"line":5,"column":37}}],"line":5},"3":{"loc":{"start":{"line":5,"column":39},"end":{"line":5,"column":50}},"type":"default-arg","locations":[{"start":{"line":5,"column":48},"end":{"line":5,"column":50}}],"line":5},"4":{"loc":{"start":{"line":11,"column":8},"end":{"line":13,"column":9}},"type":"if","locations":[{"start":{"line":11,"column":8},"end":{"line":13,"column":9}},{"start":{},"end":{}}],"line":11},"5":{"loc":{"start":{"line":16,"column":4},"end":{"line":18,"column":5}},"type":"if","locations":[{"start":{"line":16,"column":4},"end":{"line":18,"column":5}},{"start":{},"end":{}}],"line":16}},"s":{"0":2,"1":8,"2":8,"3":8,"4":16,"5":16,"6":1,"7":8,"8":1,"9":7},"f":{"0":8},"b":{"0":[0],"1":[0],"2":[6],"3":[0],"4":[1,15],"5":[1,7]},"_coverageSchema":"1a1c01bbd47fc00a2c39e90264f33305004495a9","hash":"dfcfebdf548ea8ad1fc95aa8e2ff948828b27dcb"}
,"/app/src/rules/requiredWithout/index.js": {"path":"/app/src/rules/requiredWithout/index.js","statementMap":{"0":{"start":{"line":4,"column":24},"end":{"line":21,"column":1}},"1":{"start":{"line":5,"column":55},"end":{"line":5,"column":62}},"2":{"start":{"line":6,"column":21},"end":{"line":6,"column":26}},"3":{"start":{"line":8,"column":4},"end":{"line":14,"column":5}},"4":{"start":{"line":9,"column":8},"end":{"line":9,"column":47}},"5":{"start":{"line":11,"column":8},"end":{"line":13,"column":9}},"6":{"start":{"line":12,"column":12},"end":{"line":12,"column":17}},"7":{"start":{"line":16,"column":4},"end":{"line":18,"column":5}},"8":{"start":{"line":17,"column":8},"end":{"line":17,"column":19}},"9":{"start":{"line":20,"column":4},"end":{"line":20,"column":39}}},"fnMap":{"0":{"name":"(anonymous_0)","decl":{"start":{"line":4,"column":24},"end":{"line":4,"column":25}},"loc":{"start":{"line":4,"column":49},"end":{"line":21,"column":1}},"line":4}},"branchMap":{"0":{"loc":{"start":{"line":4,"column":32},"end":{"line":4,"column":44}},"type":"default-arg","locations":[{"start":{"line":4,"column":42},"end":{"line":4,"column":44}}],"line":4},"1":{"loc":{"start":{"line":5,"column":12},"end":{"line":5,"column":21}},"type":"default-arg","locations":[{"start":{"line":5,"column":19},"end":{"line":5,"column":21}}],"line":5},"2":{"loc":{"start":{"line":5,"column":23},"end":{"line":5,"column":37}},"type":"default-arg","locations":[{"start":{"line":5,"column":33},"end":{"line":5,"column":37}}],"line":5},"3":{"loc":{"start":{"line":5,"column":39},"end":{"line":5,"column":50}},"type":"default-arg","locations":[{"start":{"line":5,"column":48},"end":{"line":5,"column":50}}],"line":5},"4":{"loc":{"start":{"line":11,"column":8},"end":{"line":13,"column":9}},"type":"if","locations":[{"start":{"line":11,"column":8},"end":{"line":13,"column":9}},{"start":{},"end":{}}],"line":11},"5":{"loc":{"start":{"line":16,"column":4},"end":{"line":18,"column":5}},"type":"if","locations":[{"start":{"line":16,"column":4},"end":{"line":18,"column":5}},{"start":{},"end":{}}],"line":16}},"s":{"0":2,"1":8,"2":8,"3":8,"4":8,"5":8,"6":7,"7":8,"8":1,"9":7},"f":{"0":8},"b":{"0":[0],"1":[0],"2":[6],"3":[0],"4":[7,1],"5":[1,7]},"_coverageSchema":"1a1c01bbd47fc00a2c39e90264f33305004495a9","hash":"30ce913a731d42f1be6ebd9e3d1f348f4d9401d6"}
,"/app/src/rules/requiredWithoutAll/index.js": {"path":"/app/src/rules/requiredWithoutAll/index.js","statementMap":{"0":{"start":{"line":4,"column":27},"end":{"line":21,"column":1}},"1":{"start":{"line":5,"column":55},"end":{"line":5,"column":62}},"2":{"start":{"line":6,"column":21},"end":{"line":6,"column":26}},"3":{"start":{"line":8,"column":4},"end":{"line":14,"column":5}},"4":{"start":{"line":9,"column":8},"end":{"line":9,"column":47}},"5":{"start":{"line":11,"column":8},"end":{"line":13,"column":9}},"6":{"start":{"line":12,"column":12},"end":{"line":12,"column":17}},"7":{"start":{"line":16,"column":4},"end":{"line":18,"column":5}},"8":{"start":{"line":17,"column":8},"end":{"line":17,"column":19}},"9":{"start":{"line":20,"column":4},"end":{"line":20,"column":39}}},"fnMap":{"0":{"name":"(anonymous_0)","decl":{"start":{"line":4,"column":27},"end":{"line":4,"column":28}},"loc":{"start":{"line":4,"column":52},"end":{"line":21,"column":1}},"line":4}},"branchMap":{"0":{"loc":{"start":{"line":4,"column":35},"end":{"line":4,"column":47}},"type":"default-arg","locations":[{"start":{"line":4,"column":45},"end":{"line":4,"column":47}}],"line":4},"1":{"loc":{"start":{"line":5,"column":12},"end":{"line":5,"column":21}},"type":"default-arg","locations":[{"start":{"line":5,"column":19},"end":{"line":5,"column":21}}],"line":5},"2":{"loc":{"start":{"line":5,"column":23},"end":{"line":5,"column":37}},"type":"default-arg","locations":[{"start":{"line":5,"column":33},"end":{"line":5,"column":37}}],"line":5},"3":{"loc":{"start":{"line":5,"column":39},"end":{"line":5,"column":50}},"type":"default-arg","locations":[{"start":{"line":5,"column":48},"end":{"line":5,"column":50}}],"line":5},"4":{"loc":{"start":{"line":11,"column":8},"end":{"line":13,"column":9}},"type":"if","locations":[{"start":{"line":11,"column":8},"end":{"line":13,"column":9}},{"start":{},"end":{}}],"line":11},"5":{"loc":{"start":{"line":16,"column":4},"end":{"line":18,"column":5}},"type":"if","locations":[{"start":{"line":16,"column":4},"end":{"line":18,"column":5}},{"start":{},"end":{}}],"line":16}},"s":{"0":2,"1":8,"2":8,"3":8,"4":11,"5":11,"6":5,"7":8,"8":5,"9":3},"f":{"0":8},"b":{"0":[0],"1":[0],"2":[6],"3":[0],"4":[5,6],"5":[5,3]},"_coverageSchema":"1a1c01bbd47fc00a2c39e90264f33305004495a9","hash":"3d46448068c911bb94dacdaa72a4b74d44155aa3"}
,"/app/src/rules/same/index.js": {"path":"/app/src/rules/same/index.js","statementMap":{"0":{"start":{"line":4,"column":13},"end":{"line":16,"column":1}},"1":{"start":{"line":5,"column":55},"end":{"line":5,"column":62}},"2":{"start":{"line":6,"column":23},"end":{"line":6,"column":32}},"3":{"start":{"line":7,"column":28},"end":{"line":7,"column":44}},"4":{"start":{"line":9,"column":20},"end":{"line":9,"column":77}},"5":{"start":{"line":11,"column":4},"end":{"line":13,"column":5}},"6":{"start":{"line":12,"column":8},"end":{"line":12,"column":19}},"7":{"start":{"line":15,"column":4},"end":{"line":15,"column":88}}},"fnMap":{"0":{"name":"(anonymous_0)","decl":{"start":{"line":4,"column":13},"end":{"line":4,"column":14}},"loc":{"start":{"line":4,"column":38},"end":{"line":16,"column":1}},"line":4}},"branchMap":{"0":{"loc":{"start":{"line":4,"column":21},"end":{"line":4,"column":33}},"type":"default-arg","locations":[{"start":{"line":4,"column":31},"end":{"line":4,"column":33}}],"line":4},"1":{"loc":{"start":{"line":5,"column":12},"end":{"line":5,"column":21}},"type":"default-arg","locations":[{"start":{"line":5,"column":19},"end":{"line":5,"column":21}}],"line":5},"2":{"loc":{"start":{"line":5,"column":23},"end":{"line":5,"column":37}},"type":"default-arg","locations":[{"start":{"line":5,"column":33},"end":{"line":5,"column":37}}],"line":5},"3":{"loc":{"start":{"line":5,"column":39},"end":{"line":5,"column":50}},"type":"default-arg","locations":[{"start":{"line":5,"column":48},"end":{"line":5,"column":50}}],"line":5},"4":{"loc":{"start":{"line":11,"column":4},"end":{"line":13,"column":5}},"type":"if","locations":[{"start":{"line":11,"column":4},"end":{"line":13,"column":5}},{"start":{},"end":{}}],"line":11}},"s":{"0":2,"1":9,"2":9,"3":9,"4":9,"5":9,"6":2,"7":7},"f":{"0":9},"b":{"0":[0],"1":[0],"2":[5],"3":[0],"4":[2,7]},"_coverageSchema":"1a1c01bbd47fc00a2c39e90264f33305004495a9","hash":"5e86df2ed7a137a92366905b852085fc574f7ed7"}
,"/app/src/rules/startsWith/index.js": {"path":"/app/src/rules/startsWith/index.js","statementMap":{"0":{"start":{"line":4,"column":19},"end":{"line":25,"column":1}},"1":{"start":{"line":5,"column":44},"end":{"line":5,"column":51}},"2":{"start":{"line":6,"column":18},"end":{"line":6,"column":23}},"3":{"start":{"line":8,"column":4},"end":{"line":18,"column":5}},"4":{"start":{"line":9,"column":8},"end":{"line":13,"column":9}},"5":{"start":{"line":10,"column":12},"end":{"line":10,"column":41}},"6":{"start":{"line":12,"column":12},"end":{"line":12,"column":51}},"7":{"start":{"line":15,"column":8},"end":{"line":17,"column":9}},"8":{"start":{"line":16,"column":12},"end":{"line":16,"column":18}},"9":{"start":{"line":20,"column":4},"end":{"line":22,"column":5}},"10":{"start":{"line":21,"column":8},"end":{"line":21,"column":19}},"11":{"start":{"line":24,"column":4},"end":{"line":24,"column":81}}},"fnMap":{"0":{"name":"(anonymous_0)","decl":{"start":{"line":4,"column":19},"end":{"line":4,"column":20}},"loc":{"start":{"line":4,"column":44},"end":{"line":25,"column":1}},"line":4}},"branchMap":{"0":{"loc":{"start":{"line":4,"column":27},"end":{"line":4,"column":39}},"type":"default-arg","locations":[{"start":{"line":4,"column":37},"end":{"line":4,"column":39}}],"line":4},"1":{"loc":{"start":{"line":5,"column":12},"end":{"line":5,"column":26}},"type":"default-arg","locations":[{"start":{"line":5,"column":22},"end":{"line":5,"column":26}}],"line":5},"2":{"loc":{"start":{"line":5,"column":28},"end":{"line":5,"column":39}},"type":"default-arg","locations":[{"start":{"line":5,"column":37},"end":{"line":5,"column":39}}],"line":5},"3":{"loc":{"start":{"line":9,"column":8},"end":{"line":13,"column":9}},"type":"if","locations":[{"start":{"line":9,"column":8},"end":{"line":13,"column":9}},{"start":{"line":11,"column":15},"end":{"line":13,"column":9}}],"line":9},"4":{"loc":{"start":{"line":15,"column":8},"end":{"line":17,"column":9}},"type":"if","locations":[{"start":{"line":15,"column":8},"end":{"line":17,"column":9}},{"start":{},"end":{}}],"line":15},"5":{"loc":{"start":{"line":20,"column":4},"end":{"line":22,"column":5}},"type":"if","locations":[{"start":{"line":20,"column":4},"end":{"line":22,"column":5}},{"start":{},"end":{}}],"line":20}},"s":{"0":2,"1":6,"2":6,"3":6,"4":11,"5":4,"6":7,"7":11,"8":3,"9":6,"10":3,"11":3},"f":{"0":6},"b":{"0":[0],"1":[4],"2":[0],"3":[4,7],"4":[3,8],"5":[3,3]},"_coverageSchema":"1a1c01bbd47fc00a2c39e90264f33305004495a9","hash":"e89c523fe66e623f2133ab1c0e898fce50803e34"}
,"/app/src/rules/string/index.js": {"path":"/app/src/rules/string/index.js","statementMap":{"0":{"start":{"line":4,"column":15},"end":{"line":13,"column":1}},"1":{"start":{"line":5,"column":43},"end":{"line":5,"column":50}},"2":{"start":{"line":6,"column":20},"end":{"line":6,"column":95}},"3":{"start":{"line":8,"column":4},"end":{"line":10,"column":5}},"4":{"start":{"line":9,"column":8},"end":{"line":9,"column":19}},"5":{"start":{"line":12,"column":4},"end":{"line":12,"column":49}}},"fnMap":{"0":{"name":"(anonymous_0)","decl":{"start":{"line":4,"column":15},"end":{"line":4,"column":16}},"loc":{"start":{"line":4,"column":40},"end":{"line":13,"column":1}},"line":4}},"branchMap":{"0":{"loc":{"start":{"line":4,"column":23},"end":{"line":4,"column":35}},"type":"default-arg","locations":[{"start":{"line":4,"column":33},"end":{"line":4,"column":35}}],"line":4},"1":{"loc":{"start":{"line":5,"column":12},"end":{"line":5,"column":22}},"type":"default-arg","locations":[{"start":{"line":5,"column":20},"end":{"line":5,"column":22}}],"line":5},"2":{"loc":{"start":{"line":5,"column":24},"end":{"line":5,"column":38}},"type":"default-arg","locations":[{"start":{"line":5,"column":34},"end":{"line":5,"column":38}}],"line":5},"3":{"loc":{"start":{"line":6,"column":20},"end":{"line":6,"column":95}},"type":"binary-expr","locations":[{"start":{"line":6,"column":20},"end":{"line":6,"column":45}},{"start":{"line":6,"column":50},"end":{"line":6,"column":76}},{"start":{"line":6,"column":80},"end":{"line":6,"column":94}}],"line":6},"4":{"loc":{"start":{"line":8,"column":4},"end":{"line":10,"column":5}},"type":"if","locations":[{"start":{"line":8,"column":4},"end":{"line":10,"column":5}},{"start":{},"end":{}}],"line":8}},"s":{"0":2,"1":21,"2":21,"3":21,"4":18,"5":3},"f":{"0":21},"b":{"0":[6],"1":[8],"2":[14],"3":[21,4,1],"4":[18,3]},"_coverageSchema":"1a1c01bbd47fc00a2c39e90264f33305004495a9","hash":"cd426cb444181b5aadd7ae39b8e8d81687c0a689"}
,"/app/src/rules/typeOf/index.js": {"path":"/app/src/rules/typeOf/index.js","statementMap":{"0":{"start":{"line":4,"column":15},"end":{"line":14,"column":1}},"1":{"start":{"line":5,"column":44},"end":{"line":5,"column":51}},"2":{"start":{"line":6,"column":17},"end":{"line":6,"column":26}},"3":{"start":{"line":7,"column":20},"end":{"line":7,"column":41}},"4":{"start":{"line":9,"column":4},"end":{"line":11,"column":5}},"5":{"start":{"line":10,"column":8},"end":{"line":10,"column":19}},"6":{"start":{"line":13,"column":4},"end":{"line":13,"column":66}}},"fnMap":{"0":{"name":"(anonymous_0)","decl":{"start":{"line":4,"column":15},"end":{"line":4,"column":16}},"loc":{"start":{"line":4,"column":40},"end":{"line":14,"column":1}},"line":4}},"branchMap":{"0":{"loc":{"start":{"line":4,"column":23},"end":{"line":4,"column":35}},"type":"default-arg","locations":[{"start":{"line":4,"column":33},"end":{"line":4,"column":35}}],"line":4},"1":{"loc":{"start":{"line":5,"column":12},"end":{"line":5,"column":26}},"type":"default-arg","locations":[{"start":{"line":5,"column":22},"end":{"line":5,"column":26}}],"line":5},"2":{"loc":{"start":{"line":5,"column":28},"end":{"line":5,"column":39}},"type":"default-arg","locations":[{"start":{"line":5,"column":37},"end":{"line":5,"column":39}}],"line":5},"3":{"loc":{"start":{"line":9,"column":4},"end":{"line":11,"column":5}},"type":"if","locations":[{"start":{"line":9,"column":4},"end":{"line":11,"column":5}},{"start":{},"end":{}}],"line":9}},"s":{"0":2,"1":6,"2":6,"3":6,"4":6,"5":3,"6":3},"f":{"0":6},"b":{"0":[0],"1":[4],"2":[0],"3":[3,3]},"_coverageSchema":"1a1c01bbd47fc00a2c39e90264f33305004495a9","hash":"96628c0edfd7ed7ac5f3414cc6e587d4820845d6"}
,"/app/src/rules/url/index.js": {"path":"/app/src/rules/url/index.js","statementMap":{"0":{"start":{"line":4,"column":12},"end":{"line":13,"column":1}},"1":{"start":{"line":5,"column":24},"end":{"line":5,"column":31}},"2":{"start":{"line":6,"column":20},"end":{"line":6,"column":132}},"3":{"start":{"line":8,"column":4},"end":{"line":10,"column":5}},"4":{"start":{"line":9,"column":8},"end":{"line":9,"column":19}},"5":{"start":{"line":12,"column":4},"end":{"line":12,"column":49}}},"fnMap":{"0":{"name":"(anonymous_0)","decl":{"start":{"line":4,"column":12},"end":{"line":4,"column":13}},"loc":{"start":{"line":4,"column":37},"end":{"line":13,"column":1}},"line":4}},"branchMap":{"0":{"loc":{"start":{"line":4,"column":20},"end":{"line":4,"column":32}},"type":"default-arg","locations":[{"start":{"line":4,"column":30},"end":{"line":4,"column":32}}],"line":4},"1":{"loc":{"start":{"line":8,"column":4},"end":{"line":10,"column":5}},"type":"if","locations":[{"start":{"line":8,"column":4},"end":{"line":10,"column":5}},{"start":{},"end":{}}],"line":8}},"s":{"0":2,"1":14,"2":14,"3":14,"4":11,"5":3},"f":{"0":14},"b":{"0":[12],"1":[11,3]},"_coverageSchema":"1a1c01bbd47fc00a2c39e90264f33305004495a9","hash":"eb4261fd87f7f98c65614f15339a1781d4503720"}
,"/app/src/rules/uuid/index.js": {"path":"/app/src/rules/uuid/index.js","statementMap":{"0":{"start":{"line":4,"column":13},"end":{"line":13,"column":1}},"1":{"start":{"line":5,"column":24},"end":{"line":5,"column":31}},"2":{"start":{"line":6,"column":20},"end":{"line":6,"column":121}},"3":{"start":{"line":8,"column":4},"end":{"line":10,"column":5}},"4":{"start":{"line":9,"column":8},"end":{"line":9,"column":19}},"5":{"start":{"line":12,"column":4},"end":{"line":12,"column":49}}},"fnMap":{"0":{"name":"(anonymous_0)","decl":{"start":{"line":4,"column":13},"end":{"line":4,"column":14}},"loc":{"start":{"line":4,"column":38},"end":{"line":13,"column":1}},"line":4}},"branchMap":{"0":{"loc":{"start":{"line":4,"column":21},"end":{"line":4,"column":33}},"type":"default-arg","locations":[{"start":{"line":4,"column":31},"end":{"line":4,"column":33}}],"line":4},"1":{"loc":{"start":{"line":8,"column":4},"end":{"line":10,"column":5}},"type":"if","locations":[{"start":{"line":8,"column":4},"end":{"line":10,"column":5}},{"start":{},"end":{}}],"line":8}},"s":{"0":2,"1":4,"2":4,"3":4,"4":1,"5":3},"f":{"0":4},"b":{"0":[2],"1":[1,3]},"_coverageSchema":"1a1c01bbd47fc00a2c39e90264f33305004495a9","hash":"9168a24cf84d342a04103cebb0e636db5d6b19dd"}
}
