{"/app/src/messages.js": {"path":"/app/src/messages.js","statementMap":{"0":{"start":{"line":1,"column":24},"end":{"line":1,"column":47}},"1":{"start":{"line":2,"column":21},"end":{"line":2,"column":56}},"2":{"start":{"line":3,"column":25},"end":{"line":3,"column":99}},"3":{"start":{"line":4,"column":24},"end":{"line":4,"column":74}},"4":{"start":{"line":5,"column":21},"end":{"line":5,"column":45}},"5":{"start":{"line":6,"column":23},"end":{"line":6,"column":60}},"6":{"start":{"line":7,"column":23},"end":{"line":7,"column":48}},"7":{"start":{"line":8,"column":24},"end":{"line":8,"column":47}},"8":{"start":{"line":9,"column":25},"end":{"line":9,"column":61}},"9":{"start":{"line":10,"column":22},"end":{"line":10,"column":80}},"10":{"start":{"line":11,"column":29},"end":{"line":11,"column":92}},"11":{"start":{"line":12,"column":21},"end":{"line":12,"column":58}},"12":{"start":{"line":13,"column":24},"end":{"line":13,"column":60}},"13":{"start":{"line":14,"column":22},"end":{"line":14,"column":47}},"14":{"start":{"line":15,"column":18},"end":{"line":15,"column":63}},"15":{"start":{"line":16,"column":19},"end":{"line":16,"column":76}},"16":{"start":{"line":17,"column":19},"end":{"line":17,"column":49}},"17":{"start":{"line":18,"column":23},"end":{"line":18,"column":52}},"18":{"start":{"line":19,"column":23},"end":{"line":19,"column":49}},"19":{"start":{"line":20,"column":18},"end":{"line":20,"column":60}},"20":{"start":{"line":21,"column":19},"end":{"line":21,"column":73}},"21":{"start":{"line":22,"column":19},"end":{"line":22,"column":63}},"22":{"start":{"line":23,"column":19},"end":{"line":23,"column":63}},"23":{"start":{"line":24,"column":21},"end":{"line":24,"column":55}},"24":{"start":{"line":25,"column":24},"end":{"line":25,"column":42}},"25":{"start":{"line":26,"column":23},"end":{"line":26,"column":47}},"26":{"start":{"line":27,"column":22},"end":{"line":27,"column":47}},"27":{"start":{"line":28,"column":30},"end":{"line":28,"column":71}},"28":{"start":{"line":29,"column":23},"end":{"line":29,"column":43}},"29":{"start":{"line":30,"column":26},"end":{"line":30,"column":49}},"30":{"start":{"line":31,"column":25},"end":{"line":31,"column":53}},"31":{"start":{"line":32,"column":21},"end":{"line":32,"column":39}},"32":{"start":{"line":33,"column":24},"end":{"line":33,"column":43}},"33":{"start":{"line":34,"column":20},"end":{"line":34,"column":52}},"34":{"start":{"line":35,"column":26},"end":{"line":35,"column":64}},"35":{"start":{"line":36,"column":22},"end":{"line":36,"column":46}},"36":{"start":{"line":37,"column":22},"end":{"line":37,"column":45}},"37":{"start":{"line":38,"column":19},"end":{"line":38,"column":46}},"38":{"start":{"line":39,"column":20},"end":{"line":39,"column":45}}},"fnMap":{},"branchMap":{},"s":{"0":1,"1":1,"2":1,"3":1,"4":1,"5":1,"6":1,"7":1,"8":1,"9":1,"10":1,"11":1,"12":1,"13":1,"14":1,"15":1,"16":1,"17":1,"18":1,"19":1,"20":1,"21":1,"22":1,"23":1,"24":1,"25":1,"26":1,"27":1,"28":1,"29":1,"30":1,"31":1,"32":1,"33":1,"34":1,"35":1,"36":1,"37":1,"38":1},"f":{},"b":{},"_coverageSchema":"1a1c01bbd47fc00a2c39e90264f33305004495a9","hash":"0a79c9001a27ed1f31715fcdef737ab187045783"}
,"/app/src/utils.js": {"path":"/app/src/utils.js","statementMap":{"0":{"start":{"line":1,"column":29},"end":{"line":20,"column":1}},"1":{"start":{"line":2,"column":16},"end":{"line":2,"column":18}},"2":{"start":{"line":4,"column":4},"end":{"line":6,"column":5}},"3":{"start":{"line":5,"column":8},"end":{"line":5,"column":18}},"4":{"start":{"line":8,"column":14},"end":{"line":8,"column":18}},"5":{"start":{"line":10,"column":4},"end":{"line":17,"column":6}},"6":{"start":{"line":11,"column":8},"end":{"line":16,"column":9}},"7":{"start":{"line":12,"column":12},"end":{"line":12,"column":23}},"8":{"start":{"line":14,"column":12},"end":{"line":14,"column":28}},"9":{"start":{"line":15,"column":12},"end":{"line":15,"column":22}},"10":{"start":{"line":19,"column":4},"end":{"line":19,"column":14}},"11":{"start":{"line":22,"column":23},"end":{"line":22,"column":77}},"12":{"start":{"line":22,"column":30},"end":{"line":22,"column":77}},"13":{"start":{"line":24,"column":24},"end":{"line":24,"column":93}},"14":{"start":{"line":24,"column":31},"end":{"line":24,"column":93}},"15":{"start":{"line":26,"column":28},"end":{"line":42,"column":1}},"16":{"start":{"line":27,"column":4},"end":{"line":29,"column":5}},"17":{"start":{"line":28,"column":8},"end":{"line":28,"column":20}},"18":{"start":{"line":31,"column":4},"end":{"line":33,"column":5}},"19":{"start":{"line":32,"column":8},"end":{"line":32,"column":38}},"20":{"start":{"line":35,"column":18},"end":{"line":35,"column":49}},"21":{"start":{"line":37,"column":4},"end":{"line":39,"column":5}},"22":{"start":{"line":38,"column":8},"end":{"line":38,"column":61}},"23":{"start":{"line":41,"column":4},"end":{"line":41,"column":18}},"24":{"start":{"line":44,"column":31},"end":{"line":58,"column":1}},"25":{"start":{"line":45,"column":4},"end":{"line":47,"column":5}},"26":{"start":{"line":46,"column":8},"end":{"line":46,"column":30}},"27":{"start":{"line":49,"column":19},"end":{"line":49,"column":32}},"28":{"start":{"line":51,"column":4},"end":{"line":51,"column":39}},"29":{"start":{"line":52,"column":4},"end":{"line":52,"column":38}},"30":{"start":{"line":54,"column":19},"end":{"line":54,"column":34}},"31":{"start":{"line":55,"column":18},"end":{"line":55,"column":54}},"32":{"start":{"line":57,"column":4},"end":{"line":57,"column":36}}},"fnMap":{"0":{"name":"(anonymous_0)","decl":{"start":{"line":1,"column":29},"end":{"line":1,"column":30}},"loc":{"start":{"line":1,"column":36},"end":{"line":20,"column":1}},"line":1},"1":{"name":"(anonymous_1)","decl":{"start":{"line":10,"column":16},"end":{"line":10,"column":17}},"loc":{"start":{"line":10,"column":25},"end":{"line":17,"column":5}},"line":10},"2":{"name":"(anonymous_2)","decl":{"start":{"line":22,"column":23},"end":{"line":22,"column":24}},"loc":{"start":{"line":22,"column":30},"end":{"line":22,"column":77}},"line":22},"3":{"name":"(anonymous_3)","decl":{"start":{"line":24,"column":24},"end":{"line":24,"column":25}},"loc":{"start":{"line":24,"column":31},"end":{"line":24,"column":93}},"line":24},"4":{"name":"(anonymous_4)","decl":{"start":{"line":26,"column":28},"end":{"line":26,"column":29}},"loc":{"start":{"line":26,"column":82},"end":{"line":42,"column":1}},"line":26},"5":{"name":"(anonymous_5)","decl":{"start":{"line":44,"column":31},"end":{"line":44,"column":32}},"loc":{"start":{"line":44,"column":40},"end":{"line":58,"column":1}},"line":44}},"branchMap":{"0":{"loc":{"start":{"line":4,"column":4},"end":{"line":6,"column":5}},"type":"if","locations":[{"start":{"line":4,"column":4},"end":{"line":6,"column":5}},{"start":{},"end":{}}],"line":4},"1":{"loc":{"start":{"line":11,"column":8},"end":{"line":16,"column":9}},"type":"if","locations":[{"start":{"line":11,"column":8},"end":{"line":16,"column":9}},{"start":{"line":13,"column":15},"end":{"line":16,"column":9}}],"line":11},"2":{"loc":{"start":{"line":22,"column":30},"end":{"line":22,"column":77}},"type":"binary-expr","locations":[{"start":{"line":22,"column":30},"end":{"line":22,"column":47}},{"start":{"line":22,"column":51},"end":{"line":22,"column":63}},{"start":{"line":22,"column":67},"end":{"line":22,"column":77}}],"line":22},"3":{"loc":{"start":{"line":24,"column":31},"end":{"line":24,"column":93}},"type":"binary-expr","locations":[{"start":{"line":24,"column":31},"end":{"line":24,"column":54}},{"start":{"line":24,"column":58},"end":{"line":24,"column":77}},{"start":{"line":24,"column":81},"end":{"line":24,"column":93}}],"line":24},"4":{"loc":{"start":{"line":26,"column":60},"end":{"line":26,"column":77}},"type":"default-arg","locations":[{"start":{"line":26,"column":75},"end":{"line":26,"column":77}}],"line":26},"5":{"loc":{"start":{"line":27,"column":4},"end":{"line":29,"column":5}},"type":"if","locations":[{"start":{"line":27,"column":4},"end":{"line":29,"column":5}},{"start":{},"end":{}}],"line":27},"6":{"loc":{"start":{"line":31,"column":4},"end":{"line":33,"column":5}},"type":"if","locations":[{"start":{"line":31,"column":4},"end":{"line":33,"column":5}},{"start":{},"end":{}}],"line":31},"7":{"loc":{"start":{"line":35,"column":18},"end":{"line":35,"column":49}},"type":"binary-expr","locations":[{"start":{"line":35,"column":18},"end":{"line":35,"column":31}},{"start":{"line":35,"column":35},"end":{"line":35,"column":49}}],"line":35},"8":{"loc":{"start":{"line":45,"column":4},"end":{"line":47,"column":5}},"type":"if","locations":[{"start":{"line":45,"column":4},"end":{"line":47,"column":5}},{"start":{},"end":{}}],"line":45}},"s":{"0":1,"1":13,"2":13,"3":0,"4":13,"5":13,"6":26,"7":13,"8":13,"9":13,"10":13,"11":1,"12":0,"13":1,"14":0,"15":1,"16":6,"17":2,"18":4,"19":0,"20":4,"21":4,"22":0,"23":4,"24":1,"25":0,"26":0,"27":0,"28":0,"29":0,"30":0,"31":0,"32":0},"f":{"0":13,"1":26,"2":0,"3":0,"4":6,"5":0},"b":{"0":[0,13],"1":[13,13],"2":[0,0,0],"3":[0,0,0],"4":[6],"5":[2,4],"6":[0,4],"7":[4,2],"8":[0,0]},"_coverageSchema":"1a1c01bbd47fc00a2c39e90264f33305004495a9","hash":"176cfbda31e9a03d512a8edd7a2265ac24271da7"}
,"/app/src/rules/accepted.js": {"path":"/app/src/rules/accepted.js","statementMap":{"0":{"start":{"line":4,"column":17},"end":{"line":14,"column":1}},"1":{"start":{"line":5,"column":24},"end":{"line":5,"column":31}},"2":{"start":{"line":6,"column":24},"end":{"line":6,"column":46}},"3":{"start":{"line":7,"column":20},"end":{"line":7,"column":47}},"4":{"start":{"line":9,"column":4},"end":{"line":11,"column":5}},"5":{"start":{"line":10,"column":8},"end":{"line":10,"column":19}},"6":{"start":{"line":13,"column":4},"end":{"line":13,"column":48}},"7":{"start":{"line":18,"column":21},"end":{"line":38,"column":1}},"8":{"start":{"line":19,"column":4},"end":{"line":28,"column":6}},"9":{"start":{"line":20,"column":8},"end":{"line":21,"column":23}},"10":{"start":{"line":22,"column":8},"end":{"line":23,"column":23}},"11":{"start":{"line":24,"column":8},"end":{"line":25,"column":23}},"12":{"start":{"line":26,"column":8},"end":{"line":27,"column":23}},"13":{"start":{"line":30,"column":4},"end":{"line":37,"column":6}},"14":{"start":{"line":31,"column":8},"end":{"line":32,"column":33}},"15":{"start":{"line":33,"column":8},"end":{"line":34,"column":32}},"16":{"start":{"line":35,"column":8},"end":{"line":36,"column":24}}},"fnMap":{"0":{"name":"(anonymous_0)","decl":{"start":{"line":4,"column":17},"end":{"line":4,"column":18}},"loc":{"start":{"line":4,"column":42},"end":{"line":14,"column":1}},"line":4},"1":{"name":"(anonymous_1)","decl":{"start":{"line":18,"column":21},"end":{"line":18,"column":22}},"loc":{"start":{"line":18,"column":40},"end":{"line":38,"column":1}},"line":18},"2":{"name":"(anonymous_2)","decl":{"start":{"line":19,"column":28},"end":{"line":19,"column":29}},"loc":{"start":{"line":19,"column":34},"end":{"line":28,"column":5}},"line":19},"3":{"name":"(anonymous_3)","decl":{"start":{"line":30,"column":30},"end":{"line":30,"column":31}},"loc":{"start":{"line":30,"column":36},"end":{"line":37,"column":5}},"line":30}},"branchMap":{"0":{"loc":{"start":{"line":4,"column":25},"end":{"line":4,"column":37}},"type":"default-arg","locations":[{"start":{"line":4,"column":35},"end":{"line":4,"column":37}}],"line":4},"1":{"loc":{"start":{"line":9,"column":4},"end":{"line":11,"column":5}},"type":"if","locations":[{"start":{"line":9,"column":4},"end":{"line":11,"column":5}},{"start":{},"end":{}}],"line":9}},"s":{"0":1,"1":14,"2":14,"3":14,"4":14,"5":8,"6":6,"7":1,"8":1,"9":1,"10":1,"11":1,"12":1,"13":1,"14":1,"15":1,"16":1},"f":{"0":14,"1":1,"2":1,"3":1},"b":{"0":[5],"1":[8,6]},"_coverageSchema":"1a1c01bbd47fc00a2c39e90264f33305004495a9","hash":"25b19246fb368baeea85f94e3fca8d21a6ee5d0a"}
,"/app/src/rules/acceptedIf.js": {"path":"/app/src/rules/acceptedIf.js","statementMap":{"0":{"start":{"line":5,"column":19},"end":{"line":23,"column":1}},"1":{"start":{"line":6,"column":4},"end":{"line":6,"column":34}},"2":{"start":{"line":8,"column":21},"end":{"line":8,"column":25}},"3":{"start":{"line":10,"column":4},"end":{"line":16,"column":5}},"4":{"start":{"line":11,"column":8},"end":{"line":11,"column":61}},"5":{"start":{"line":13,"column":8},"end":{"line":15,"column":9}},"6":{"start":{"line":14,"column":12},"end":{"line":14,"column":17}},"7":{"start":{"line":18,"column":4},"end":{"line":20,"column":5}},"8":{"start":{"line":19,"column":8},"end":{"line":19,"column":19}},"9":{"start":{"line":22,"column":4},"end":{"line":22,"column":39}},"10":{"start":{"line":27,"column":21},"end":{"line":72,"column":1}},"11":{"start":{"line":28,"column":17},"end":{"line":33,"column":5}},"12":{"start":{"line":35,"column":4},"end":{"line":44,"column":6}},"13":{"start":{"line":36,"column":8},"end":{"line":37,"column":23}},"14":{"start":{"line":38,"column":8},"end":{"line":39,"column":23}},"15":{"start":{"line":40,"column":8},"end":{"line":41,"column":23}},"16":{"start":{"line":42,"column":8},"end":{"line":43,"column":23}},"17":{"start":{"line":46,"column":4},"end":{"line":53,"column":6}},"18":{"start":{"line":47,"column":8},"end":{"line":48,"column":33}},"19":{"start":{"line":49,"column":8},"end":{"line":50,"column":32}},"20":{"start":{"line":51,"column":8},"end":{"line":52,"column":24}},"21":{"start":{"line":55,"column":4},"end":{"line":64,"column":6}},"22":{"start":{"line":56,"column":8},"end":{"line":57,"column":23}},"23":{"start":{"line":58,"column":8},"end":{"line":59,"column":23}},"24":{"start":{"line":60,"column":8},"end":{"line":61,"column":23}},"25":{"start":{"line":62,"column":8},"end":{"line":63,"column":23}},"26":{"start":{"line":66,"column":4},"end":{"line":71,"column":6}},"27":{"start":{"line":67,"column":8},"end":{"line":68,"column":23}},"28":{"start":{"line":69,"column":8},"end":{"line":70,"column":23}}},"fnMap":{"0":{"name":"(anonymous_0)","decl":{"start":{"line":5,"column":19},"end":{"line":5,"column":20}},"loc":{"start":{"line":5,"column":74},"end":{"line":23,"column":1}},"line":5},"1":{"name":"(anonymous_1)","decl":{"start":{"line":27,"column":21},"end":{"line":27,"column":22}},"loc":{"start":{"line":27,"column":40},"end":{"line":72,"column":1}},"line":27},"2":{"name":"(anonymous_2)","decl":{"start":{"line":35,"column":63},"end":{"line":35,"column":64}},"loc":{"start":{"line":35,"column":69},"end":{"line":44,"column":5}},"line":35},"3":{"name":"(anonymous_3)","decl":{"start":{"line":46,"column":67},"end":{"line":46,"column":68}},"loc":{"start":{"line":46,"column":73},"end":{"line":53,"column":5}},"line":46},"4":{"name":"(anonymous_4)","decl":{"start":{"line":55,"column":62},"end":{"line":55,"column":63}},"loc":{"start":{"line":55,"column":68},"end":{"line":64,"column":5}},"line":55},"5":{"name":"(anonymous_5)","decl":{"start":{"line":66,"column":66},"end":{"line":66,"column":67}},"loc":{"start":{"line":66,"column":72},"end":{"line":71,"column":5}},"line":66}},"branchMap":{"0":{"loc":{"start":{"line":5,"column":29},"end":{"line":5,"column":38}},"type":"default-arg","locations":[{"start":{"line":5,"column":36},"end":{"line":5,"column":38}}],"line":5},"1":{"loc":{"start":{"line":5,"column":40},"end":{"line":5,"column":54}},"type":"default-arg","locations":[{"start":{"line":5,"column":50},"end":{"line":5,"column":54}}],"line":5},"2":{"loc":{"start":{"line":5,"column":56},"end":{"line":5,"column":67}},"type":"default-arg","locations":[{"start":{"line":5,"column":65},"end":{"line":5,"column":67}}],"line":5},"3":{"loc":{"start":{"line":13,"column":8},"end":{"line":15,"column":9}},"type":"if","locations":[{"start":{"line":13,"column":8},"end":{"line":15,"column":9}},{"start":{},"end":{}}],"line":13},"4":{"loc":{"start":{"line":18,"column":4},"end":{"line":20,"column":5}},"type":"if","locations":[{"start":{"line":18,"column":4},"end":{"line":20,"column":5}},{"start":{},"end":{}}],"line":18}},"s":{"0":1,"1":13,"2":13,"3":13,"4":13,"5":13,"6":6,"7":13,"8":6,"9":7,"10":1,"11":1,"12":1,"13":1,"14":1,"15":1,"16":1,"17":1,"18":1,"19":1,"20":1,"21":1,"22":1,"23":1,"24":1,"25":1,"26":1,"27":1,"28":1},"f":{"0":13,"1":1,"2":1,"3":1,"4":1,"5":1},"b":{"0":[0],"1":[9],"2":[0],"3":[6,7],"4":[6,7]},"_coverageSchema":"1a1c01bbd47fc00a2c39e90264f33305004495a9","hash":"5a359b6c48b1c23370e0994d4dbbc6db8eb49798"}
,"/app/src/rules/alpha.js": {"path":"/app/src/rules/alpha.js","statementMap":{"0":{"start":{"line":4,"column":14},"end":{"line":12,"column":1}},"1":{"start":{"line":5,"column":20},"end":{"line":5,"column":50}},"2":{"start":{"line":7,"column":4},"end":{"line":9,"column":5}},"3":{"start":{"line":8,"column":8},"end":{"line":8,"column":19}},"4":{"start":{"line":11,"column":4},"end":{"line":11,"column":48}},"5":{"start":{"line":16,"column":21},"end":{"line":18,"column":1}}},"fnMap":{"0":{"name":"(anonymous_0)","decl":{"start":{"line":4,"column":14},"end":{"line":4,"column":15}},"loc":{"start":{"line":4,"column":38},"end":{"line":12,"column":1}},"line":4},"1":{"name":"(anonymous_1)","decl":{"start":{"line":16,"column":21},"end":{"line":16,"column":22}},"loc":{"start":{"line":16,"column":27},"end":{"line":18,"column":1}},"line":16}},"branchMap":{"0":{"loc":{"start":{"line":7,"column":4},"end":{"line":9,"column":5}},"type":"if","locations":[{"start":{"line":7,"column":4},"end":{"line":9,"column":5}},{"start":{},"end":{}}],"line":7}},"s":{"0":1,"1":0,"2":0,"3":0,"4":0,"5":1},"f":{"0":0,"1":1},"b":{"0":[0,0]},"_coverageSchema":"1a1c01bbd47fc00a2c39e90264f33305004495a9","hash":"7a6a9221dca668d186fa06c9d3352399476b478b"}
,"/app/src/rules/alphaDash.js": {"path":"/app/src/rules/alphaDash.js","statementMap":{"0":{"start":{"line":4,"column":18},"end":{"line":12,"column":1}},"1":{"start":{"line":5,"column":20},"end":{"line":5,"column":56}},"2":{"start":{"line":7,"column":4},"end":{"line":9,"column":5}},"3":{"start":{"line":8,"column":8},"end":{"line":8,"column":19}},"4":{"start":{"line":11,"column":4},"end":{"line":11,"column":48}},"5":{"start":{"line":16,"column":21},"end":{"line":18,"column":1}}},"fnMap":{"0":{"name":"(anonymous_0)","decl":{"start":{"line":4,"column":18},"end":{"line":4,"column":19}},"loc":{"start":{"line":4,"column":42},"end":{"line":12,"column":1}},"line":4},"1":{"name":"(anonymous_1)","decl":{"start":{"line":16,"column":21},"end":{"line":16,"column":22}},"loc":{"start":{"line":16,"column":27},"end":{"line":18,"column":1}},"line":16}},"branchMap":{"0":{"loc":{"start":{"line":7,"column":4},"end":{"line":9,"column":5}},"type":"if","locations":[{"start":{"line":7,"column":4},"end":{"line":9,"column":5}},{"start":{},"end":{}}],"line":7}},"s":{"0":1,"1":0,"2":0,"3":0,"4":0,"5":1},"f":{"0":0,"1":1},"b":{"0":[0,0]},"_coverageSchema":"1a1c01bbd47fc00a2c39e90264f33305004495a9","hash":"a2ec7b4a7b209c3548ae3a6e5f4b6f824d712ede"}
,"/app/src/rules/alphaNum.js": {"path":"/app/src/rules/alphaNum.js","statementMap":{"0":{"start":{"line":4,"column":17},"end":{"line":12,"column":1}},"1":{"start":{"line":5,"column":20},"end":{"line":5,"column":53}},"2":{"start":{"line":7,"column":4},"end":{"line":9,"column":5}},"3":{"start":{"line":8,"column":8},"end":{"line":8,"column":19}},"4":{"start":{"line":11,"column":4},"end":{"line":11,"column":48}},"5":{"start":{"line":16,"column":21},"end":{"line":18,"column":1}}},"fnMap":{"0":{"name":"(anonymous_0)","decl":{"start":{"line":4,"column":17},"end":{"line":4,"column":18}},"loc":{"start":{"line":4,"column":41},"end":{"line":12,"column":1}},"line":4},"1":{"name":"(anonymous_1)","decl":{"start":{"line":16,"column":21},"end":{"line":16,"column":22}},"loc":{"start":{"line":16,"column":27},"end":{"line":18,"column":1}},"line":16}},"branchMap":{"0":{"loc":{"start":{"line":7,"column":4},"end":{"line":9,"column":5}},"type":"if","locations":[{"start":{"line":7,"column":4},"end":{"line":9,"column":5}},{"start":{},"end":{}}],"line":7}},"s":{"0":1,"1":0,"2":0,"3":0,"4":0,"5":1},"f":{"0":0,"1":1},"b":{"0":[0,0]},"_coverageSchema":"1a1c01bbd47fc00a2c39e90264f33305004495a9","hash":"f46326ba09b1ce5b1080b2c4ff6eeba340fa8f34"}
,"/app/src/rules/array.js": {"path":"/app/src/rules/array.js","statementMap":{"0":{"start":{"line":4,"column":14},"end":{"line":12,"column":1}},"1":{"start":{"line":5,"column":20},"end":{"line":5,"column":40}},"2":{"start":{"line":7,"column":4},"end":{"line":9,"column":5}},"3":{"start":{"line":8,"column":8},"end":{"line":8,"column":19}},"4":{"start":{"line":11,"column":4},"end":{"line":11,"column":48}},"5":{"start":{"line":16,"column":21},"end":{"line":18,"column":1}}},"fnMap":{"0":{"name":"(anonymous_0)","decl":{"start":{"line":4,"column":14},"end":{"line":4,"column":15}},"loc":{"start":{"line":4,"column":38},"end":{"line":12,"column":1}},"line":4},"1":{"name":"(anonymous_1)","decl":{"start":{"line":16,"column":21},"end":{"line":16,"column":22}},"loc":{"start":{"line":16,"column":27},"end":{"line":18,"column":1}},"line":16}},"branchMap":{"0":{"loc":{"start":{"line":7,"column":4},"end":{"line":9,"column":5}},"type":"if","locations":[{"start":{"line":7,"column":4},"end":{"line":9,"column":5}},{"start":{},"end":{}}],"line":7}},"s":{"0":1,"1":0,"2":0,"3":0,"4":0,"5":1},"f":{"0":0,"1":1},"b":{"0":[0,0]},"_coverageSchema":"1a1c01bbd47fc00a2c39e90264f33305004495a9","hash":"404b55d3bf17e405e1201c7e0368b4a0fd4fb4e0"}
,"/app/src/rules/between.js": {"path":"/app/src/rules/between.js","statementMap":{"0":{"start":{"line":4,"column":16},"end":{"line":16,"column":1}},"1":{"start":{"line":5,"column":29},"end":{"line":5,"column":35}},"2":{"start":{"line":6,"column":16},"end":{"line":6,"column":40}},"3":{"start":{"line":7,"column":16},"end":{"line":7,"column":40}},"4":{"start":{"line":9,"column":20},"end":{"line":9,"column":48}},"5":{"start":{"line":11,"column":4},"end":{"line":13,"column":5}},"6":{"start":{"line":12,"column":8},"end":{"line":12,"column":19}},"7":{"start":{"line":15,"column":4},"end":{"line":15,"column":80}},"8":{"start":{"line":20,"column":21},"end":{"line":22,"column":1}}},"fnMap":{"0":{"name":"(anonymous_0)","decl":{"start":{"line":4,"column":16},"end":{"line":4,"column":17}},"loc":{"start":{"line":4,"column":60},"end":{"line":16,"column":1}},"line":4},"1":{"name":"(anonymous_1)","decl":{"start":{"line":20,"column":21},"end":{"line":20,"column":22}},"loc":{"start":{"line":20,"column":27},"end":{"line":22,"column":1}},"line":20}},"branchMap":{"0":{"loc":{"start":{"line":4,"column":26},"end":{"line":4,"column":40}},"type":"default-arg","locations":[{"start":{"line":4,"column":36},"end":{"line":4,"column":40}}],"line":4},"1":{"loc":{"start":{"line":4,"column":42},"end":{"line":4,"column":53}},"type":"default-arg","locations":[{"start":{"line":4,"column":51},"end":{"line":4,"column":53}}],"line":4},"2":{"loc":{"start":{"line":9,"column":20},"end":{"line":9,"column":48}},"type":"binary-expr","locations":[{"start":{"line":9,"column":20},"end":{"line":9,"column":32}},{"start":{"line":9,"column":36},"end":{"line":9,"column":48}}],"line":9},"3":{"loc":{"start":{"line":11,"column":4},"end":{"line":13,"column":5}},"type":"if","locations":[{"start":{"line":11,"column":4},"end":{"line":13,"column":5}},{"start":{},"end":{}}],"line":11}},"s":{"0":1,"1":0,"2":0,"3":0,"4":0,"5":0,"6":0,"7":0,"8":1},"f":{"0":0,"1":1},"b":{"0":[0],"1":[0],"2":[0,0],"3":[0,0]},"_coverageSchema":"1a1c01bbd47fc00a2c39e90264f33305004495a9","hash":"c060f126265b127b030665c641828b8ccd0ecc43"}
,"/app/src/rules/boolean.js": {"path":"/app/src/rules/boolean.js","statementMap":{"0":{"start":{"line":4,"column":16},"end":{"line":13,"column":1}},"1":{"start":{"line":5,"column":24},"end":{"line":5,"column":53}},"2":{"start":{"line":6,"column":20},"end":{"line":6,"column":47}},"3":{"start":{"line":8,"column":4},"end":{"line":10,"column":5}},"4":{"start":{"line":9,"column":8},"end":{"line":9,"column":19}},"5":{"start":{"line":12,"column":4},"end":{"line":12,"column":48}},"6":{"start":{"line":17,"column":21},"end":{"line":19,"column":1}}},"fnMap":{"0":{"name":"(anonymous_0)","decl":{"start":{"line":4,"column":16},"end":{"line":4,"column":17}},"loc":{"start":{"line":4,"column":40},"end":{"line":13,"column":1}},"line":4},"1":{"name":"(anonymous_1)","decl":{"start":{"line":17,"column":21},"end":{"line":17,"column":22}},"loc":{"start":{"line":17,"column":27},"end":{"line":19,"column":1}},"line":17}},"branchMap":{"0":{"loc":{"start":{"line":8,"column":4},"end":{"line":10,"column":5}},"type":"if","locations":[{"start":{"line":8,"column":4},"end":{"line":10,"column":5}},{"start":{},"end":{}}],"line":8}},"s":{"0":1,"1":0,"2":0,"3":0,"4":0,"5":0,"6":1},"f":{"0":0,"1":1},"b":{"0":[0,0]},"_coverageSchema":"1a1c01bbd47fc00a2c39e90264f33305004495a9","hash":"6c4202c132276c9ac73634c0fc4d524bdcade6c7"}
,"/app/src/rules/declined.js": {"path":"/app/src/rules/declined.js","statementMap":{"0":{"start":{"line":4,"column":17},"end":{"line":13,"column":1}},"1":{"start":{"line":5,"column":24},"end":{"line":5,"column":47}},"2":{"start":{"line":6,"column":20},"end":{"line":6,"column":47}},"3":{"start":{"line":8,"column":4},"end":{"line":10,"column":5}},"4":{"start":{"line":9,"column":8},"end":{"line":9,"column":19}},"5":{"start":{"line":12,"column":4},"end":{"line":12,"column":48}},"6":{"start":{"line":17,"column":21},"end":{"line":19,"column":1}}},"fnMap":{"0":{"name":"(anonymous_0)","decl":{"start":{"line":4,"column":17},"end":{"line":4,"column":18}},"loc":{"start":{"line":4,"column":41},"end":{"line":13,"column":1}},"line":4},"1":{"name":"(anonymous_1)","decl":{"start":{"line":17,"column":21},"end":{"line":17,"column":22}},"loc":{"start":{"line":17,"column":27},"end":{"line":19,"column":1}},"line":17}},"branchMap":{"0":{"loc":{"start":{"line":8,"column":4},"end":{"line":10,"column":5}},"type":"if","locations":[{"start":{"line":8,"column":4},"end":{"line":10,"column":5}},{"start":{},"end":{}}],"line":8}},"s":{"0":1,"1":0,"2":0,"3":0,"4":0,"5":0,"6":1},"f":{"0":0,"1":1},"b":{"0":[0,0]},"_coverageSchema":"1a1c01bbd47fc00a2c39e90264f33305004495a9","hash":"65a4df2640aca19f7b8625a29aa91e205c07a9bd"}
,"/app/src/rules/declinedIf.js": {"path":"/app/src/rules/declinedIf.js","statementMap":{"0":{"start":{"line":5,"column":19},"end":{"line":29,"column":1}},"1":{"start":{"line":6,"column":4},"end":{"line":6,"column":34}},"2":{"start":{"line":8,"column":21},"end":{"line":8,"column":25}},"3":{"start":{"line":10,"column":4},"end":{"line":16,"column":5}},"4":{"start":{"line":11,"column":8},"end":{"line":11,"column":61}},"5":{"start":{"line":13,"column":8},"end":{"line":15,"column":9}},"6":{"start":{"line":14,"column":12},"end":{"line":14,"column":17}},"7":{"start":{"line":18,"column":20},"end":{"line":18,"column":48}},"8":{"start":{"line":20,"column":4},"end":{"line":22,"column":5}},"9":{"start":{"line":21,"column":8},"end":{"line":21,"column":53}},"10":{"start":{"line":24,"column":4},"end":{"line":26,"column":5}},"11":{"start":{"line":25,"column":8},"end":{"line":25,"column":53}},"12":{"start":{"line":28,"column":4},"end":{"line":28,"column":15}},"13":{"start":{"line":33,"column":21},"end":{"line":35,"column":1}}},"fnMap":{"0":{"name":"(anonymous_0)","decl":{"start":{"line":5,"column":19},"end":{"line":5,"column":20}},"loc":{"start":{"line":5,"column":74},"end":{"line":29,"column":1}},"line":5},"1":{"name":"(anonymous_1)","decl":{"start":{"line":33,"column":21},"end":{"line":33,"column":22}},"loc":{"start":{"line":33,"column":27},"end":{"line":35,"column":1}},"line":33}},"branchMap":{"0":{"loc":{"start":{"line":5,"column":29},"end":{"line":5,"column":38}},"type":"default-arg","locations":[{"start":{"line":5,"column":36},"end":{"line":5,"column":38}}],"line":5},"1":{"loc":{"start":{"line":5,"column":40},"end":{"line":5,"column":54}},"type":"default-arg","locations":[{"start":{"line":5,"column":50},"end":{"line":5,"column":54}}],"line":5},"2":{"loc":{"start":{"line":5,"column":56},"end":{"line":5,"column":67}},"type":"default-arg","locations":[{"start":{"line":5,"column":65},"end":{"line":5,"column":67}}],"line":5},"3":{"loc":{"start":{"line":13,"column":8},"end":{"line":15,"column":9}},"type":"if","locations":[{"start":{"line":13,"column":8},"end":{"line":15,"column":9}},{"start":{},"end":{}}],"line":13},"4":{"loc":{"start":{"line":20,"column":4},"end":{"line":22,"column":5}},"type":"if","locations":[{"start":{"line":20,"column":4},"end":{"line":22,"column":5}},{"start":{},"end":{}}],"line":20},"5":{"loc":{"start":{"line":20,"column":8},"end":{"line":20,"column":39}},"type":"binary-expr","locations":[{"start":{"line":20,"column":8},"end":{"line":20,"column":19}},{"start":{"line":20,"column":23},"end":{"line":20,"column":39}}],"line":20},"6":{"loc":{"start":{"line":24,"column":4},"end":{"line":26,"column":5}},"type":"if","locations":[{"start":{"line":24,"column":4},"end":{"line":26,"column":5}},{"start":{},"end":{}}],"line":24},"7":{"loc":{"start":{"line":24,"column":8},"end":{"line":24,"column":38}},"type":"binary-expr","locations":[{"start":{"line":24,"column":8},"end":{"line":24,"column":18}},{"start":{"line":24,"column":22},"end":{"line":24,"column":38}}],"line":24}},"s":{"0":1,"1":0,"2":0,"3":0,"4":0,"5":0,"6":0,"7":0,"8":0,"9":0,"10":0,"11":0,"12":0,"13":1},"f":{"0":0,"1":1},"b":{"0":[0],"1":[0],"2":[0],"3":[0,0],"4":[0,0],"5":[0,0],"6":[0,0],"7":[0,0]},"_coverageSchema":"1a1c01bbd47fc00a2c39e90264f33305004495a9","hash":"82e5ada9d5792a9b7e4b0dd246dbb2888e8bc5aa"}
,"/app/src/rules/different.js": {"path":"/app/src/rules/different.js","statementMap":{"0":{"start":{"line":4,"column":18},"end":{"line":15,"column":1}},"1":{"start":{"line":5,"column":23},"end":{"line":5,"column":32}},"2":{"start":{"line":6,"column":28},"end":{"line":6,"column":44}},"3":{"start":{"line":8,"column":20},"end":{"line":8,"column":45}},"4":{"start":{"line":10,"column":4},"end":{"line":12,"column":5}},"5":{"start":{"line":11,"column":8},"end":{"line":11,"column":19}},"6":{"start":{"line":14,"column":4},"end":{"line":14,"column":87}},"7":{"start":{"line":19,"column":21},"end":{"line":21,"column":1}}},"fnMap":{"0":{"name":"(anonymous_0)","decl":{"start":{"line":4,"column":18},"end":{"line":4,"column":19}},"loc":{"start":{"line":4,"column":73},"end":{"line":15,"column":1}},"line":4},"1":{"name":"(anonymous_1)","decl":{"start":{"line":19,"column":21},"end":{"line":19,"column":22}},"loc":{"start":{"line":19,"column":27},"end":{"line":21,"column":1}},"line":19}},"branchMap":{"0":{"loc":{"start":{"line":4,"column":28},"end":{"line":4,"column":37}},"type":"default-arg","locations":[{"start":{"line":4,"column":35},"end":{"line":4,"column":37}}],"line":4},"1":{"loc":{"start":{"line":4,"column":39},"end":{"line":4,"column":53}},"type":"default-arg","locations":[{"start":{"line":4,"column":49},"end":{"line":4,"column":53}}],"line":4},"2":{"loc":{"start":{"line":4,"column":55},"end":{"line":4,"column":66}},"type":"default-arg","locations":[{"start":{"line":4,"column":64},"end":{"line":4,"column":66}}],"line":4},"3":{"loc":{"start":{"line":10,"column":4},"end":{"line":12,"column":5}},"type":"if","locations":[{"start":{"line":10,"column":4},"end":{"line":12,"column":5}},{"start":{},"end":{}}],"line":10}},"s":{"0":1,"1":0,"2":0,"3":0,"4":0,"5":0,"6":0,"7":1},"f":{"0":0,"1":1},"b":{"0":[0],"1":[0],"2":[0],"3":[0,0]},"_coverageSchema":"1a1c01bbd47fc00a2c39e90264f33305004495a9","hash":"6a9ba8273831687392d233117356910a01ded2c6"}
,"/app/src/rules/digits.js": {"path":"/app/src/rules/digits.js","statementMap":{"0":{"start":{"line":4,"column":15},"end":{"line":20,"column":1}},"1":{"start":{"line":5,"column":23},"end":{"line":5,"column":40}},"2":{"start":{"line":6,"column":21},"end":{"line":6,"column":36}},"3":{"start":{"line":7,"column":19},"end":{"line":7,"column":38}},"4":{"start":{"line":9,"column":19},"end":{"line":9,"column":81}},"5":{"start":{"line":11,"column":4},"end":{"line":13,"column":5}},"6":{"start":{"line":12,"column":8},"end":{"line":12,"column":57}},"7":{"start":{"line":15,"column":4},"end":{"line":17,"column":5}},"8":{"start":{"line":16,"column":8},"end":{"line":16,"column":19}},"9":{"start":{"line":19,"column":4},"end":{"line":19,"column":71}},"10":{"start":{"line":24,"column":21},"end":{"line":26,"column":1}}},"fnMap":{"0":{"name":"(anonymous_0)","decl":{"start":{"line":4,"column":15},"end":{"line":4,"column":16}},"loc":{"start":{"line":4,"column":59},"end":{"line":20,"column":1}},"line":4},"1":{"name":"(anonymous_1)","decl":{"start":{"line":24,"column":21},"end":{"line":24,"column":22}},"loc":{"start":{"line":24,"column":27},"end":{"line":26,"column":1}},"line":24}},"branchMap":{"0":{"loc":{"start":{"line":4,"column":25},"end":{"line":4,"column":39}},"type":"default-arg","locations":[{"start":{"line":4,"column":35},"end":{"line":4,"column":39}}],"line":4},"1":{"loc":{"start":{"line":4,"column":41},"end":{"line":4,"column":52}},"type":"default-arg","locations":[{"start":{"line":4,"column":50},"end":{"line":4,"column":52}}],"line":4},"2":{"loc":{"start":{"line":9,"column":19},"end":{"line":9,"column":81}},"type":"binary-expr","locations":[{"start":{"line":9,"column":19},"end":{"line":9,"column":49}},{"start":{"line":9,"column":53},"end":{"line":9,"column":81}}],"line":9},"3":{"loc":{"start":{"line":11,"column":4},"end":{"line":13,"column":5}},"type":"if","locations":[{"start":{"line":11,"column":4},"end":{"line":13,"column":5}},{"start":{},"end":{}}],"line":11},"4":{"loc":{"start":{"line":12,"column":18},"end":{"line":12,"column":57}},"type":"binary-expr","locations":[{"start":{"line":12,"column":18},"end":{"line":12,"column":25}},{"start":{"line":12,"column":29},"end":{"line":12,"column":57}}],"line":12},"5":{"loc":{"start":{"line":15,"column":4},"end":{"line":17,"column":5}},"type":"if","locations":[{"start":{"line":15,"column":4},"end":{"line":17,"column":5}},{"start":{},"end":{}}],"line":15}},"s":{"0":1,"1":0,"2":0,"3":0,"4":0,"5":0,"6":0,"7":0,"8":0,"9":0,"10":1},"f":{"0":0,"1":1},"b":{"0":[0],"1":[0],"2":[0,0],"3":[0,0],"4":[0,0],"5":[0,0]},"_coverageSchema":"1a1c01bbd47fc00a2c39e90264f33305004495a9","hash":"fb80715e48aea00493a63010bf362402b8e148bb"}
,"/app/src/rules/digitsBetween.js": {"path":"/app/src/rules/digitsBetween.js","statementMap":{"0":{"start":{"line":4,"column":22},"end":{"line":17,"column":1}},"1":{"start":{"line":5,"column":29},"end":{"line":5,"column":35}},"2":{"start":{"line":6,"column":16},"end":{"line":6,"column":40}},"3":{"start":{"line":7,"column":16},"end":{"line":7,"column":40}},"4":{"start":{"line":8,"column":24},"end":{"line":8,"column":41}},"5":{"start":{"line":10,"column":20},"end":{"line":10,"column":60}},"6":{"start":{"line":12,"column":4},"end":{"line":14,"column":5}},"7":{"start":{"line":13,"column":8},"end":{"line":13,"column":19}},"8":{"start":{"line":16,"column":4},"end":{"line":16,"column":80}},"9":{"start":{"line":21,"column":21},"end":{"line":23,"column":1}}},"fnMap":{"0":{"name":"(anonymous_0)","decl":{"start":{"line":4,"column":22},"end":{"line":4,"column":23}},"loc":{"start":{"line":4,"column":66},"end":{"line":17,"column":1}},"line":4},"1":{"name":"(anonymous_1)","decl":{"start":{"line":21,"column":21},"end":{"line":21,"column":22}},"loc":{"start":{"line":21,"column":27},"end":{"line":23,"column":1}},"line":21}},"branchMap":{"0":{"loc":{"start":{"line":4,"column":32},"end":{"line":4,"column":46}},"type":"default-arg","locations":[{"start":{"line":4,"column":42},"end":{"line":4,"column":46}}],"line":4},"1":{"loc":{"start":{"line":4,"column":48},"end":{"line":4,"column":59}},"type":"default-arg","locations":[{"start":{"line":4,"column":57},"end":{"line":4,"column":59}}],"line":4},"2":{"loc":{"start":{"line":10,"column":20},"end":{"line":10,"column":60}},"type":"binary-expr","locations":[{"start":{"line":10,"column":20},"end":{"line":10,"column":38}},{"start":{"line":10,"column":42},"end":{"line":10,"column":60}}],"line":10},"3":{"loc":{"start":{"line":12,"column":4},"end":{"line":14,"column":5}},"type":"if","locations":[{"start":{"line":12,"column":4},"end":{"line":14,"column":5}},{"start":{},"end":{}}],"line":12}},"s":{"0":1,"1":0,"2":0,"3":0,"4":0,"5":0,"6":0,"7":0,"8":0,"9":1},"f":{"0":0,"1":1},"b":{"0":[0],"1":[0],"2":[0,0],"3":[0,0]},"_coverageSchema":"1a1c01bbd47fc00a2c39e90264f33305004495a9","hash":"f9c6496d3b31d6587d6612a248182b3682f13137"}
,"/app/src/rules/email.js": {"path":"/app/src/rules/email.js","statementMap":{"0":{"start":{"line":4,"column":14},"end":{"line":14,"column":1}},"1":{"start":{"line":5,"column":18},"end":{"line":5,"column":171}},"2":{"start":{"line":7,"column":20},"end":{"line":7,"column":37}},"3":{"start":{"line":9,"column":4},"end":{"line":11,"column":5}},"4":{"start":{"line":10,"column":8},"end":{"line":10,"column":19}},"5":{"start":{"line":13,"column":4},"end":{"line":13,"column":48}},"6":{"start":{"line":18,"column":21},"end":{"line":20,"column":1}}},"fnMap":{"0":{"name":"(anonymous_0)","decl":{"start":{"line":4,"column":14},"end":{"line":4,"column":15}},"loc":{"start":{"line":4,"column":38},"end":{"line":14,"column":1}},"line":4},"1":{"name":"(anonymous_1)","decl":{"start":{"line":18,"column":21},"end":{"line":18,"column":22}},"loc":{"start":{"line":18,"column":27},"end":{"line":20,"column":1}},"line":18}},"branchMap":{"0":{"loc":{"start":{"line":9,"column":4},"end":{"line":11,"column":5}},"type":"if","locations":[{"start":{"line":9,"column":4},"end":{"line":11,"column":5}},{"start":{},"end":{}}],"line":9}},"s":{"0":1,"1":0,"2":0,"3":0,"4":0,"5":0,"6":1},"f":{"0":0,"1":1},"b":{"0":[0,0]},"_coverageSchema":"1a1c01bbd47fc00a2c39e90264f33305004495a9","hash":"b04a44e7de9cc5b7ebf39a61f082b16c48ca5286"}
,"/app/src/rules/endsWith.js": {"path":"/app/src/rules/endsWith.js","statementMap":{"0":{"start":{"line":4,"column":17},"end":{"line":24,"column":1}},"1":{"start":{"line":5,"column":18},"end":{"line":5,"column":23}},"2":{"start":{"line":7,"column":4},"end":{"line":17,"column":5}},"3":{"start":{"line":8,"column":8},"end":{"line":12,"column":9}},"4":{"start":{"line":9,"column":12},"end":{"line":9,"column":56}},"5":{"start":{"line":11,"column":12},"end":{"line":11,"column":49}},"6":{"start":{"line":14,"column":8},"end":{"line":16,"column":9}},"7":{"start":{"line":15,"column":12},"end":{"line":15,"column":18}},"8":{"start":{"line":19,"column":4},"end":{"line":21,"column":5}},"9":{"start":{"line":20,"column":8},"end":{"line":20,"column":19}},"10":{"start":{"line":23,"column":4},"end":{"line":23,"column":80}},"11":{"start":{"line":28,"column":21},"end":{"line":30,"column":1}}},"fnMap":{"0":{"name":"(anonymous_0)","decl":{"start":{"line":4,"column":17},"end":{"line":4,"column":18}},"loc":{"start":{"line":4,"column":61},"end":{"line":24,"column":1}},"line":4},"1":{"name":"(anonymous_1)","decl":{"start":{"line":28,"column":21},"end":{"line":28,"column":22}},"loc":{"start":{"line":28,"column":27},"end":{"line":30,"column":1}},"line":28}},"branchMap":{"0":{"loc":{"start":{"line":4,"column":27},"end":{"line":4,"column":41}},"type":"default-arg","locations":[{"start":{"line":4,"column":37},"end":{"line":4,"column":41}}],"line":4},"1":{"loc":{"start":{"line":4,"column":43},"end":{"line":4,"column":54}},"type":"default-arg","locations":[{"start":{"line":4,"column":52},"end":{"line":4,"column":54}}],"line":4},"2":{"loc":{"start":{"line":8,"column":8},"end":{"line":12,"column":9}},"type":"if","locations":[{"start":{"line":8,"column":8},"end":{"line":12,"column":9}},{"start":{"line":10,"column":15},"end":{"line":12,"column":9}}],"line":8},"3":{"loc":{"start":{"line":14,"column":8},"end":{"line":16,"column":9}},"type":"if","locations":[{"start":{"line":14,"column":8},"end":{"line":16,"column":9}},{"start":{},"end":{}}],"line":14},"4":{"loc":{"start":{"line":19,"column":4},"end":{"line":21,"column":5}},"type":"if","locations":[{"start":{"line":19,"column":4},"end":{"line":21,"column":5}},{"start":{},"end":{}}],"line":19}},"s":{"0":1,"1":0,"2":0,"3":0,"4":0,"5":0,"6":0,"7":0,"8":0,"9":0,"10":0,"11":1},"f":{"0":0,"1":1},"b":{"0":[0],"1":[0],"2":[0,0],"3":[0,0],"4":[0,0]},"_coverageSchema":"1a1c01bbd47fc00a2c39e90264f33305004495a9","hash":"be05fe24b98e9471e81198d0be935aa032b950ba"}
,"/app/src/rules/filled.js": {"path":"/app/src/rules/filled.js","statementMap":{"0":{"start":{"line":4,"column":15},"end":{"line":13,"column":1}},"1":{"start":{"line":5,"column":26},"end":{"line":5,"column":47}},"2":{"start":{"line":6,"column":20},"end":{"line":6,"column":50}},"3":{"start":{"line":8,"column":4},"end":{"line":10,"column":5}},"4":{"start":{"line":9,"column":8},"end":{"line":9,"column":19}},"5":{"start":{"line":12,"column":4},"end":{"line":12,"column":48}},"6":{"start":{"line":17,"column":21},"end":{"line":19,"column":1}}},"fnMap":{"0":{"name":"(anonymous_0)","decl":{"start":{"line":4,"column":15},"end":{"line":4,"column":16}},"loc":{"start":{"line":4,"column":39},"end":{"line":13,"column":1}},"line":4},"1":{"name":"(anonymous_1)","decl":{"start":{"line":17,"column":21},"end":{"line":17,"column":22}},"loc":{"start":{"line":17,"column":27},"end":{"line":19,"column":1}},"line":17}},"branchMap":{"0":{"loc":{"start":{"line":8,"column":4},"end":{"line":10,"column":5}},"type":"if","locations":[{"start":{"line":8,"column":4},"end":{"line":10,"column":5}},{"start":{},"end":{}}],"line":8}},"s":{"0":1,"1":0,"2":0,"3":0,"4":0,"5":0,"6":1},"f":{"0":0,"1":1},"b":{"0":[0,0]},"_coverageSchema":"1a1c01bbd47fc00a2c39e90264f33305004495a9","hash":"00431afc57220e27dad62aba329964773444e1a3"}
,"/app/src/rules/gt.js": {"path":"/app/src/rules/gt.js","statementMap":{"0":{"start":{"line":4,"column":11},"end":{"line":15,"column":1}},"1":{"start":{"line":5,"column":23},"end":{"line":5,"column":32}},"2":{"start":{"line":6,"column":28},"end":{"line":6,"column":44}},"3":{"start":{"line":8,"column":20},"end":{"line":8,"column":43}},"4":{"start":{"line":10,"column":4},"end":{"line":12,"column":5}},"5":{"start":{"line":11,"column":8},"end":{"line":11,"column":19}},"6":{"start":{"line":14,"column":4},"end":{"line":14,"column":87}},"7":{"start":{"line":19,"column":21},"end":{"line":21,"column":1}}},"fnMap":{"0":{"name":"(anonymous_0)","decl":{"start":{"line":4,"column":11},"end":{"line":4,"column":12}},"loc":{"start":{"line":4,"column":66},"end":{"line":15,"column":1}},"line":4},"1":{"name":"(anonymous_1)","decl":{"start":{"line":19,"column":21},"end":{"line":19,"column":22}},"loc":{"start":{"line":19,"column":27},"end":{"line":21,"column":1}},"line":19}},"branchMap":{"0":{"loc":{"start":{"line":4,"column":21},"end":{"line":4,"column":30}},"type":"default-arg","locations":[{"start":{"line":4,"column":28},"end":{"line":4,"column":30}}],"line":4},"1":{"loc":{"start":{"line":4,"column":32},"end":{"line":4,"column":46}},"type":"default-arg","locations":[{"start":{"line":4,"column":42},"end":{"line":4,"column":46}}],"line":4},"2":{"loc":{"start":{"line":4,"column":48},"end":{"line":4,"column":59}},"type":"default-arg","locations":[{"start":{"line":4,"column":57},"end":{"line":4,"column":59}}],"line":4},"3":{"loc":{"start":{"line":10,"column":4},"end":{"line":12,"column":5}},"type":"if","locations":[{"start":{"line":10,"column":4},"end":{"line":12,"column":5}},{"start":{},"end":{}}],"line":10}},"s":{"0":1,"1":0,"2":0,"3":0,"4":0,"5":0,"6":0,"7":1},"f":{"0":0,"1":1},"b":{"0":[0],"1":[0],"2":[0],"3":[0,0]},"_coverageSchema":"1a1c01bbd47fc00a2c39e90264f33305004495a9","hash":"02aa045d596e0b6c38f8ff5460a6b7e502678379"}
,"/app/src/rules/gte.js": {"path":"/app/src/rules/gte.js","statementMap":{"0":{"start":{"line":4,"column":12},"end":{"line":15,"column":1}},"1":{"start":{"line":5,"column":23},"end":{"line":5,"column":32}},"2":{"start":{"line":6,"column":28},"end":{"line":6,"column":44}},"3":{"start":{"line":8,"column":20},"end":{"line":8,"column":44}},"4":{"start":{"line":10,"column":4},"end":{"line":12,"column":5}},"5":{"start":{"line":11,"column":8},"end":{"line":11,"column":19}},"6":{"start":{"line":14,"column":4},"end":{"line":14,"column":87}},"7":{"start":{"line":19,"column":21},"end":{"line":21,"column":1}}},"fnMap":{"0":{"name":"(anonymous_0)","decl":{"start":{"line":4,"column":12},"end":{"line":4,"column":13}},"loc":{"start":{"line":4,"column":67},"end":{"line":15,"column":1}},"line":4},"1":{"name":"(anonymous_1)","decl":{"start":{"line":19,"column":21},"end":{"line":19,"column":22}},"loc":{"start":{"line":19,"column":27},"end":{"line":21,"column":1}},"line":19}},"branchMap":{"0":{"loc":{"start":{"line":4,"column":22},"end":{"line":4,"column":31}},"type":"default-arg","locations":[{"start":{"line":4,"column":29},"end":{"line":4,"column":31}}],"line":4},"1":{"loc":{"start":{"line":4,"column":33},"end":{"line":4,"column":47}},"type":"default-arg","locations":[{"start":{"line":4,"column":43},"end":{"line":4,"column":47}}],"line":4},"2":{"loc":{"start":{"line":4,"column":49},"end":{"line":4,"column":60}},"type":"default-arg","locations":[{"start":{"line":4,"column":58},"end":{"line":4,"column":60}}],"line":4},"3":{"loc":{"start":{"line":10,"column":4},"end":{"line":12,"column":5}},"type":"if","locations":[{"start":{"line":10,"column":4},"end":{"line":12,"column":5}},{"start":{},"end":{}}],"line":10}},"s":{"0":1,"1":0,"2":0,"3":0,"4":0,"5":0,"6":0,"7":1},"f":{"0":0,"1":1},"b":{"0":[0],"1":[0],"2":[0],"3":[0,0]},"_coverageSchema":"1a1c01bbd47fc00a2c39e90264f33305004495a9","hash":"7a29c5e699b660df05faaf9a104d50881b585932"}
,"/app/src/rules/in.js": {"path":"/app/src/rules/in.js","statementMap":{"0":{"start":{"line":4,"column":12},"end":{"line":12,"column":1}},"1":{"start":{"line":5,"column":20},"end":{"line":5,"column":42}},"2":{"start":{"line":7,"column":4},"end":{"line":9,"column":5}},"3":{"start":{"line":8,"column":8},"end":{"line":8,"column":19}},"4":{"start":{"line":11,"column":4},"end":{"line":11,"column":80}},"5":{"start":{"line":16,"column":21},"end":{"line":18,"column":1}}},"fnMap":{"0":{"name":"(anonymous_0)","decl":{"start":{"line":4,"column":12},"end":{"line":4,"column":13}},"loc":{"start":{"line":4,"column":56},"end":{"line":12,"column":1}},"line":4},"1":{"name":"(anonymous_1)","decl":{"start":{"line":16,"column":21},"end":{"line":16,"column":22}},"loc":{"start":{"line":16,"column":27},"end":{"line":18,"column":1}},"line":16}},"branchMap":{"0":{"loc":{"start":{"line":4,"column":22},"end":{"line":4,"column":36}},"type":"default-arg","locations":[{"start":{"line":4,"column":32},"end":{"line":4,"column":36}}],"line":4},"1":{"loc":{"start":{"line":4,"column":38},"end":{"line":4,"column":49}},"type":"default-arg","locations":[{"start":{"line":4,"column":47},"end":{"line":4,"column":49}}],"line":4},"2":{"loc":{"start":{"line":7,"column":4},"end":{"line":9,"column":5}},"type":"if","locations":[{"start":{"line":7,"column":4},"end":{"line":9,"column":5}},{"start":{},"end":{}}],"line":7}},"s":{"0":1,"1":0,"2":0,"3":0,"4":0,"5":1},"f":{"0":0,"1":1},"b":{"0":[0],"1":[0],"2":[0,0]},"_coverageSchema":"1a1c01bbd47fc00a2c39e90264f33305004495a9","hash":"c0eaf582bed6fc643aefeb86cc3d468a5bdef896"}
,"/app/src/rules/inArray.js": {"path":"/app/src/rules/inArray.js","statementMap":{"0":{"start":{"line":4,"column":16},"end":{"line":15,"column":1}},"1":{"start":{"line":5,"column":23},"end":{"line":5,"column":32}},"2":{"start":{"line":6,"column":28},"end":{"line":6,"column":44}},"3":{"start":{"line":8,"column":20},"end":{"line":8,"column":85}},"4":{"start":{"line":10,"column":4},"end":{"line":12,"column":5}},"5":{"start":{"line":11,"column":8},"end":{"line":11,"column":19}},"6":{"start":{"line":14,"column":4},"end":{"line":14,"column":89}},"7":{"start":{"line":19,"column":21},"end":{"line":21,"column":1}}},"fnMap":{"0":{"name":"(anonymous_0)","decl":{"start":{"line":4,"column":16},"end":{"line":4,"column":17}},"loc":{"start":{"line":4,"column":71},"end":{"line":15,"column":1}},"line":4},"1":{"name":"(anonymous_1)","decl":{"start":{"line":19,"column":21},"end":{"line":19,"column":22}},"loc":{"start":{"line":19,"column":27},"end":{"line":21,"column":1}},"line":19}},"branchMap":{"0":{"loc":{"start":{"line":4,"column":26},"end":{"line":4,"column":35}},"type":"default-arg","locations":[{"start":{"line":4,"column":33},"end":{"line":4,"column":35}}],"line":4},"1":{"loc":{"start":{"line":4,"column":37},"end":{"line":4,"column":51}},"type":"default-arg","locations":[{"start":{"line":4,"column":47},"end":{"line":4,"column":51}}],"line":4},"2":{"loc":{"start":{"line":4,"column":53},"end":{"line":4,"column":64}},"type":"default-arg","locations":[{"start":{"line":4,"column":62},"end":{"line":4,"column":64}}],"line":4},"3":{"loc":{"start":{"line":8,"column":20},"end":{"line":8,"column":85}},"type":"binary-expr","locations":[{"start":{"line":8,"column":20},"end":{"line":8,"column":50}},{"start":{"line":8,"column":54},"end":{"line":8,"column":85}}],"line":8},"4":{"loc":{"start":{"line":10,"column":4},"end":{"line":12,"column":5}},"type":"if","locations":[{"start":{"line":10,"column":4},"end":{"line":12,"column":5}},{"start":{},"end":{}}],"line":10}},"s":{"0":1,"1":0,"2":0,"3":0,"4":0,"5":0,"6":0,"7":1},"f":{"0":0,"1":1},"b":{"0":[0],"1":[0],"2":[0],"3":[0,0],"4":[0,0]},"_coverageSchema":"1a1c01bbd47fc00a2c39e90264f33305004495a9","hash":"4ebbaf1d77cce3f4302b651557c1ee6a98175d31"}
,"/app/src/rules/integer.js": {"path":"/app/src/rules/integer.js","statementMap":{"0":{"start":{"line":4,"column":16},"end":{"line":12,"column":1}},"1":{"start":{"line":5,"column":20},"end":{"line":5,"column":44}},"2":{"start":{"line":7,"column":4},"end":{"line":9,"column":5}},"3":{"start":{"line":8,"column":8},"end":{"line":8,"column":19}},"4":{"start":{"line":11,"column":4},"end":{"line":11,"column":48}},"5":{"start":{"line":16,"column":21},"end":{"line":18,"column":1}}},"fnMap":{"0":{"name":"(anonymous_0)","decl":{"start":{"line":4,"column":16},"end":{"line":4,"column":17}},"loc":{"start":{"line":4,"column":40},"end":{"line":12,"column":1}},"line":4},"1":{"name":"(anonymous_1)","decl":{"start":{"line":16,"column":21},"end":{"line":16,"column":22}},"loc":{"start":{"line":16,"column":27},"end":{"line":18,"column":1}},"line":16}},"branchMap":{"0":{"loc":{"start":{"line":7,"column":4},"end":{"line":9,"column":5}},"type":"if","locations":[{"start":{"line":7,"column":4},"end":{"line":9,"column":5}},{"start":{},"end":{}}],"line":7}},"s":{"0":1,"1":0,"2":0,"3":0,"4":0,"5":1},"f":{"0":0,"1":1},"b":{"0":[0,0]},"_coverageSchema":"1a1c01bbd47fc00a2c39e90264f33305004495a9","hash":"2a6a8e270fdb0756906067c2fa85b3912dbdfba9"}
,"/app/src/rules/lt.js": {"path":"/app/src/rules/lt.js","statementMap":{"0":{"start":{"line":4,"column":11},"end":{"line":15,"column":1}},"1":{"start":{"line":5,"column":23},"end":{"line":5,"column":32}},"2":{"start":{"line":6,"column":28},"end":{"line":6,"column":44}},"3":{"start":{"line":8,"column":20},"end":{"line":8,"column":43}},"4":{"start":{"line":10,"column":4},"end":{"line":12,"column":5}},"5":{"start":{"line":11,"column":8},"end":{"line":11,"column":19}},"6":{"start":{"line":14,"column":4},"end":{"line":14,"column":87}},"7":{"start":{"line":19,"column":21},"end":{"line":21,"column":1}}},"fnMap":{"0":{"name":"(anonymous_0)","decl":{"start":{"line":4,"column":11},"end":{"line":4,"column":12}},"loc":{"start":{"line":4,"column":66},"end":{"line":15,"column":1}},"line":4},"1":{"name":"(anonymous_1)","decl":{"start":{"line":19,"column":21},"end":{"line":19,"column":22}},"loc":{"start":{"line":19,"column":27},"end":{"line":21,"column":1}},"line":19}},"branchMap":{"0":{"loc":{"start":{"line":4,"column":21},"end":{"line":4,"column":30}},"type":"default-arg","locations":[{"start":{"line":4,"column":28},"end":{"line":4,"column":30}}],"line":4},"1":{"loc":{"start":{"line":4,"column":32},"end":{"line":4,"column":46}},"type":"default-arg","locations":[{"start":{"line":4,"column":42},"end":{"line":4,"column":46}}],"line":4},"2":{"loc":{"start":{"line":4,"column":48},"end":{"line":4,"column":59}},"type":"default-arg","locations":[{"start":{"line":4,"column":57},"end":{"line":4,"column":59}}],"line":4},"3":{"loc":{"start":{"line":10,"column":4},"end":{"line":12,"column":5}},"type":"if","locations":[{"start":{"line":10,"column":4},"end":{"line":12,"column":5}},{"start":{},"end":{}}],"line":10}},"s":{"0":1,"1":0,"2":0,"3":0,"4":0,"5":0,"6":0,"7":1},"f":{"0":0,"1":1},"b":{"0":[0],"1":[0],"2":[0],"3":[0,0]},"_coverageSchema":"1a1c01bbd47fc00a2c39e90264f33305004495a9","hash":"eb2e004f606bbfadd3ce64ec399b14e77c0208f6"}
,"/app/src/rules/lte.js": {"path":"/app/src/rules/lte.js","statementMap":{"0":{"start":{"line":4,"column":12},"end":{"line":15,"column":1}},"1":{"start":{"line":5,"column":23},"end":{"line":5,"column":32}},"2":{"start":{"line":6,"column":28},"end":{"line":6,"column":44}},"3":{"start":{"line":8,"column":20},"end":{"line":8,"column":44}},"4":{"start":{"line":10,"column":4},"end":{"line":12,"column":5}},"5":{"start":{"line":11,"column":8},"end":{"line":11,"column":19}},"6":{"start":{"line":14,"column":4},"end":{"line":14,"column":87}},"7":{"start":{"line":19,"column":21},"end":{"line":21,"column":1}}},"fnMap":{"0":{"name":"(anonymous_0)","decl":{"start":{"line":4,"column":12},"end":{"line":4,"column":13}},"loc":{"start":{"line":4,"column":67},"end":{"line":15,"column":1}},"line":4},"1":{"name":"(anonymous_1)","decl":{"start":{"line":19,"column":21},"end":{"line":19,"column":22}},"loc":{"start":{"line":19,"column":27},"end":{"line":21,"column":1}},"line":19}},"branchMap":{"0":{"loc":{"start":{"line":4,"column":22},"end":{"line":4,"column":31}},"type":"default-arg","locations":[{"start":{"line":4,"column":29},"end":{"line":4,"column":31}}],"line":4},"1":{"loc":{"start":{"line":4,"column":33},"end":{"line":4,"column":47}},"type":"default-arg","locations":[{"start":{"line":4,"column":43},"end":{"line":4,"column":47}}],"line":4},"2":{"loc":{"start":{"line":4,"column":49},"end":{"line":4,"column":60}},"type":"default-arg","locations":[{"start":{"line":4,"column":58},"end":{"line":4,"column":60}}],"line":4},"3":{"loc":{"start":{"line":10,"column":4},"end":{"line":12,"column":5}},"type":"if","locations":[{"start":{"line":10,"column":4},"end":{"line":12,"column":5}},{"start":{},"end":{}}],"line":10}},"s":{"0":1,"1":0,"2":0,"3":0,"4":0,"5":0,"6":0,"7":1},"f":{"0":0,"1":1},"b":{"0":[0],"1":[0],"2":[0],"3":[0,0]},"_coverageSchema":"1a1c01bbd47fc00a2c39e90264f33305004495a9","hash":"bc89b1f4629e3ba37cec9b66d7d5cae37449d90f"}
,"/app/src/rules/max.js": {"path":"/app/src/rules/max.js","statementMap":{"0":{"start":{"line":4,"column":12},"end":{"line":14,"column":1}},"1":{"start":{"line":5,"column":21},"end":{"line":5,"column":42}},"2":{"start":{"line":7,"column":20},"end":{"line":7,"column":37}},"3":{"start":{"line":9,"column":4},"end":{"line":11,"column":5}},"4":{"start":{"line":10,"column":8},"end":{"line":10,"column":19}},"5":{"start":{"line":13,"column":4},"end":{"line":13,"column":70}},"6":{"start":{"line":18,"column":21},"end":{"line":20,"column":1}}},"fnMap":{"0":{"name":"(anonymous_0)","decl":{"start":{"line":4,"column":12},"end":{"line":4,"column":13}},"loc":{"start":{"line":4,"column":56},"end":{"line":14,"column":1}},"line":4},"1":{"name":"(anonymous_1)","decl":{"start":{"line":18,"column":21},"end":{"line":18,"column":22}},"loc":{"start":{"line":18,"column":27},"end":{"line":20,"column":1}},"line":18}},"branchMap":{"0":{"loc":{"start":{"line":4,"column":22},"end":{"line":4,"column":36}},"type":"default-arg","locations":[{"start":{"line":4,"column":32},"end":{"line":4,"column":36}}],"line":4},"1":{"loc":{"start":{"line":4,"column":38},"end":{"line":4,"column":49}},"type":"default-arg","locations":[{"start":{"line":4,"column":47},"end":{"line":4,"column":49}}],"line":4},"2":{"loc":{"start":{"line":9,"column":4},"end":{"line":11,"column":5}},"type":"if","locations":[{"start":{"line":9,"column":4},"end":{"line":11,"column":5}},{"start":{},"end":{}}],"line":9}},"s":{"0":1,"1":0,"2":0,"3":0,"4":0,"5":0,"6":1},"f":{"0":0,"1":1},"b":{"0":[0],"1":[0],"2":[0,0]},"_coverageSchema":"1a1c01bbd47fc00a2c39e90264f33305004495a9","hash":"aa6eea7b1513f1061d8e91356267722c7af75fcc"}
,"/app/src/rules/min.js": {"path":"/app/src/rules/min.js","statementMap":{"0":{"start":{"line":4,"column":12},"end":{"line":14,"column":1}},"1":{"start":{"line":5,"column":21},"end":{"line":5,"column":42}},"2":{"start":{"line":7,"column":20},"end":{"line":7,"column":37}},"3":{"start":{"line":9,"column":4},"end":{"line":11,"column":5}},"4":{"start":{"line":10,"column":8},"end":{"line":10,"column":19}},"5":{"start":{"line":13,"column":4},"end":{"line":13,"column":70}},"6":{"start":{"line":18,"column":21},"end":{"line":20,"column":1}}},"fnMap":{"0":{"name":"(anonymous_0)","decl":{"start":{"line":4,"column":12},"end":{"line":4,"column":13}},"loc":{"start":{"line":4,"column":56},"end":{"line":14,"column":1}},"line":4},"1":{"name":"(anonymous_1)","decl":{"start":{"line":18,"column":21},"end":{"line":18,"column":22}},"loc":{"start":{"line":18,"column":27},"end":{"line":20,"column":1}},"line":18}},"branchMap":{"0":{"loc":{"start":{"line":4,"column":22},"end":{"line":4,"column":36}},"type":"default-arg","locations":[{"start":{"line":4,"column":32},"end":{"line":4,"column":36}}],"line":4},"1":{"loc":{"start":{"line":4,"column":38},"end":{"line":4,"column":49}},"type":"default-arg","locations":[{"start":{"line":4,"column":47},"end":{"line":4,"column":49}}],"line":4},"2":{"loc":{"start":{"line":9,"column":4},"end":{"line":11,"column":5}},"type":"if","locations":[{"start":{"line":9,"column":4},"end":{"line":11,"column":5}},{"start":{},"end":{}}],"line":9}},"s":{"0":1,"1":0,"2":0,"3":0,"4":0,"5":0,"6":1},"f":{"0":0,"1":1},"b":{"0":[0],"1":[0],"2":[0,0]},"_coverageSchema":"1a1c01bbd47fc00a2c39e90264f33305004495a9","hash":"1a115bd8c9cf5c8431efac445d63c78b3527169e"}
,"/app/src/rules/notIn.js": {"path":"/app/src/rules/notIn.js","statementMap":{"0":{"start":{"line":4,"column":14},"end":{"line":12,"column":1}},"1":{"start":{"line":5,"column":20},"end":{"line":5,"column":43}},"2":{"start":{"line":7,"column":4},"end":{"line":9,"column":5}},"3":{"start":{"line":8,"column":8},"end":{"line":8,"column":19}},"4":{"start":{"line":11,"column":4},"end":{"line":11,"column":80}},"5":{"start":{"line":16,"column":21},"end":{"line":18,"column":1}}},"fnMap":{"0":{"name":"(anonymous_0)","decl":{"start":{"line":4,"column":14},"end":{"line":4,"column":15}},"loc":{"start":{"line":4,"column":58},"end":{"line":12,"column":1}},"line":4},"1":{"name":"(anonymous_1)","decl":{"start":{"line":16,"column":21},"end":{"line":16,"column":22}},"loc":{"start":{"line":16,"column":27},"end":{"line":18,"column":1}},"line":16}},"branchMap":{"0":{"loc":{"start":{"line":4,"column":24},"end":{"line":4,"column":38}},"type":"default-arg","locations":[{"start":{"line":4,"column":34},"end":{"line":4,"column":38}}],"line":4},"1":{"loc":{"start":{"line":4,"column":40},"end":{"line":4,"column":51}},"type":"default-arg","locations":[{"start":{"line":4,"column":49},"end":{"line":4,"column":51}}],"line":4},"2":{"loc":{"start":{"line":7,"column":4},"end":{"line":9,"column":5}},"type":"if","locations":[{"start":{"line":7,"column":4},"end":{"line":9,"column":5}},{"start":{},"end":{}}],"line":7}},"s":{"0":1,"1":0,"2":0,"3":0,"4":0,"5":1},"f":{"0":0,"1":1},"b":{"0":[0],"1":[0],"2":[0,0]},"_coverageSchema":"1a1c01bbd47fc00a2c39e90264f33305004495a9","hash":"d36ab05977b850a15121513553177065dab86aaf"}
,"/app/src/rules/notRegex.js": {"path":"/app/src/rules/notRegex.js","statementMap":{"0":{"start":{"line":4,"column":17},"end":{"line":14,"column":1}},"1":{"start":{"line":5,"column":18},"end":{"line":5,"column":44}},"2":{"start":{"line":7,"column":20},"end":{"line":7,"column":43}},"3":{"start":{"line":9,"column":4},"end":{"line":11,"column":5}},"4":{"start":{"line":10,"column":8},"end":{"line":10,"column":19}},"5":{"start":{"line":13,"column":4},"end":{"line":13,"column":48}},"6":{"start":{"line":18,"column":21},"end":{"line":20,"column":1}}},"fnMap":{"0":{"name":"(anonymous_0)","decl":{"start":{"line":4,"column":17},"end":{"line":4,"column":18}},"loc":{"start":{"line":4,"column":61},"end":{"line":14,"column":1}},"line":4},"1":{"name":"(anonymous_1)","decl":{"start":{"line":18,"column":21},"end":{"line":18,"column":22}},"loc":{"start":{"line":18,"column":27},"end":{"line":20,"column":1}},"line":18}},"branchMap":{"0":{"loc":{"start":{"line":4,"column":27},"end":{"line":4,"column":41}},"type":"default-arg","locations":[{"start":{"line":4,"column":37},"end":{"line":4,"column":41}}],"line":4},"1":{"loc":{"start":{"line":4,"column":43},"end":{"line":4,"column":54}},"type":"default-arg","locations":[{"start":{"line":4,"column":52},"end":{"line":4,"column":54}}],"line":4},"2":{"loc":{"start":{"line":9,"column":4},"end":{"line":11,"column":5}},"type":"if","locations":[{"start":{"line":9,"column":4},"end":{"line":11,"column":5}},{"start":{},"end":{}}],"line":9}},"s":{"0":1,"1":0,"2":0,"3":0,"4":0,"5":0,"6":1},"f":{"0":0,"1":1},"b":{"0":[0],"1":[0],"2":[0,0]},"_coverageSchema":"1a1c01bbd47fc00a2c39e90264f33305004495a9","hash":"7862aea9db173e49eb98d86b9fb59779c11d4987"}
,"/app/src/rules/nullable.js": {"path":"/app/src/rules/nullable.js","statementMap":{"0":{"start":{"line":4,"column":17},"end":{"line":12,"column":1}},"1":{"start":{"line":5,"column":20},"end":{"line":5,"column":34}},"2":{"start":{"line":7,"column":4},"end":{"line":9,"column":5}},"3":{"start":{"line":8,"column":8},"end":{"line":8,"column":19}},"4":{"start":{"line":11,"column":4},"end":{"line":11,"column":48}},"5":{"start":{"line":16,"column":21},"end":{"line":18,"column":1}}},"fnMap":{"0":{"name":"(anonymous_0)","decl":{"start":{"line":4,"column":17},"end":{"line":4,"column":18}},"loc":{"start":{"line":4,"column":41},"end":{"line":12,"column":1}},"line":4},"1":{"name":"(anonymous_1)","decl":{"start":{"line":16,"column":21},"end":{"line":16,"column":22}},"loc":{"start":{"line":16,"column":27},"end":{"line":18,"column":1}},"line":16}},"branchMap":{"0":{"loc":{"start":{"line":7,"column":4},"end":{"line":9,"column":5}},"type":"if","locations":[{"start":{"line":7,"column":4},"end":{"line":9,"column":5}},{"start":{},"end":{}}],"line":7}},"s":{"0":1,"1":0,"2":0,"3":0,"4":0,"5":1},"f":{"0":0,"1":1},"b":{"0":[0,0]},"_coverageSchema":"1a1c01bbd47fc00a2c39e90264f33305004495a9","hash":"8ddb02b50d3506efba1daee1361bb667cbfa5a43"}
,"/app/src/rules/numeric.js": {"path":"/app/src/rules/numeric.js","statementMap":{"0":{"start":{"line":4,"column":16},"end":{"line":12,"column":1}},"1":{"start":{"line":5,"column":20},"end":{"line":5,"column":33}},"2":{"start":{"line":7,"column":4},"end":{"line":9,"column":5}},"3":{"start":{"line":8,"column":8},"end":{"line":8,"column":19}},"4":{"start":{"line":11,"column":4},"end":{"line":11,"column":48}},"5":{"start":{"line":16,"column":21},"end":{"line":18,"column":1}}},"fnMap":{"0":{"name":"(anonymous_0)","decl":{"start":{"line":4,"column":16},"end":{"line":4,"column":17}},"loc":{"start":{"line":4,"column":40},"end":{"line":12,"column":1}},"line":4},"1":{"name":"(anonymous_1)","decl":{"start":{"line":16,"column":21},"end":{"line":16,"column":22}},"loc":{"start":{"line":16,"column":27},"end":{"line":18,"column":1}},"line":16}},"branchMap":{"0":{"loc":{"start":{"line":7,"column":4},"end":{"line":9,"column":5}},"type":"if","locations":[{"start":{"line":7,"column":4},"end":{"line":9,"column":5}},{"start":{},"end":{}}],"line":7}},"s":{"0":1,"1":0,"2":0,"3":0,"4":0,"5":1},"f":{"0":0,"1":1},"b":{"0":[0,0]},"_coverageSchema":"1a1c01bbd47fc00a2c39e90264f33305004495a9","hash":"b89b0733778cdb2843c1b19ab97164fb4daca35f"}
,"/app/src/rules/object.js": {"path":"/app/src/rules/object.js","statementMap":{"0":{"start":{"line":4,"column":15},"end":{"line":29,"column":1}},"1":{"start":{"line":5,"column":18},"end":{"line":5,"column":22}},"2":{"start":{"line":6,"column":25},"end":{"line":6,"column":38}},"3":{"start":{"line":7,"column":23},"end":{"line":7,"column":25}},"4":{"start":{"line":9,"column":4},"end":{"line":22,"column":5}},"5":{"start":{"line":10,"column":8},"end":{"line":10,"column":23}},"6":{"start":{"line":12,"column":8},"end":{"line":18,"column":9}},"7":{"start":{"line":13,"column":12},"end":{"line":17,"column":13}},"8":{"start":{"line":14,"column":16},"end":{"line":14,"column":31}},"9":{"start":{"line":16,"column":16},"end":{"line":16,"column":21}},"10":{"start":{"line":20,"column":8},"end":{"line":20,"column":46}},"11":{"start":{"line":21,"column":8},"end":{"line":21,"column":51}},"12":{"start":{"line":24,"column":4},"end":{"line":26,"column":5}},"13":{"start":{"line":25,"column":8},"end":{"line":25,"column":19}},"14":{"start":{"line":28,"column":4},"end":{"line":28,"column":62}},"15":{"start":{"line":33,"column":21},"end":{"line":35,"column":1}}},"fnMap":{"0":{"name":"(anonymous_0)","decl":{"start":{"line":4,"column":15},"end":{"line":4,"column":16}},"loc":{"start":{"line":4,"column":59},"end":{"line":29,"column":1}},"line":4},"1":{"name":"(anonymous_1)","decl":{"start":{"line":33,"column":21},"end":{"line":33,"column":22}},"loc":{"start":{"line":33,"column":27},"end":{"line":35,"column":1}},"line":33}},"branchMap":{"0":{"loc":{"start":{"line":4,"column":25},"end":{"line":4,"column":39}},"type":"default-arg","locations":[{"start":{"line":4,"column":35},"end":{"line":4,"column":39}}],"line":4},"1":{"loc":{"start":{"line":4,"column":41},"end":{"line":4,"column":52}},"type":"default-arg","locations":[{"start":{"line":4,"column":50},"end":{"line":4,"column":52}}],"line":4},"2":{"loc":{"start":{"line":9,"column":4},"end":{"line":22,"column":5}},"type":"if","locations":[{"start":{"line":9,"column":4},"end":{"line":22,"column":5}},{"start":{"line":11,"column":11},"end":{"line":22,"column":5}}],"line":9},"3":{"loc":{"start":{"line":13,"column":12},"end":{"line":17,"column":13}},"type":"if","locations":[{"start":{"line":13,"column":12},"end":{"line":17,"column":13}},{"start":{},"end":{}}],"line":13},"4":{"loc":{"start":{"line":24,"column":4},"end":{"line":26,"column":5}},"type":"if","locations":[{"start":{"line":24,"column":4},"end":{"line":26,"column":5}},{"start":{},"end":{}}],"line":24}},"s":{"0":1,"1":0,"2":0,"3":0,"4":0,"5":0,"6":0,"7":0,"8":0,"9":0,"10":0,"11":0,"12":0,"13":0,"14":0,"15":1},"f":{"0":0,"1":1},"b":{"0":[0],"1":[0],"2":[0,0],"3":[0,0],"4":[0,0]},"_coverageSchema":"1a1c01bbd47fc00a2c39e90264f33305004495a9","hash":"95056868a4663d5f23f77f62a575b7c3f338c547"}
,"/app/src/rules/present.js": {"path":"/app/src/rules/present.js","statementMap":{"0":{"start":{"line":4,"column":16},"end":{"line":12,"column":1}},"1":{"start":{"line":5,"column":20},"end":{"line":5,"column":55}},"2":{"start":{"line":7,"column":4},"end":{"line":9,"column":5}},"3":{"start":{"line":8,"column":8},"end":{"line":8,"column":19}},"4":{"start":{"line":11,"column":4},"end":{"line":11,"column":67}},"5":{"start":{"line":16,"column":21},"end":{"line":18,"column":1}}},"fnMap":{"0":{"name":"(anonymous_0)","decl":{"start":{"line":4,"column":16},"end":{"line":4,"column":17}},"loc":{"start":{"line":4,"column":72},"end":{"line":12,"column":1}},"line":4},"1":{"name":"(anonymous_1)","decl":{"start":{"line":16,"column":21},"end":{"line":16,"column":22}},"loc":{"start":{"line":16,"column":27},"end":{"line":18,"column":1}},"line":16}},"branchMap":{"0":{"loc":{"start":{"line":4,"column":26},"end":{"line":4,"column":35}},"type":"default-arg","locations":[{"start":{"line":4,"column":33},"end":{"line":4,"column":35}}],"line":4},"1":{"loc":{"start":{"line":4,"column":37},"end":{"line":4,"column":49}},"type":"default-arg","locations":[{"start":{"line":4,"column":45},"end":{"line":4,"column":49}}],"line":4},"2":{"loc":{"start":{"line":4,"column":51},"end":{"line":4,"column":65}},"type":"default-arg","locations":[{"start":{"line":4,"column":61},"end":{"line":4,"column":65}}],"line":4},"3":{"loc":{"start":{"line":5,"column":20},"end":{"line":5,"column":55}},"type":"binary-expr","locations":[{"start":{"line":5,"column":20},"end":{"line":5,"column":25}},{"start":{"line":5,"column":29},"end":{"line":5,"column":55}}],"line":5},"4":{"loc":{"start":{"line":7,"column":4},"end":{"line":9,"column":5}},"type":"if","locations":[{"start":{"line":7,"column":4},"end":{"line":9,"column":5}},{"start":{},"end":{}}],"line":7}},"s":{"0":1,"1":0,"2":0,"3":0,"4":0,"5":1},"f":{"0":0,"1":1},"b":{"0":[0],"1":[0],"2":[0],"3":[0,0],"4":[0,0]},"_coverageSchema":"1a1c01bbd47fc00a2c39e90264f33305004495a9","hash":"f90b7fa825a03d051221c1b33528c357cbc7c61e"}
,"/app/src/rules/prohibited.js": {"path":"/app/src/rules/prohibited.js","statementMap":{"0":{"start":{"line":4,"column":19},"end":{"line":12,"column":1}},"1":{"start":{"line":5,"column":20},"end":{"line":5,"column":75}},"2":{"start":{"line":7,"column":4},"end":{"line":9,"column":5}},"3":{"start":{"line":8,"column":8},"end":{"line":8,"column":19}},"4":{"start":{"line":11,"column":4},"end":{"line":11,"column":67}},"5":{"start":{"line":16,"column":21},"end":{"line":18,"column":1}}},"fnMap":{"0":{"name":"(anonymous_0)","decl":{"start":{"line":4,"column":19},"end":{"line":4,"column":20}},"loc":{"start":{"line":4,"column":64},"end":{"line":12,"column":1}},"line":4},"1":{"name":"(anonymous_1)","decl":{"start":{"line":16,"column":21},"end":{"line":16,"column":22}},"loc":{"start":{"line":16,"column":27},"end":{"line":18,"column":1}},"line":16}},"branchMap":{"0":{"loc":{"start":{"line":4,"column":29},"end":{"line":4,"column":41}},"type":"default-arg","locations":[{"start":{"line":4,"column":37},"end":{"line":4,"column":41}}],"line":4},"1":{"loc":{"start":{"line":4,"column":43},"end":{"line":4,"column":57}},"type":"default-arg","locations":[{"start":{"line":4,"column":53},"end":{"line":4,"column":57}}],"line":4},"2":{"loc":{"start":{"line":5,"column":20},"end":{"line":5,"column":75}},"type":"binary-expr","locations":[{"start":{"line":5,"column":20},"end":{"line":5,"column":26}},{"start":{"line":5,"column":30},"end":{"line":5,"column":57}},{"start":{"line":5,"column":61},"end":{"line":5,"column":75}}],"line":5},"3":{"loc":{"start":{"line":7,"column":4},"end":{"line":9,"column":5}},"type":"if","locations":[{"start":{"line":7,"column":4},"end":{"line":9,"column":5}},{"start":{},"end":{}}],"line":7}},"s":{"0":1,"1":0,"2":0,"3":0,"4":0,"5":1},"f":{"0":0,"1":1},"b":{"0":[0],"1":[0],"2":[0,0,0],"3":[0,0]},"_coverageSchema":"1a1c01bbd47fc00a2c39e90264f33305004495a9","hash":"bb85fd660fa58ca07995ce74a768995a77a6e783"}
,"/app/src/rules/prohibitedIf.js": {"path":"/app/src/rules/prohibitedIf.js","statementMap":{"0":{"start":{"line":4,"column":21},"end":{"line":22,"column":1}},"1":{"start":{"line":5,"column":4},"end":{"line":5,"column":34}},"2":{"start":{"line":7,"column":23},"end":{"line":7,"column":27}},"3":{"start":{"line":9,"column":4},"end":{"line":15,"column":5}},"4":{"start":{"line":10,"column":8},"end":{"line":10,"column":63}},"5":{"start":{"line":12,"column":8},"end":{"line":14,"column":9}},"6":{"start":{"line":13,"column":12},"end":{"line":13,"column":17}},"7":{"start":{"line":17,"column":4},"end":{"line":19,"column":5}},"8":{"start":{"line":18,"column":8},"end":{"line":18,"column":19}},"9":{"start":{"line":21,"column":4},"end":{"line":21,"column":48}},"10":{"start":{"line":26,"column":21},"end":{"line":28,"column":1}}},"fnMap":{"0":{"name":"(anonymous_0)","decl":{"start":{"line":4,"column":21},"end":{"line":4,"column":22}},"loc":{"start":{"line":4,"column":90},"end":{"line":22,"column":1}},"line":4},"1":{"name":"(anonymous_1)","decl":{"start":{"line":26,"column":21},"end":{"line":26,"column":22}},"loc":{"start":{"line":26,"column":27},"end":{"line":28,"column":1}},"line":26}},"branchMap":{"0":{"loc":{"start":{"line":4,"column":31},"end":{"line":4,"column":40}},"type":"default-arg","locations":[{"start":{"line":4,"column":38},"end":{"line":4,"column":40}}],"line":4},"1":{"loc":{"start":{"line":4,"column":42},"end":{"line":4,"column":54}},"type":"default-arg","locations":[{"start":{"line":4,"column":50},"end":{"line":4,"column":54}}],"line":4},"2":{"loc":{"start":{"line":4,"column":56},"end":{"line":4,"column":70}},"type":"default-arg","locations":[{"start":{"line":4,"column":66},"end":{"line":4,"column":70}}],"line":4},"3":{"loc":{"start":{"line":4,"column":72},"end":{"line":4,"column":83}},"type":"default-arg","locations":[{"start":{"line":4,"column":81},"end":{"line":4,"column":83}}],"line":4},"4":{"loc":{"start":{"line":12,"column":8},"end":{"line":14,"column":9}},"type":"if","locations":[{"start":{"line":12,"column":8},"end":{"line":14,"column":9}},{"start":{},"end":{}}],"line":12},"5":{"loc":{"start":{"line":17,"column":4},"end":{"line":19,"column":5}},"type":"if","locations":[{"start":{"line":17,"column":4},"end":{"line":19,"column":5}},{"start":{},"end":{}}],"line":17}},"s":{"0":1,"1":0,"2":0,"3":0,"4":0,"5":0,"6":0,"7":0,"8":0,"9":0,"10":1},"f":{"0":0,"1":1},"b":{"0":[0],"1":[0],"2":[0],"3":[0],"4":[0,0],"5":[0,0]},"_coverageSchema":"1a1c01bbd47fc00a2c39e90264f33305004495a9","hash":"596a8b2de8e76f544b6596511900897c998d19af"}
,"/app/src/rules/prohibitedUnless.js": {"path":"/app/src/rules/prohibitedUnless.js","statementMap":{"0":{"start":{"line":4,"column":25},"end":{"line":22,"column":1}},"1":{"start":{"line":5,"column":4},"end":{"line":5,"column":34}},"2":{"start":{"line":7,"column":23},"end":{"line":7,"column":27}},"3":{"start":{"line":9,"column":4},"end":{"line":15,"column":5}},"4":{"start":{"line":10,"column":8},"end":{"line":10,"column":63}},"5":{"start":{"line":12,"column":8},"end":{"line":14,"column":9}},"6":{"start":{"line":13,"column":12},"end":{"line":13,"column":17}},"7":{"start":{"line":17,"column":4},"end":{"line":19,"column":5}},"8":{"start":{"line":18,"column":8},"end":{"line":18,"column":19}},"9":{"start":{"line":21,"column":4},"end":{"line":21,"column":48}},"10":{"start":{"line":26,"column":21},"end":{"line":28,"column":1}}},"fnMap":{"0":{"name":"(anonymous_0)","decl":{"start":{"line":4,"column":25},"end":{"line":4,"column":26}},"loc":{"start":{"line":4,"column":69},"end":{"line":22,"column":1}},"line":4},"1":{"name":"(anonymous_1)","decl":{"start":{"line":26,"column":21},"end":{"line":26,"column":22}},"loc":{"start":{"line":26,"column":27},"end":{"line":28,"column":1}},"line":26}},"branchMap":{"0":{"loc":{"start":{"line":4,"column":35},"end":{"line":4,"column":49}},"type":"default-arg","locations":[{"start":{"line":4,"column":45},"end":{"line":4,"column":49}}],"line":4},"1":{"loc":{"start":{"line":4,"column":51},"end":{"line":4,"column":62}},"type":"default-arg","locations":[{"start":{"line":4,"column":60},"end":{"line":4,"column":62}}],"line":4},"2":{"loc":{"start":{"line":12,"column":8},"end":{"line":14,"column":9}},"type":"if","locations":[{"start":{"line":12,"column":8},"end":{"line":14,"column":9}},{"start":{},"end":{}}],"line":12},"3":{"loc":{"start":{"line":17,"column":4},"end":{"line":19,"column":5}},"type":"if","locations":[{"start":{"line":17,"column":4},"end":{"line":19,"column":5}},{"start":{},"end":{}}],"line":17}},"s":{"0":1,"1":0,"2":0,"3":0,"4":0,"5":0,"6":0,"7":0,"8":0,"9":0,"10":1},"f":{"0":0,"1":1},"b":{"0":[0],"1":[0],"2":[0,0],"3":[0,0]},"_coverageSchema":"1a1c01bbd47fc00a2c39e90264f33305004495a9","hash":"5ce2b76048845b6a0d66bb4f94a22a6b768e0577"}
,"/app/src/rules/prohibits.js": {"path":"/app/src/rules/prohibits.js","statementMap":{"0":{"start":{"line":4,"column":18},"end":{"line":27,"column":1}},"1":{"start":{"line":5,"column":25},"end":{"line":5,"column":40}},"2":{"start":{"line":7,"column":4},"end":{"line":9,"column":5}},"3":{"start":{"line":8,"column":8},"end":{"line":8,"column":19}},"4":{"start":{"line":11,"column":18},"end":{"line":11,"column":22}},"5":{"start":{"line":14,"column":4},"end":{"line":20,"column":5}},"6":{"start":{"line":15,"column":8},"end":{"line":15,"column":81}},"7":{"start":{"line":17,"column":8},"end":{"line":19,"column":9}},"8":{"start":{"line":18,"column":12},"end":{"line":18,"column":17}},"9":{"start":{"line":22,"column":4},"end":{"line":24,"column":5}},"10":{"start":{"line":23,"column":8},"end":{"line":23,"column":19}},"11":{"start":{"line":26,"column":4},"end":{"line":26,"column":78}},"12":{"start":{"line":31,"column":21},"end":{"line":33,"column":1}}},"fnMap":{"0":{"name":"(anonymous_0)","decl":{"start":{"line":4,"column":18},"end":{"line":4,"column":19}},"loc":{"start":{"line":4,"column":73},"end":{"line":27,"column":1}},"line":4},"1":{"name":"(anonymous_1)","decl":{"start":{"line":31,"column":21},"end":{"line":31,"column":22}},"loc":{"start":{"line":31,"column":27},"end":{"line":33,"column":1}},"line":31}},"branchMap":{"0":{"loc":{"start":{"line":4,"column":28},"end":{"line":4,"column":37}},"type":"default-arg","locations":[{"start":{"line":4,"column":35},"end":{"line":4,"column":37}}],"line":4},"1":{"loc":{"start":{"line":4,"column":39},"end":{"line":4,"column":53}},"type":"default-arg","locations":[{"start":{"line":4,"column":49},"end":{"line":4,"column":53}}],"line":4},"2":{"loc":{"start":{"line":4,"column":55},"end":{"line":4,"column":66}},"type":"default-arg","locations":[{"start":{"line":4,"column":64},"end":{"line":4,"column":66}}],"line":4},"3":{"loc":{"start":{"line":7,"column":4},"end":{"line":9,"column":5}},"type":"if","locations":[{"start":{"line":7,"column":4},"end":{"line":9,"column":5}},{"start":{},"end":{}}],"line":7},"4":{"loc":{"start":{"line":15,"column":18},"end":{"line":15,"column":81}},"type":"binary-expr","locations":[{"start":{"line":15,"column":18},"end":{"line":15,"column":51}},{"start":{"line":15,"column":55},"end":{"line":15,"column":81}}],"line":15},"5":{"loc":{"start":{"line":17,"column":8},"end":{"line":19,"column":9}},"type":"if","locations":[{"start":{"line":17,"column":8},"end":{"line":19,"column":9}},{"start":{},"end":{}}],"line":17},"6":{"loc":{"start":{"line":22,"column":4},"end":{"line":24,"column":5}},"type":"if","locations":[{"start":{"line":22,"column":4},"end":{"line":24,"column":5}},{"start":{},"end":{}}],"line":22}},"s":{"0":1,"1":0,"2":0,"3":0,"4":0,"5":0,"6":0,"7":0,"8":0,"9":0,"10":0,"11":0,"12":1},"f":{"0":0,"1":1},"b":{"0":[0],"1":[0],"2":[0],"3":[0,0],"4":[0,0],"5":[0,0],"6":[0,0]},"_coverageSchema":"1a1c01bbd47fc00a2c39e90264f33305004495a9","hash":"4a9889760a28fda58ce3ba6e699960f28b20265b"}
,"/app/src/rules/regex.js": {"path":"/app/src/rules/regex.js","statementMap":{"0":{"start":{"line":4,"column":14},"end":{"line":14,"column":1}},"1":{"start":{"line":5,"column":18},"end":{"line":5,"column":44}},"2":{"start":{"line":7,"column":20},"end":{"line":7,"column":42}},"3":{"start":{"line":9,"column":4},"end":{"line":11,"column":5}},"4":{"start":{"line":10,"column":8},"end":{"line":10,"column":19}},"5":{"start":{"line":13,"column":4},"end":{"line":13,"column":48}},"6":{"start":{"line":18,"column":21},"end":{"line":20,"column":1}}},"fnMap":{"0":{"name":"(anonymous_0)","decl":{"start":{"line":4,"column":14},"end":{"line":4,"column":15}},"loc":{"start":{"line":4,"column":58},"end":{"line":14,"column":1}},"line":4},"1":{"name":"(anonymous_1)","decl":{"start":{"line":18,"column":21},"end":{"line":18,"column":22}},"loc":{"start":{"line":18,"column":27},"end":{"line":20,"column":1}},"line":18}},"branchMap":{"0":{"loc":{"start":{"line":4,"column":24},"end":{"line":4,"column":38}},"type":"default-arg","locations":[{"start":{"line":4,"column":34},"end":{"line":4,"column":38}}],"line":4},"1":{"loc":{"start":{"line":4,"column":40},"end":{"line":4,"column":51}},"type":"default-arg","locations":[{"start":{"line":4,"column":49},"end":{"line":4,"column":51}}],"line":4},"2":{"loc":{"start":{"line":9,"column":4},"end":{"line":11,"column":5}},"type":"if","locations":[{"start":{"line":9,"column":4},"end":{"line":11,"column":5}},{"start":{},"end":{}}],"line":9}},"s":{"0":1,"1":0,"2":0,"3":0,"4":0,"5":0,"6":1},"f":{"0":0,"1":1},"b":{"0":[0],"1":[0],"2":[0,0]},"_coverageSchema":"1a1c01bbd47fc00a2c39e90264f33305004495a9","hash":"9bd27e83a60ea39aaef2862e4724aae5efcce522"}
[...]
,"/app/src/rules/requiredWith.js": {"path":"/app/src/rules/requiredWith.js","statementMap":{"0":{"start":{"line":4,"column":21},"end":{"line":20,"column":1}},"1":{"start":{"line":5,"column":21},"end":{"line":5,"column":26}},"2":{"start":{"line":7,"column":4},"end":{"line":13,"column":5}},"3":{"start":{"line":8,"column":8},"end":{"line":8,"column":48}},"4":{"start":{"line":10,"column":8},"end":{"line":12,"column":9}},"5":{"start":{"line":11,"column":12},"end":{"line":11,"column":17}},"6":{"start":{"line":15,"column":4},"end":{"line":17,"column":5}},"7":{"start":{"line":16,"column":8},"end":{"line":16,"column":19}},"8":{"start":{"line":19,"column":4},"end":{"line":19,"column":39}},"9":{"start":{"line":24,"column":21},"end":{"line":26,"column":1}}},"fnMap":{"0":{"name":"(anonymous_0)","decl":{"start":{"line":4,"column":21},"end":{"line":4,"column":22}},"loc":{"start":{"line":4,"column":76},"end":{"line":20,"column":1}},"line":4},"1":{"name":"(anonymous_1)","decl":{"start":{"line":24,"column":21},"end":{"line":24,"column":22}},"loc":{"start":{"line":24,"column":27},"end":{"line":26,"column":1}},"line":24}},"branchMap":{"0":{"loc":{"start":{"line":4,"column":31},"end":{"line":4,"column":40}},"type":"default-arg","locations":[{"start":{"line":4,"column":38},"end":{"line":4,"column":40}}],"line":4},"1":{"loc":{"start":{"line":4,"column":42},"end":{"line":4,"column":56}},"type":"default-arg","locations":[{"start":{"line":4,"column":52},"end":{"line":4,"column":56}}],"line":4},"2":{"loc":{"start":{"line":4,"column":58},"end":{"line":4,"column":69}},"type":"default-arg","locations":[{"start":{"line":4,"column":67},"end":{"line":4,"column":69}}],"line":4},"3":{"loc":{"start":{"line":10,"column":8},"end":{"line":12,"column":9}},"type":"if","locations":[{"start":{"line":10,"column":8},"end":{"line":12,"column":9}},{"start":{},"end":{}}],"line":10},"4":{"loc":{"start":{"line":15,"column":4},"end":{"line":17,"column":5}},"type":"if","locations":[{"start":{"line":15,"column":4},"end":{"line":17,"column":5}},{"start":{},"end":{}}],"line":15}},"s":{"0":1,"1":0,"2":0,"3":0,"4":0,"5":0,"6":0,"7":0,"8":0,"9":1},"f":{"0":0,"1":1},"b":{"0":[0],"1":[0],"2":[0],"3":[0,0],"4":[0,0]},"_coverageSchema":"1a1c01bbd47fc00a2c39e90264f33305004495a9","hash":"755d2af21dc43db7d817c5045ea7b721be630e94"}
,"/app/src/rules/requiredWithAll.js": {"path":"/app/src/rules/requiredWithAll.js","statementMap":{"0":{"start":{"line":4,"column":24},"end":{"line":20,"column":1}},"1":{"start":{"line":5,"column":21},"end":{"line":5,"column":25}},"2":{"start":{"line":7,"column":4},"end":{"line":13,"column":5}},"3":{"start":{"line":8,"column":8},"end":{"line":8,"column":48}},"4":{"start":{"line":10,"column":8},"end":{"line":12,"column":9}},"5":{"start":{"line":11,"column":12},"end":{"line":11,"column":17}},"6":{"start":{"line":15,"column":4},"end":{"line":17,"column":5}},"7":{"start":{"line":16,"column":8},"end":{"line":16,"column":19}},"8":{"start":{"line":19,"column":4},"end":{"line":19,"column":39}},"9":{"start":{"line":24,"column":21},"end":{"line":26,"column":1}}},"fnMap":{"0":{"name":"(anonymous_0)","decl":{"start":{"line":4,"column":24},"end":{"line":4,"column":25}},"loc":{"start":{"line":4,"column":68},"end":{"line":20,"column":1}},"line":4},"1":{"name":"(anonymous_1)","decl":{"start":{"line":24,"column":21},"end":{"line":24,"column":22}},"loc":{"start":{"line":24,"column":27},"end":{"line":26,"column":1}},"line":24}},"branchMap":{"0":{"loc":{"start":{"line":4,"column":34},"end":{"line":4,"column":48}},"type":"default-arg","locations":[{"start":{"line":4,"column":44},"end":{"line":4,"column":48}}],"line":4},"1":{"loc":{"start":{"line":4,"column":50},"end":{"line":4,"column":61}},"type":"default-arg","locations":[{"start":{"line":4,"column":59},"end":{"line":4,"column":61}}],"line":4},"2":{"loc":{"start":{"line":10,"column":8},"end":{"line":12,"column":9}},"type":"if","locations":[{"start":{"line":10,"column":8},"end":{"line":12,"column":9}},{"start":{},"end":{}}],"line":10},"3":{"loc":{"start":{"line":15,"column":4},"end":{"line":17,"column":5}},"type":"if","locations":[{"start":{"line":15,"column":4},"end":{"line":17,"column":5}},{"start":{},"end":{}}],"line":15}},"s":{"0":1,"1":0,"2":0,"3":0,"4":0,"5":0,"6":0,"7":0,"8":0,"9":1},"f":{"0":0,"1":1},"b":{"0":[0],"1":[0],"2":[0,0],"3":[0,0]},"_coverageSchema":"1a1c01bbd47fc00a2c39e90264f33305004495a9","hash":"b18cf3c3e28848e55a78192bfa4b463d4bd75e99"}
,"/app/src/rules/requiredWithout.js": {"path":"/app/src/rules/requiredWithout.js","statementMap":{"0":{"start":{"line":4,"column":24},"end":{"line":20,"column":1}},"1":{"start":{"line":5,"column":21},"end":{"line":5,"column":25}},"2":{"start":{"line":7,"column":4},"end":{"line":13,"column":5}},"3":{"start":{"line":8,"column":8},"end":{"line":8,"column":47}},"4":{"start":{"line":10,"column":8},"end":{"line":12,"column":9}},"5":{"start":{"line":11,"column":12},"end":{"line":11,"column":17}},"6":{"start":{"line":15,"column":4},"end":{"line":17,"column":5}},"7":{"start":{"line":16,"column":8},"end":{"line":16,"column":19}},"8":{"start":{"line":19,"column":4},"end":{"line":19,"column":39}},"9":{"start":{"line":24,"column":21},"end":{"line":26,"column":1}}},"fnMap":{"0":{"name":"(anonymous_0)","decl":{"start":{"line":4,"column":24},"end":{"line":4,"column":25}},"loc":{"start":{"line":4,"column":68},"end":{"line":20,"column":1}},"line":4},"1":{"name":"(anonymous_1)","decl":{"start":{"line":24,"column":21},"end":{"line":24,"column":22}},"loc":{"start":{"line":24,"column":27},"end":{"line":26,"column":1}},"line":24}},"branchMap":{"0":{"loc":{"start":{"line":4,"column":34},"end":{"line":4,"column":48}},"type":"default-arg","locations":[{"start":{"line":4,"column":44},"end":{"line":4,"column":48}}],"line":4},"1":{"loc":{"start":{"line":4,"column":50},"end":{"line":4,"column":61}},"type":"default-arg","locations":[{"start":{"line":4,"column":59},"end":{"line":4,"column":61}}],"line":4},"2":{"loc":{"start":{"line":10,"column":8},"end":{"line":12,"column":9}},"type":"if","locations":[{"start":{"line":10,"column":8},"end":{"line":12,"column":9}},{"start":{},"end":{}}],"line":10},"3":{"loc":{"start":{"line":15,"column":4},"end":{"line":17,"column":5}},"type":"if","locations":[{"start":{"line":15,"column":4},"end":{"line":17,"column":5}},{"start":{},"end":{}}],"line":15}},"s":{"0":1,"1":0,"2":0,"3":0,"4":0,"5":0,"6":0,"7":0,"8":0,"9":1},"f":{"0":0,"1":1},"b":{"0":[0],"1":[0],"2":[0,0],"3":[0,0]},"_coverageSchema":"1a1c01bbd47fc00a2c39e90264f33305004495a9","hash":"cce2d3075eeb3bfb701ff209eab8898c222a9f56"}
,"/app/src/rules/requiredWithoutAll.js": {"path":"/app/src/rules/requiredWithoutAll.js","statementMap":{"0":{"start":{"line":4,"column":27},"end":{"line":20,"column":1}},"1":{"start":{"line":5,"column":21},"end":{"line":5,"column":26}},"2":{"start":{"line":7,"column":4},"end":{"line":13,"column":5}},"3":{"start":{"line":8,"column":8},"end":{"line":8,"column":48}},"4":{"start":{"line":10,"column":8},"end":{"line":12,"column":9}},"5":{"start":{"line":11,"column":12},"end":{"line":11,"column":17}},"6":{"start":{"line":15,"column":4},"end":{"line":17,"column":5}},"7":{"start":{"line":16,"column":8},"end":{"line":16,"column":19}},"8":{"start":{"line":19,"column":4},"end":{"line":19,"column":39}},"9":{"start":{"line":24,"column":21},"end":{"line":26,"column":1}}},"fnMap":{"0":{"name":"(anonymous_0)","decl":{"start":{"line":4,"column":27},"end":{"line":4,"column":28}},"loc":{"start":{"line":4,"column":71},"end":{"line":20,"column":1}},"line":4},"1":{"name":"(anonymous_1)","decl":{"start":{"line":24,"column":21},"end":{"line":24,"column":22}},"loc":{"start":{"line":24,"column":27},"end":{"line":26,"column":1}},"line":24}},"branchMap":{"0":{"loc":{"start":{"line":4,"column":37},"end":{"line":4,"column":51}},"type":"default-arg","locations":[{"start":{"line":4,"column":47},"end":{"line":4,"column":51}}],"line":4},"1":{"loc":{"start":{"line":4,"column":53},"end":{"line":4,"column":64}},"type":"default-arg","locations":[{"start":{"line":4,"column":62},"end":{"line":4,"column":64}}],"line":4},"2":{"loc":{"start":{"line":10,"column":8},"end":{"line":12,"column":9}},"type":"if","locations":[{"start":{"line":10,"column":8},"end":{"line":12,"column":9}},{"start":{},"end":{}}],"line":10},"3":{"loc":{"start":{"line":15,"column":4},"end":{"line":17,"column":5}},"type":"if","locations":[{"start":{"line":15,"column":4},"end":{"line":17,"column":5}},{"start":{},"end":{}}],"line":15}},"s":{"0":1,"1":0,"2":0,"3":0,"4":0,"5":0,"6":0,"7":0,"8":0,"9":1},"f":{"0":0,"1":1},"b":{"0":[0],"1":[0],"2":[0,0],"3":[0,0]},"_coverageSchema":"1a1c01bbd47fc00a2c39e90264f33305004495a9","hash":"723c59a0ed9f66487f32debbf528afd3172994de"}
,"/app/src/rules/same.js": {"path":"/app/src/rules/same.js","statementMap":{"0":{"start":{"line":4,"column":13},"end":{"line":15,"column":1}},"1":{"start":{"line":5,"column":23},"end":{"line":5,"column":32}},"2":{"start":{"line":6,"column":28},"end":{"line":6,"column":44}},"3":{"start":{"line":8,"column":20},"end":{"line":8,"column":44}},"4":{"start":{"line":10,"column":4},"end":{"line":12,"column":5}},"5":{"start":{"line":11,"column":8},"end":{"line":11,"column":19}},"6":{"start":{"line":14,"column":4},"end":{"line":14,"column":87}},"7":{"start":{"line":19,"column":21},"end":{"line":21,"column":1}}},"fnMap":{"0":{"name":"(anonymous_0)","decl":{"start":{"line":4,"column":13},"end":{"line":4,"column":14}},"loc":{"start":{"line":4,"column":68},"end":{"line":15,"column":1}},"line":4},"1":{"name":"(anonymous_1)","decl":{"start":{"line":19,"column":21},"end":{"line":19,"column":22}},"loc":{"start":{"line":19,"column":27},"end":{"line":21,"column":1}},"line":19}},"branchMap":{"0":{"loc":{"start":{"line":4,"column":23},"end":{"line":4,"column":32}},"type":"default-arg","locations":[{"start":{"line":4,"column":30},"end":{"line":4,"column":32}}],"line":4},"1":{"loc":{"start":{"line":4,"column":34},"end":{"line":4,"column":48}},"type":"default-arg","locations":[{"start":{"line":4,"column":44},"end":{"line":4,"column":48}}],"line":4},"2":{"loc":{"start":{"line":4,"column":50},"end":{"line":4,"column":61}},"type":"default-arg","locations":[{"start":{"line":4,"column":59},"end":{"line":4,"column":61}}],"line":4},"3":{"loc":{"start":{"line":10,"column":4},"end":{"line":12,"column":5}},"type":"if","locations":[{"start":{"line":10,"column":4},"end":{"line":12,"column":5}},{"start":{},"end":{}}],"line":10}},"s":{"0":1,"1":0,"2":0,"3":0,"4":0,"5":0,"6":0,"7":1},"f":{"0":0,"1":1},"b":{"0":[0],"1":[0],"2":[0],"3":[0,0]},"_coverageSchema":"1a1c01bbd47fc00a2c39e90264f33305004495a9","hash":"c6d93401b96f9f7f525358e5eda38cd567aababb"}
,"/app/src/rules/startsWith.js": {"path":"/app/src/rules/startsWith.js","statementMap":{"0":{"start":{"line":4,"column":19},"end":{"line":24,"column":1}},"1":{"start":{"line":5,"column":18},"end":{"line":5,"column":23}},"2":{"start":{"line":7,"column":4},"end":{"line":17,"column":5}},"3":{"start":{"line":8,"column":8},"end":{"line":12,"column":9}},"4":{"start":{"line":9,"column":12},"end":{"line":9,"column":41}},"5":{"start":{"line":11,"column":12},"end":{"line":11,"column":51}},"6":{"start":{"line":14,"column":8},"end":{"line":16,"column":9}},"7":{"start":{"line":15,"column":12},"end":{"line":15,"column":18}},"8":{"start":{"line":19,"column":4},"end":{"line":21,"column":5}},"9":{"start":{"line":20,"column":8},"end":{"line":20,"column":19}},"10":{"start":{"line":23,"column":4},"end":{"line":23,"column":80}},"11":{"start":{"line":28,"column":21},"end":{"line":30,"column":1}}},"fnMap":{"0":{"name":"(anonymous_0)","decl":{"start":{"line":4,"column":19},"end":{"line":4,"column":20}},"loc":{"start":{"line":4,"column":63},"end":{"line":24,"column":1}},"line":4},"1":{"name":"(anonymous_1)","decl":{"start":{"line":28,"column":21},"end":{"line":28,"column":22}},"loc":{"start":{"line":28,"column":27},"end":{"line":30,"column":1}},"line":28}},"branchMap":{"0":{"loc":{"start":{"line":4,"column":29},"end":{"line":4,"column":43}},"type":"default-arg","locations":[{"start":{"line":4,"column":39},"end":{"line":4,"column":43}}],"line":4},"1":{"loc":{"start":{"line":4,"column":45},"end":{"line":4,"column":56}},"type":"default-arg","locations":[{"start":{"line":4,"column":54},"end":{"line":4,"column":56}}],"line":4},"2":{"loc":{"start":{"line":8,"column":8},"end":{"line":12,"column":9}},"type":"if","locations":[{"start":{"line":8,"column":8},"end":{"line":12,"column":9}},{"start":{"line":10,"column":15},"end":{"line":12,"column":9}}],"line":8},"3":{"loc":{"start":{"line":14,"column":8},"end":{"line":16,"column":9}},"type":"if","locations":[{"start":{"line":14,"column":8},"end":{"line":16,"column":9}},{"start":{},"end":{}}],"line":14},"4":{"loc":{"start":{"line":19,"column":4},"end":{"line":21,"column":5}},"type":"if","locations":[{"start":{"line":19,"column":4},"end":{"line":21,"column":5}},{"start":{},"end":{}}],"line":19}},"s":{"0":1,"1":0,"2":0,"3":0,"4":0,"5":0,"6":0,"7":0,"8":0,"9":0,"10":0,"11":1},"f":{"0":0,"1":1},"b":{"0":[0],"1":[0],"2":[0,0],"3":[0,0],"4":[0,0]},"_coverageSchema":"1a1c01bbd47fc00a2c39e90264f33305004495a9","hash":"fb7621fa3ad87b216feb64cb99662741927f3043"}
,"/app/src/rules/string.js": {"path":"/app/src/rules/string.js","statementMap":{"0":{"start":{"line":4,"column":15},"end":{"line":12,"column":1}},"1":{"start":{"line":5,"column":20},"end":{"line":5,"column":95}},"2":{"start":{"line":7,"column":4},"end":{"line":9,"column":5}},"3":{"start":{"line":8,"column":8},"end":{"line":8,"column":19}},"4":{"start":{"line":11,"column":4},"end":{"line":11,"column":48}},"5":{"start":{"line":16,"column":21},"end":{"line":18,"column":1}}},"fnMap":{"0":{"name":"(anonymous_0)","decl":{"start":{"line":4,"column":15},"end":{"line":4,"column":16}},"loc":{"start":{"line":4,"column":58},"end":{"line":12,"column":1}},"line":4},"1":{"name":"(anonymous_1)","decl":{"start":{"line":16,"column":21},"end":{"line":16,"column":22}},"loc":{"start":{"line":16,"column":27},"end":{"line":18,"column":1}},"line":16}},"branchMap":{"0":{"loc":{"start":{"line":4,"column":25},"end":{"line":4,"column":35}},"type":"default-arg","locations":[{"start":{"line":4,"column":33},"end":{"line":4,"column":35}}],"line":4},"1":{"loc":{"start":{"line":4,"column":37},"end":{"line":4,"column":51}},"type":"default-arg","locations":[{"start":{"line":4,"column":47},"end":{"line":4,"column":51}}],"line":4},"2":{"loc":{"start":{"line":5,"column":20},"end":{"line":5,"column":95}},"type":"binary-expr","locations":[{"start":{"line":5,"column":20},"end":{"line":5,"column":45}},{"start":{"line":5,"column":50},"end":{"line":5,"column":76}},{"start":{"line":5,"column":80},"end":{"line":5,"column":94}}],"line":5},"3":{"loc":{"start":{"line":7,"column":4},"end":{"line":9,"column":5}},"type":"if","locations":[{"start":{"line":7,"column":4},"end":{"line":9,"column":5}},{"start":{},"end":{}}],"line":7}},"s":{"0":1,"1":0,"2":0,"3":0,"4":0,"5":1},"f":{"0":0,"1":1},"b":{"0":[0],"1":[0],"2":[0,0,0],"3":[0,0]},"_coverageSchema":"1a1c01bbd47fc00a2c39e90264f33305004495a9","hash":"98dcb53a89aa33c05c8fac9706c269b9b67d82ab"}
,"/app/src/rules/tests.js": {"path":"/app/src/rules/tests.js","statementMap":{},"fnMap":{},"branchMap":{},"s":{},"f":{},"b":{},"_coverageSchema":"1a1c01bbd47fc00a2c39e90264f33305004495a9","hash":"14a4b308d3723b72c18a2f69ac3c7b34fc2bbd30"}
,"/app/src/rules/typeOf.js": {"path":"/app/src/rules/typeOf.js","statementMap":{"0":{"start":{"line":4,"column":15},"end":{"line":13,"column":1}},"1":{"start":{"line":5,"column":17},"end":{"line":5,"column":26}},"2":{"start":{"line":6,"column":20},"end":{"line":6,"column":41}},"3":{"start":{"line":8,"column":4},"end":{"line":10,"column":5}},"4":{"start":{"line":9,"column":8},"end":{"line":9,"column":19}},"5":{"start":{"line":12,"column":4},"end":{"line":12,"column":65}},"6":{"start":{"line":17,"column":21},"end":{"line":19,"column":1}}},"fnMap":{"0":{"name":"(anonymous_0)","decl":{"start":{"line":4,"column":15},"end":{"line":4,"column":16}},"loc":{"start":{"line":4,"column":59},"end":{"line":13,"column":1}},"line":4},"1":{"name":"(anonymous_1)","decl":{"start":{"line":17,"column":21},"end":{"line":17,"column":22}},"loc":{"start":{"line":17,"column":27},"end":{"line":19,"column":1}},"line":17}},"branchMap":{"0":{"loc":{"start":{"line":4,"column":25},"end":{"line":4,"column":39}},"type":"default-arg","locations":[{"start":{"line":4,"column":35},"end":{"line":4,"column":39}}],"line":4},"1":{"loc":{"start":{"line":4,"column":41},"end":{"line":4,"column":52}},"type":"default-arg","locations":[{"start":{"line":4,"column":50},"end":{"line":4,"column":52}}],"line":4},"2":{"loc":{"start":{"line":8,"column":4},"end":{"line":10,"column":5}},"type":"if","locations":[{"start":{"line":8,"column":4},"end":{"line":10,"column":5}},{"start":{},"end":{}}],"line":8}},"s":{"0":1,"1":0,"2":0,"3":0,"4":0,"5":0,"6":1},"f":{"0":0,"1":1},"b":{"0":[0],"1":[0],"2":[0,0]},"_coverageSchema":"1a1c01bbd47fc00a2c39e90264f33305004495a9","hash":"7c30bd1934d7d2290863997308f1b3f1fe4e2836"}
,"/app/src/rules/url.js": {"path":"/app/src/rules/url.js","statementMap":{"0":{"start":{"line":4,"column":12},"end":{"line":12,"column":1}},"1":{"start":{"line":5,"column":20},"end":{"line":5,"column":132}},"2":{"start":{"line":7,"column":4},"end":{"line":9,"column":5}},"3":{"start":{"line":8,"column":8},"end":{"line":8,"column":19}},"4":{"start":{"line":11,"column":4},"end":{"line":11,"column":48}},"5":{"start":{"line":16,"column":21},"end":{"line":18,"column":1}}},"fnMap":{"0":{"name":"(anonymous_0)","decl":{"start":{"line":4,"column":12},"end":{"line":4,"column":13}},"loc":{"start":{"line":4,"column":36},"end":{"line":12,"column":1}},"line":4},"1":{"name":"(anonymous_1)","decl":{"start":{"line":16,"column":21},"end":{"line":16,"column":22}},"loc":{"start":{"line":16,"column":27},"end":{"line":18,"column":1}},"line":16}},"branchMap":{"0":{"loc":{"start":{"line":7,"column":4},"end":{"line":9,"column":5}},"type":"if","locations":[{"start":{"line":7,"column":4},"end":{"line":9,"column":5}},{"start":{},"end":{}}],"line":7}},"s":{"0":1,"1":0,"2":0,"3":0,"4":0,"5":1},"f":{"0":0,"1":1},"b":{"0":[0,0]},"_coverageSchema":"1a1c01bbd47fc00a2c39e90264f33305004495a9","hash":"6223366648bf814ba5cc3b1c624d814da2f63c33"}
,"/app/src/rules/uuid.js": {"path":"/app/src/rules/uuid.js","statementMap":{"0":{"start":{"line":4,"column":13},"end":{"line":12,"column":1}},"1":{"start":{"line":5,"column":20},"end":{"line":5,"column":121}},"2":{"start":{"line":7,"column":4},"end":{"line":9,"column":5}},"3":{"start":{"line":8,"column":8},"end":{"line":8,"column":19}},"4":{"start":{"line":11,"column":4},"end":{"line":11,"column":48}},"5":{"start":{"line":16,"column":21},"end":{"line":18,"column":1}}},"fnMap":{"0":{"name":"(anonymous_0)","decl":{"start":{"line":4,"column":13},"end":{"line":4,"column":14}},"loc":{"start":{"line":4,"column":37},"end":{"line":12,"column":1}},"line":4},"1":{"name":"(anonymous_1)","decl":{"start":{"line":16,"column":21},"end":{"line":16,"column":22}},"loc":{"start":{"line":16,"column":27},"end":{"line":18,"column":1}},"line":16}},"branchMap":{"0":{"loc":{"start":{"line":7,"column":4},"end":{"line":9,"column":5}},"type":"if","locations":[{"start":{"line":7,"column":4},"end":{"line":9,"column":5}},{"start":{},"end":{}}],"line":7}},"s":{"0":1,"1":0,"2":0,"3":0,"4":0,"5":1},"f":{"0":0,"1":1},"b":{"0":[0,0]},"_coverageSchema":"1a1c01bbd47fc00a2c39e90264f33305004495a9","hash":"a5bdb793312a56ded79db21fdd77885443f7a386"}
}
