TN:
SF:src/index.js
FN:6,(anonymous_0)
FN:22,(anonymous_1)
FN:36,(anonymous_2)
FN:36,(anonymous_3)
FN:38,(anonymous_4)
FN:48,(anonymous_5)
FN:50,(anonymous_6)
FN:58,(anonymous_7)
FN:73,(anonymous_8)
FN:75,(anonymous_9)
FN:78,(anonymous_10)
FN:94,(anonymous_11)
FN:112,(anonymous_12)
FN:133,(anonymous_13)
FNF:14
FNH:14
FNDA:91,(anonymous_0)
FNDA:85,(anonymous_1)
FNDA:91,(anonymous_2)
FNDA:17,(anonymous_3)
FNDA:37,(anonymous_4)
FNDA:83,(anonymous_5)
FNDA:83,(anonymous_6)
FNDA:88,(anonymous_7)
FNDA:84,(anonymous_8)
FNDA:60,(anonymous_9)
FNDA:6,(anonymous_10)
FNDA:4,(anonymous_11)
FNDA:28,(anonymous_12)
FNDA:7,(anonymous_13)
DA:4,1
DA:6,1
DA:7,91
DA:9,91
DA:10,80
DA:13,11
DA:15,11
DA:16,1
DA:19,10
DA:22,1
DA:23,85
DA:25,85
DA:26,79
DA:29,6
DA:30,4
DA:33,2
DA:36,91
DA:38,1
DA:39,37
DA:40,1
DA:43,36
DA:44,1
DA:47,35
DA:48,83
DA:50,35
DA:51,83
DA:52,83
DA:54,83
DA:58,1
DA:59,88
DA:60,1
DA:63,87
DA:64,1
DA:67,86
DA:68,1
DA:71,85
DA:72,85
DA:73,84
DA:75,83
DA:78,1
DA:79,6
DA:80,2
DA:83,4
DA:84,1
DA:87,3
DA:88,1
DA:91,2
DA:94,1
DA:95,4
DA:96,1
DA:99,3
DA:100,1
DA:103,2
DA:105,2
DA:106,4
DA:109,2
DA:112,1
DA:113,28
DA:114,1
DA:117,27
DA:118,1
DA:121,26
DA:122,26
DA:124,26
DA:125,60
DA:127,60
DA:130,26
DA:133,1
DA:134,7
DA:135,1
DA:138,6
DA:139,1
DA:142,5
DA:144,5
DA:145,20
DA:147,20
DA:148,5
DA:151,15
DA:153,15
DA:154,3
DA:155,12
DA:156,3
DA:159,15
DA:162,5
LF:84
LH:84
BRDA:9,0,0,80
BRDA:9,0,1,11
BRDA:15,1,0,1
BRDA:15,1,1,10
BRDA:25,2,0,79
BRDA:25,2,1,6
BRDA:29,3,0,4
BRDA:29,3,1,2
BRDA:38,4,0,6
BRDA:38,5,0,6
BRDA:38,6,0,7
BRDA:39,7,0,1
BRDA:39,7,1,36
BRDA:39,8,0,37
BRDA:39,8,1,10
BRDA:43,9,0,1
BRDA:43,9,1,35
BRDA:47,10,0,9
BRDA:47,10,1,26
BRDA:52,11,0,64
BRDA:52,11,1,19
BRDA:58,12,0,3
BRDA:59,13,0,1
BRDA:59,13,1,87
BRDA:63,14,0,1
BRDA:63,14,1,86
BRDA:67,15,0,1
BRDA:67,15,1,85
BRDA:67,16,0,86
BRDA:67,16,1,84
BRDA:71,17,0,76
BRDA:78,18,0,5
BRDA:79,19,0,2
BRDA:79,19,1,4
BRDA:83,20,0,1
BRDA:83,20,1,3
BRDA:83,21,0,4
BRDA:83,21,1,2
BRDA:87,22,0,1
BRDA:87,22,1,2
BRDA:94,23,0,3
BRDA:94,24,0,3
BRDA:95,25,0,1
BRDA:95,25,1,3
BRDA:99,26,0,1
BRDA:99,26,1,2
BRDA:106,27,0,4
BRDA:106,27,1,4
BRDA:106,27,2,4
BRDA:112,28,0,3
BRDA:112,29,0,5
BRDA:112,30,0,6
BRDA:113,31,0,1
BRDA:113,31,1,27
BRDA:113,32,0,28
BRDA:113,32,1,7
BRDA:117,33,0,1
BRDA:117,33,1,26
BRDA:124,34,0,86
BRDA:124,34,1,83
BRDA:133,35,0,5
BRDA:134,36,0,1
BRDA:134,36,1,6
BRDA:138,37,0,1
BRDA:138,37,1,5
BRDA:147,38,0,5
BRDA:147,38,1,15
BRDA:153,39,0,3
BRDA:153,39,1,12
BRDA:155,40,0,3
BRDA:155,40,1,9
BRF:71
BRH:71
end_of_record
TN:
SF:src/messages.js
FNF:0
FNH:0
DA:1,49
DA:2,49
DA:3,49
DA:4,49
DA:5,49
DA:6,49
DA:7,49
DA:8,49
DA:9,49
DA:10,49
DA:11,49
DA:12,49
DA:13,49
DA:14,49
DA:15,49
DA:16,49
DA:17,49
DA:18,49
DA:19,49
DA:20,49
DA:21,49
DA:22,49
DA:23,49
DA:24,49
DA:25,49
DA:26,49
DA:27,49
DA:28,49
DA:29,49
DA:30,49
DA:31,49
DA:32,49
DA:33,49
DA:34,49
DA:35,49
DA:36,49
DA:37,49
DA:38,49
DA:39,49
LF:39
LH:39
BRF:0
BRH:0
end_of_record
TN:
SF:src/utils.js
FN:1,(anonymous_0)
FN:10,(anonymous_1)
FN:22,(anonymous_2)
FN:34,(anonymous_3)
FN:36,(anonymous_4)
FN:38,(anonymous_5)
FN:54,(anonymous_6)
FNF:7
FNH:7
FNDA:54,(anonymous_0)
FNDA:108,(anonymous_1)
FNDA:164,(anonymous_2)
FNDA:127,(anonymous_3)
FNDA:342,(anonymous_4)
FNDA:12,(anonymous_5)
FNDA:138,(anonymous_6)
DA:1,50
DA:2,54
DA:4,54
DA:5,1
DA:8,53
DA:10,53
DA:11,108
DA:12,54
DA:14,54
DA:15,54
DA:19,53
DA:22,50
DA:23,164
DA:24,51
DA:27,113
DA:28,1
DA:31,113
DA:34,127
DA:36,342
DA:38,50
DA:39,12
DA:40,7
DA:43,5
DA:45,5
DA:46,5
DA:48,5
DA:49,5
DA:51,5
DA:54,50
DA:55,138
DA:56,86
DA:59,138
LF:32
LH:32
BRDA:4,0,0,1
BRDA:4,0,1,53
BRDA:11,1,0,54
BRDA:11,1,1,54
BRDA:22,2,0,88
BRDA:23,3,0,51
BRDA:23,3,1,113
BRDA:27,4,0,1
BRDA:27,4,1,112
BRDA:31,5,0,113
BRDA:31,5,1,59
BRDA:34,6,0,127
BRDA:34,6,1,97
BRDA:34,6,2,87
BRDA:36,7,0,342
BRDA:36,7,1,321
BRDA:36,7,2,321
BRDA:39,8,0,7
BRDA:39,8,1,5
BRDA:54,9,0,0
BRF:20
BRH:19
end_of_record
TN:
SF:src/rules/index.js
FNF:0
FNH:0
LF:0
LH:0
BRF:0
BRH:0
end_of_record
TN:
SF:src/rules/accepted/index.js
FN:4,(anonymous_0)
FNF:1
FNH:1
FNDA:14,(anonymous_0)
DA:4,3
DA:5,14
DA:6,14
DA:7,14
DA:9,14
DA:10,8
DA:13,6
LF:7
LH:7
BRDA:4,0,0,5
BRDA:9,1,0,8
BRDA:9,1,1,6
BRF:3
BRH:3
end_of_record
TN:
SF:src/rules/acceptedIf/index.js
FN:4,(anonymous_0)
FNF:1
FNH:1
FNDA:13,(anonymous_0)
DA:4,2
DA:5,13
DA:6,13
DA:8,13
DA:10,13
DA:11,13
DA:13,13
DA:14,6
DA:18,13
DA:19,6
DA:22,7
LF:11
LH:11
BRDA:4,0,0,0
BRDA:5,1,0,0
BRDA:5,2,0,9
BRDA:5,3,0,0
BRDA:13,4,0,6
BRDA:13,4,1,7
BRDA:18,5,0,6
BRDA:18,5,1,7
BRF:8
BRH:5
end_of_record
TN:
SF:src/rules/alpha/index.js
FN:4,(anonymous_0)
FNF:1
FNH:1
FNDA:4,(anonymous_0)
DA:4,2
DA:5,4
DA:6,4
DA:8,4
DA:9,1
DA:12,3
LF:6
LH:6
BRDA:4,0,0,2
BRDA:8,1,0,1
BRDA:8,1,1,3
BRF:3
BRH:3
end_of_record
TN:
SF:src/rules/alphaDash/index.js
FN:4,(anonymous_0)
FNF:1
FNH:1
FNDA:10,(anonymous_0)
DA:4,2
DA:5,10
DA:6,10
DA:8,10
DA:9,3
DA:12,7
LF:6
LH:6
BRDA:4,0,0,4
BRDA:8,1,0,3
BRDA:8,1,1,7
BRF:3
BRH:3
end_of_record
TN:
SF:src/rules/alphaNum/index.js
FN:4,(anonymous_0)
FNF:1
FNH:1
FNDA:10,(anonymous_0)
DA:4,2
DA:5,10
DA:6,10
DA:8,10
DA:9,7
DA:12,3
LF:6
LH:6
BRDA:4,0,0,4
BRDA:8,1,0,7
BRDA:8,1,1,3
BRF:3
BRH:3
end_of_record
TN:
SF:src/rules/array/index.js
FN:4,(anonymous_0)
FNF:1
FNH:1
FNDA:5,(anonymous_0)
DA:4,2
DA:5,5
DA:6,5
DA:8,5
DA:9,2
DA:12,3
LF:6
LH:6
BRDA:4,0,0,3
BRDA:8,1,0,2
BRDA:8,1,1,3
BRF:3
BRH:3
end_of_record
TN:
SF:src/rules/between/index.js
FN:4,(anonymous_0)
FNF:1
FNH:1
FNDA:6,(anonymous_0)
DA:4,2
DA:5,6
DA:6,6
DA:7,6
DA:8,6
DA:10,6
DA:12,6
DA:13,3
DA:16,3
LF:9
LH:9
BRDA:4,0,0,0
BRDA:5,1,0,4
BRDA:5,2,0,0
BRDA:10,3,0,6
BRDA:10,3,1,4
BRDA:12,4,0,3
BRDA:12,4,1,3
BRF:7
BRH:5
end_of_record
TN:
SF:src/rules/boolean/index.js
FN:4,(anonymous_0)
FNF:1
FNH:1
FNDA:11,(anonymous_0)
DA:4,2
DA:5,11
DA:6,11
DA:7,11
DA:9,11
DA:10,8
DA:13,3
LF:7
LH:7
BRDA:4,0,0,7
BRDA:9,1,0,8
BRDA:9,1,1,3
BRF:3
BRH:3
end_of_record
TN:
SF:src/rules/declined/index.js
FN:4,(anonymous_0)
FNF:1
FNH:1
FNDA:16,(anonymous_0)
DA:4,3
DA:5,16
DA:6,16
DA:7,16
DA:9,16
DA:10,8
DA:13,8
LF:7
LH:7
BRDA:4,0,0,7
BRDA:9,1,0,8
BRDA:9,1,1,8
BRF:3
BRH:3
end_of_record
TN:
SF:src/rules/declinedIf/index.js
FN:4,(anonymous_0)
FNF:1
FNH:1
FNDA:13,(anonymous_0)
DA:4,2
DA:5,13
DA:6,13
DA:8,13
DA:10,13
DA:11,13
DA:13,13
DA:14,6
DA:18,13
DA:19,6
DA:22,7
LF:11
LH:11
BRDA:4,0,0,0
BRDA:5,1,0,0
BRDA:5,2,0,9
BRDA:5,3,0,0
BRDA:13,4,0,6
BRDA:13,4,1,7
BRDA:18,5,0,6
BRDA:18,5,1,7
BRF:8
BRH:5
end_of_record
TN:
SF:src/rules/different/index.js
FN:4,(anonymous_0)
FNF:1
FNH:1
FNDA:4,(anonymous_0)
DA:4,2
DA:5,4
DA:6,4
DA:7,4
DA:9,4
DA:11,4
DA:12,1
DA:15,3
LF:8
LH:8
BRDA:4,0,0,0
BRDA:5,1,0,0
BRDA:5,2,0,2
BRDA:5,3,0,0
BRDA:11,4,0,1
BRDA:11,4,1,3
BRF:6
BRH:3
end_of_record
TN:
SF:src/rules/digits/index.js
FN:4,(anonymous_0)
FNF:1
FNH:1
FNDA:7,(anonymous_0)
DA:4,2
DA:5,7
DA:6,7
DA:7,7
DA:8,7
DA:10,7
DA:13,7
DA:14,4
DA:17,3
LF:9
LH:9
BRDA:4,0,0,0
BRDA:5,1,0,5
BRDA:5,2,0,0
BRDA:10,3,0,7
BRDA:10,3,1,2
BRDA:10,3,2,5
BRDA:13,4,0,4
BRDA:13,4,1,3
BRF:8
BRH:6
end_of_record
TN:
SF:src/rules/digitsBetween/index.js
FN:4,(anonymous_0)
FNF:1
FNH:1
FNDA:7,(anonymous_0)
DA:4,2
DA:5,7
DA:6,7
DA:7,7
DA:8,7
DA:9,7
DA:10,7
DA:11,7
DA:13,7
DA:16,7
DA:17,4
DA:20,3
LF:12
LH:12
BRDA:4,0,0,0
BRDA:5,1,0,5
BRDA:5,2,0,0
BRDA:13,3,0,7
BRDA:13,3,1,2
BRDA:13,3,2,5
BRDA:13,3,3,4
BRDA:16,4,0,4
BRDA:16,4,1,3
BRF:9
BRH:7
end_of_record
TN:
SF:src/rules/email/index.js
FN:4,(anonymous_0)
FNF:1
FNH:1
FNDA:6,(anonymous_0)
DA:4,2
DA:5,6
DA:6,6
DA:8,6
DA:10,6
DA:11,3
DA:14,3
LF:7
LH:7
BRDA:4,0,0,4
BRDA:10,1,0,3
BRDA:10,1,1,3
BRF:3
BRH:3
end_of_record
TN:
SF:src/rules/endsWith/index.js
FN:4,(anonymous_0)
FNF:1
FNH:1
FNDA:6,(anonymous_0)
DA:4,2
DA:5,6
DA:6,6
DA:8,6
DA:9,12
DA:10,4
DA:12,8
DA:15,12
DA:16,3
DA:20,6
DA:21,3
DA:24,3
LF:12
LH:12
BRDA:4,0,0,0
BRDA:5,1,0,4
BRDA:5,2,0,0
BRDA:9,3,0,4
BRDA:9,3,1,8
BRDA:15,4,0,3
BRDA:15,4,1,9
BRDA:20,5,0,3
BRDA:20,5,1,3
BRF:9
BRH:7
end_of_record
TN:
SF:src/rules/filled/index.js
FN:4,(anonymous_0)
FNF:1
FNH:1
FNDA:8,(anonymous_0)
DA:4,2
DA:5,8
DA:6,8
DA:7,8
DA:9,8
DA:10,5
DA:13,3
LF:7
LH:7
BRDA:4,0,0,6
BRDA:9,1,0,5
BRDA:9,1,1,3
BRF:3
BRH:3
end_of_record
TN:
SF:src/rules/gt/index.js
FN:4,(anonymous_0)
FNF:1
FNH:1
FNDA:7,(anonymous_0)
DA:4,2
DA:5,7
DA:6,7
DA:7,7
DA:9,7
DA:11,7
DA:12,4
DA:15,3
LF:8
LH:8
BRDA:4,0,0,0
BRDA:5,1,0,0
BRDA:5,2,0,5
BRDA:5,3,0,0
BRDA:11,4,0,4
BRDA:11,4,1,3
BRF:6
BRH:3
end_of_record
TN:
SF:src/rules/gte/index.js
FN:4,(anonymous_0)
FNF:1
FNH:1
FNDA:7,(anonymous_0)
DA:4,2
DA:5,7
DA:6,7
DA:7,7
DA:9,7
DA:11,7
DA:12,4
DA:15,3
LF:8
LH:8
BRDA:4,0,0,0
BRDA:5,1,0,0
BRDA:5,2,0,5
BRDA:5,3,0,0
BRDA:11,4,0,4
BRDA:11,4,1,3
BRF:6
BRH:3
end_of_record
TN:
SF:src/rules/in/index.js
FN:4,(anonymous_0)
FNF:1
FNH:1
FNDA:5,(anonymous_0)
DA:4,2
DA:5,5
DA:6,5
DA:8,5
DA:9,2
DA:12,3
LF:6
LH:6
BRDA:4,0,0,0
BRDA:5,1,0,3
BRDA:5,2,0,0
BRDA:8,3,0,2
BRDA:8,3,1,3
BRF:5
BRH:3
end_of_record
TN:
SF:src/rules/inArray/index.js
FN:4,(anonymous_0)
FNF:1
FNH:1
FNDA:5,(anonymous_0)
DA:4,2
DA:5,5
DA:6,5
DA:7,5
DA:9,5
DA:11,5
DA:12,2
DA:15,3
LF:8
LH:8
BRDA:4,0,0,0
BRDA:5,1,0,0
BRDA:5,2,0,3
BRDA:5,3,0,0
BRDA:9,4,0,5
BRDA:9,4,1,5
BRDA:11,5,0,2
BRDA:11,5,1,3
BRF:8
BRH:5
end_of_record
TN:
SF:src/rules/integer/index.js
FN:4,(anonymous_0)
FNF:1
FNH:1
FNDA:4,(anonymous_0)
DA:4,2
DA:5,4
DA:6,4
DA:8,4
DA:9,1
DA:12,3
LF:6
LH:6
BRDA:4,0,0,2
BRDA:8,1,0,1
BRDA:8,1,1,3
BRF:3
BRH:3
end_of_record
TN:
SF:src/rules/lt/index.js
FN:4,(anonymous_0)
FNF:1
FNH:1
FNDA:7,(anonymous_0)
DA:4,2
DA:5,7
DA:6,7
DA:7,7
DA:9,7
DA:11,7
DA:12,4
DA:15,3
LF:8
LH:8
BRDA:4,0,0,0
BRDA:5,1,0,0
BRDA:5,2,0,5
BRDA:5,3,0,0
BRDA:11,4,0,4
BRDA:11,4,1,3
BRF:6
BRH:3
end_of_record
TN:
SF:src/rules/lte/index.js
FN:4,(anonymous_0)
FNF:1
FNH:1
FNDA:7,(anonymous_0)
DA:4,2
DA:5,7
DA:6,7
DA:7,7
DA:9,7
DA:11,7
DA:12,4
DA:15,3
LF:8
LH:8
BRDA:4,0,0,0
BRDA:5,1,0,0
BRDA:5,2,0,5
BRDA:5,3,0,0
BRDA:11,4,0,4
BRDA:11,4,1,3
BRF:6
BRH:3
end_of_record
TN:
SF:src/rules/max/index.js
FN:4,(anonymous_0)
FNF:1
FNH:1
FNDA:5,(anonymous_0)
DA:4,2
DA:5,5
DA:6,5
DA:8,5
DA:10,5
DA:11,2
DA:14,3
LF:7
LH:7
BRDA:4,0,0,0
BRDA:5,1,0,3
BRDA:5,2,0,0
BRDA:10,3,0,2
BRDA:10,3,1,3
BRF:5
BRH:3
end_of_record
TN:
SF:src/rules/min/index.js
FN:4,(anonymous_0)
FNF:1
FNH:1
FNDA:5,(anonymous_0)
DA:4,2
DA:5,5
DA:6,5
DA:8,5
DA:10,5
DA:11,2
DA:14,3
LF:7
LH:7
BRDA:4,0,0,0
BRDA:5,1,0,3
BRDA:5,2,0,0
BRDA:10,3,0,2
BRDA:10,3,1,3
BRF:5
BRH:3
end_of_record
TN:
SF:src/rules/notIn/index.js
FN:4,(anonymous_0)
FNF:1
FNH:1
FNDA:5,(anonymous_0)
DA:4,2
DA:5,5
DA:6,5
DA:8,5
DA:9,2
DA:12,3
LF:6
LH:6
BRDA:4,0,0,0
BRDA:5,1,0,3
BRDA:5,2,0,0
BRDA:8,3,0,2
BRDA:8,3,1,3
BRF:5
BRH:3
end_of_record
TN:
SF:src/rules/notRegex/index.js
FN:4,(anonymous_0)
FNF:1
FNH:1
FNDA:5,(anonymous_0)
DA:4,2
DA:5,5
DA:6,5
DA:8,5
DA:10,5
DA:11,2
DA:14,3
LF:7
LH:7
BRDA:4,0,0,0
BRDA:5,1,0,3
BRDA:5,2,0,0
BRDA:10,3,0,2
BRDA:10,3,1,3
BRF:5
BRH:3
end_of_record
TN:
SF:src/rules/nullable/index.js
FN:1,(anonymous_0)
FNF:1
FNH:1
FNDA:2,(anonymous_0)
DA:1,2
DA:2,2
DA:4,2
DA:5,1
DA:8,2
LF:5
LH:5
BRDA:1,0,0,0
BRDA:2,1,0,0
BRDA:2,2,0,0
BRDA:4,3,0,1
BRDA:4,3,1,1
BRDA:4,4,0,2
BRDA:4,4,1,2
BRF:7
BRH:4
end_of_record
TN:
SF:src/rules/numeric/index.js
FN:4,(anonymous_0)
FNF:1
FNH:1
FNDA:11,(anonymous_0)
DA:4,2
DA:5,11
DA:6,11
DA:8,11
DA:9,4
DA:12,7
LF:6
LH:6
BRDA:4,0,0,5
BRDA:8,1,0,4
BRDA:8,1,1,7
BRF:3
BRH:3
end_of_record
TN:
SF:src/rules/object/index.js
FN:4,(anonymous_0)
FNF:1
FNH:1
FNDA:5,(anonymous_0)
DA:4,2
DA:5,5
DA:6,5
DA:7,5
DA:8,5
DA:10,5
DA:11,1
DA:13,4
DA:14,4
DA:15,2
DA:17,2
DA:21,4
DA:22,4
DA:25,5
DA:26,2
DA:29,3
LF:16
LH:16
BRDA:4,0,0,2
BRDA:5,1,0,3
BRDA:5,2,0,2
BRDA:10,3,0,1
BRDA:10,3,1,4
BRDA:14,4,0,2
BRDA:14,4,1,2
BRDA:25,5,0,2
BRDA:25,5,1,3
BRF:9
BRH:9
end_of_record
TN:
SF:src/rules/present/index.js
FN:4,(anonymous_0)
FNF:1
FNH:1
FNDA:4,(anonymous_0)
DA:4,2
DA:5,4
DA:6,4
DA:8,4
DA:9,1
DA:12,3
LF:6
LH:6
BRDA:4,0,0,0
BRDA:5,1,0,0
BRDA:5,2,0,0
BRDA:5,3,0,2
BRDA:6,4,0,4
BRDA:6,4,1,4
BRDA:8,5,0,1
BRDA:8,5,1,3
BRF:8
BRH:5
end_of_record
TN:
SF:src/rules/prohibited/index.js
FN:4,(anonymous_0)
FNF:1
FNH:1
FNDA:12,(anonymous_0)
DA:4,4
DA:5,12
DA:6,12
DA:8,12
DA:9,3
DA:12,9
LF:6
LH:6
BRDA:4,0,0,0
BRDA:5,1,0,0
BRDA:5,2,0,0
BRDA:5,3,0,2
BRDA:6,4,0,12
BRDA:6,4,1,12
BRDA:8,5,0,3
BRDA:8,5,1,9
BRF:8
BRH:5
end_of_record
TN:
SF:src/rules/prohibitedIf/index.js
FN:4,(anonymous_0)
FNF:1
FNH:1
FNDA:5,(anonymous_0)
DA:4,2
DA:5,5
DA:6,5
DA:8,5
DA:10,5
DA:11,5
DA:13,5
DA:14,1
DA:18,5
DA:19,1
DA:22,4
LF:11
LH:11
BRDA:4,0,0,0
BRDA:5,1,0,0
BRDA:5,2,0,0
BRDA:5,3,0,3
BRDA:5,4,0,0
BRDA:13,5,0,1
BRDA:13,5,1,4
BRDA:18,6,0,1
BRDA:18,6,1,4
BRF:9
BRH:5
end_of_record
TN:
SF:src/rules/prohibitedUnless/index.js
FN:4,(anonymous_0)
FNF:1
FNH:1
FNDA:5,(anonymous_0)
DA:4,2
DA:5,5
DA:6,5
DA:8,5
DA:10,5
DA:11,5
DA:13,5
DA:14,4
DA:18,5
DA:19,1
DA:22,4
LF:11
LH:11
BRDA:4,0,0,0
BRDA:5,1,0,0
BRDA:5,2,0,0
BRDA:5,3,0,3
BRDA:5,4,0,0
BRDA:13,5,0,4
BRDA:13,5,1,1
BRDA:18,6,0,1
BRDA:18,6,1,4
BRF:9
BRH:5
end_of_record
TN:
SF:src/rules/prohibits/index.js
FN:4,(anonymous_0)
FNF:1
FNH:1
FNDA:5,(anonymous_0)
DA:4,2
DA:5,5
DA:6,5
DA:8,5
DA:9,1
DA:12,4
DA:15,4
DA:16,4
DA:18,4
DA:19,3
DA:23,4
DA:24,1
DA:27,3
LF:13
LH:13
BRDA:4,0,0,0
BRDA:5,1,0,0
BRDA:5,2,0,3
BRDA:5,3,0,0
BRDA:8,4,0,1
BRDA:8,4,1,4
BRDA:18,5,0,3
BRDA:18,5,1,1
BRDA:23,6,0,1
BRDA:23,6,1,3
BRF:10
BRH:7
end_of_record
TN:
SF:src/rules/regex/index.js
FN:4,(anonymous_0)
FNF:1
FNH:1
FNDA:5,(anonymous_0)
DA:4,2
DA:5,5
DA:6,5
DA:8,5
DA:10,5
DA:11,2
DA:14,3
LF:7
LH:7
BRDA:4,0,0,0
BRDA:5,1,0,3
BRDA:5,2,0,0
BRDA:10,3,0,2
BRDA:10,3,1,3
BRF:5
BRH:3
end_of_record
TN:
SF:src/rules/required/index.js
FN:4,(anonymous_0)
FNF:1
FNH:1
FNDA:72,(anonymous_0)
DA:4,8
DA:5,72
DA:6,72
DA:8,72
DA:9,51
DA:12,21
LF:6
LH:6
BRDA:4,0,0,6
BRDA:8,1,0,51
BRDA:8,1,1,21
BRF:3
BRH:3
end_of_record
TN:
SF:src/rules/requiredIf/index.js
FN:4,(anonymous_0)
FNF:1
FNH:1
FNDA:8,(anonymous_0)
DA:4,2
DA:5,8
DA:6,8
DA:8,8
DA:10,8
DA:11,8
DA:13,8
DA:14,7
DA:18,8
DA:19,1
DA:22,7
LF:11
LH:11
BRDA:4,0,0,0
BRDA:5,1,0,0
BRDA:5,2,0,6
BRDA:5,3,0,0
BRDA:13,4,0,7
BRDA:13,4,1,1
BRDA:18,5,0,1
BRDA:18,5,1,7
BRF:8
BRH:5
end_of_record
TN:
SF:src/rules/requiredUnless/index.js
FN:4,(anonymous_0)
FNF:1
FNH:1
FNDA:8,(anonymous_0)
DA:4,2
DA:5,8
DA:6,8
DA:8,8
DA:10,8
DA:11,8
DA:13,8
DA:14,6
DA:18,8
DA:19,2
DA:22,6
LF:11
LH:11
BRDA:4,0,0,0
BRDA:5,1,0,0
BRDA:5,2,0,6
BRDA:5,3,0,0
BRDA:13,4,0,6
BRDA:13,4,1,2
BRDA:18,5,0,2
BRDA:18,5,1,6
BRF:8
BRH:5
end_of_record
TN:
SF:src/rules/requiredWith/index.js
FN:4,(anonymous_0)
FNF:1
FNH:1
FNDA:9,(anonymous_0)
DA:4,2
DA:5,9
DA:6,9
DA:8,9
DA:9,9
DA:11,9
DA:12,8
DA:16,9
DA:17,1
DA:20,8
LF:10
LH:10
BRDA:4,0,0,0
BRDA:5,1,0,0
BRDA:5,2,0,7
BRDA:5,3,0,0
BRDA:11,4,0,8
BRDA:11,4,1,1
BRDA:16,5,0,1
BRDA:16,5,1,8
BRF:8
BRH:5
end_of_record
TN:
SF:src/rules/requiredWithAll/index.js
FN:4,(anonymous_0)
FNF:1
FNH:1
FNDA:8,(anonymous_0)
DA:4,2
DA:5,8
DA:6,8
DA:8,8
DA:9,16
DA:11,16
DA:12,1
DA:16,8
DA:17,1
DA:20,7
LF:10
LH:10
BRDA:4,0,0,0
BRDA:5,1,0,0
BRDA:5,2,0,6
BRDA:5,3,0,0
BRDA:11,4,0,1
BRDA:11,4,1,15
BRDA:16,5,0,1
BRDA:16,5,1,7
BRF:8
BRH:5
end_of_record
TN:
SF:src/rules/requiredWithout/index.js
FN:4,(anonymous_0)
FNF:1
FNH:1
FNDA:8,(anonymous_0)
DA:4,2
DA:5,8
DA:6,8
DA:8,8
DA:9,8
DA:11,8
DA:12,7
DA:16,8
DA:17,1
DA:20,7
LF:10
LH:10
BRDA:4,0,0,0
BRDA:5,1,0,0
BRDA:5,2,0,6
BRDA:5,3,0,0
BRDA:11,4,0,7
BRDA:11,4,1,1
BRDA:16,5,0,1
BRDA:16,5,1,7
BRF:8
BRH:5
end_of_record
TN:
SF:src/rules/requiredWithoutAll/index.js
FN:4,(anonymous_0)
FNF:1
FNH:1
FNDA:8,(anonymous_0)
DA:4,2
DA:5,8
DA:6,8
DA:8,8
DA:9,11
DA:11,11
DA:12,5
DA:16,8
DA:17,5
DA:20,3
LF:10
LH:10
BRDA:4,0,0,0
BRDA:5,1,0,0
BRDA:5,2,0,6
BRDA:5,3,0,0
BRDA:11,4,0,5
BRDA:11,4,1,6
BRDA:16,5,0,5
BRDA:16,5,1,3
BRF:8
BRH:5
end_of_record
TN:
SF:src/rules/same/index.js
FN:4,(anonymous_0)
FNF:1
FNH:1
FNDA:9,(anonymous_0)
DA:4,2
DA:5,9
DA:6,9
DA:7,9
DA:9,9
DA:11,9
DA:12,2
DA:15,7
LF:8
LH:8
BRDA:4,0,0,0
BRDA:5,1,0,0
BRDA:5,2,0,5
BRDA:5,3,0,0
BRDA:11,4,0,2
BRDA:11,4,1,7
BRF:6
BRH:3
end_of_record
TN:
SF:src/rules/startsWith/index.js
FN:4,(anonymous_0)
FNF:1
FNH:1
FNDA:6,(anonymous_0)
DA:4,2
DA:5,6
DA:6,6
DA:8,6
DA:9,11
DA:10,4
DA:12,7
DA:15,11
DA:16,3
DA:20,6
DA:21,3
DA:24,3
LF:12
LH:12
BRDA:4,0,0,0
BRDA:5,1,0,4
BRDA:5,2,0,0
BRDA:9,3,0,4
BRDA:9,3,1,7
BRDA:15,4,0,3
BRDA:15,4,1,8
BRDA:20,5,0,3
BRDA:20,5,1,3
BRF:9
BRH:7
end_of_record
TN:
SF:src/rules/string/index.js
FN:4,(anonymous_0)
FNF:1
FNH:1
FNDA:21,(anonymous_0)
DA:4,2
DA:5,21
DA:6,21
DA:8,21
DA:9,18
DA:12,3
LF:6
LH:6
BRDA:4,0,0,6
BRDA:5,1,0,8
BRDA:5,2,0,14
BRDA:6,3,0,21
BRDA:6,3,1,4
BRDA:6,3,2,1
BRDA:8,4,0,18
BRDA:8,4,1,3
BRF:8
BRH:8
end_of_record
TN:
SF:src/rules/typeOf/index.js
FN:4,(anonymous_0)
FNF:1
FNH:1
FNDA:6,(anonymous_0)
DA:4,2
DA:5,6
DA:6,6
DA:7,6
DA:9,6
DA:10,3
DA:13,3
LF:7
LH:7
BRDA:4,0,0,0
BRDA:5,1,0,4
BRDA:5,2,0,0
BRDA:9,3,0,3
BRDA:9,3,1,3
BRF:5
BRH:3
end_of_record
TN:
SF:src/rules/url/index.js
FN:4,(anonymous_0)
FNF:1
FNH:1
FNDA:14,(anonymous_0)
DA:4,2
DA:5,14
DA:6,14
DA:8,14
DA:9,11
DA:12,3
LF:6
LH:6
BRDA:4,0,0,12
BRDA:8,1,0,11
BRDA:8,1,1,3
BRF:3
BRH:3
end_of_record
TN:
SF:src/rules/uuid/index.js
FN:4,(anonymous_0)
FNF:1
FNH:1
FNDA:4,(anonymous_0)
DA:4,2
DA:5,4
DA:6,4
DA:8,4
DA:9,1
DA:12,3
LF:6
LH:6
BRDA:4,0,0,2
BRDA:8,1,0,1
BRDA:8,1,1,3
BRF:3
BRH:3
end_of_record
