TN:
SF:src/index.js
FN:7,(anonymous_0)
FN:23,(anonymous_1)
FN:37,(anonymous_2)
FN:47,(anonymous_3)
FN:49,(anonymous_4)
FN:57,(anonymous_5)
FN:72,(anonymous_6)
FN:74,(anonymous_7)
FN:77,(anonymous_8)
FN:93,(anonymous_9)
FN:111,(anonymous_10)
FN:115,(anonymous_11)
FN:123,(anonymous_12)
FN:144,(anonymous_13)
FNF:14
FNH:14
FNDA:119,(anonymous_0)
FNDA:113,(anonymous_1)
FNDA:52,(anonymous_2)
FNDA:111,(anonymous_3)
FNDA:111,(anonymous_4)
FNDA:116,(anonymous_5)
FNDA:112,(anonymous_6)
FNDA:88,(anonymous_7)
FNDA:6,(anonymous_8)
FNDA:4,(anonymous_9)
FNDA:1,(anonymous_10)
FNDA:3,(anonymous_11)
FNDA:43,(anonymous_12)
FNDA:7,(anonymous_13)
DA:4,1
DA:5,1
DA:7,1
DA:8,119
DA:10,119
DA:11,108
DA:14,11
DA:16,11
DA:17,1
DA:20,10
DA:23,1
DA:24,113
DA:26,113
DA:27,107
DA:30,6
DA:31,4
DA:34,2
DA:37,1
DA:38,52
DA:39,1
DA:42,51
DA:43,1
DA:46,50
DA:47,111
DA:49,50
DA:50,111
DA:51,111
DA:53,111
DA:57,1
DA:58,116
DA:59,1
DA:62,115
DA:63,1
DA:66,114
DA:67,1
DA:70,113
DA:71,113
DA:72,112
DA:74,111
DA:77,1
DA:78,6
DA:79,2
DA:82,4
DA:83,1
DA:86,3
DA:87,1
DA:90,2
DA:93,1
DA:94,4
DA:95,1
DA:98,3
DA:99,1
DA:102,2
DA:104,2
DA:105,4
DA:108,2
DA:111,1
DA:112,1
DA:115,1
DA:116,3
DA:117,1
DA:120,2
DA:123,1
DA:124,43
DA:125,1
DA:128,42
DA:129,1
DA:132,41
DA:133,41
DA:135,41
DA:136,88
DA:138,88
DA:141,41
DA:144,1
DA:145,7
DA:146,1
DA:149,6
DA:150,1
DA:153,5
DA:155,5
DA:156,22
DA:158,22
DA:160,22
DA:161,5
DA:162,17
DA:163,3
DA:166,22
DA:167,5
DA:168,11
DA:170,11
DA:171,3
DA:175,5
DA:178,17
DA:180,17
DA:183,5
LF:95
LH:95
BRDA:10,0,0,108
BRDA:10,0,1,11
BRDA:16,1,0,1
BRDA:16,1,1,10
BRDA:26,2,0,107
BRDA:26,2,1,6
BRDA:30,3,0,4
BRDA:30,3,1,2
BRDA:37,4,0,6
BRDA:37,5,0,6
BRDA:37,6,0,7
BRDA:38,7,0,1
BRDA:38,7,1,51
BRDA:38,8,0,52
BRDA:38,8,1,15
BRDA:42,9,0,1
BRDA:42,9,1,50
BRDA:46,10,0,14
BRDA:46,10,1,36
BRDA:51,11,0,82
BRDA:51,11,1,29
BRDA:57,12,0,3
BRDA:58,13,0,1
BRDA:58,13,1,115
BRDA:62,14,0,1
BRDA:62,14,1,114
BRDA:66,15,0,1
BRDA:66,15,1,113
BRDA:66,16,0,114
BRDA:66,16,1,112
BRDA:70,17,0,104
BRDA:77,18,0,5
BRDA:78,19,0,2
BRDA:78,19,1,4
BRDA:82,20,0,1
BRDA:82,20,1,3
BRDA:82,21,0,4
BRDA:82,21,1,2
BRDA:86,22,0,1
BRDA:86,22,1,2
BRDA:93,23,0,3
BRDA:93,24,0,3
BRDA:94,25,0,1
BRDA:94,25,1,3
BRDA:98,26,0,1
BRDA:98,26,1,2
BRDA:105,27,0,4
BRDA:105,27,1,4
BRDA:105,27,2,4
BRDA:116,28,0,1
BRDA:116,28,1,2
BRDA:123,29,0,5
BRDA:123,30,0,7
BRDA:123,31,0,8
BRDA:124,32,0,1
BRDA:124,32,1,42
BRDA:124,33,0,43
BRDA:124,33,1,12
BRDA:128,34,0,1
BRDA:128,34,1,41
BRDA:135,35,0,129
BRDA:135,35,1,125
BRDA:144,36,0,5
BRDA:145,37,0,1
BRDA:145,37,1,6
BRDA:149,38,0,1
BRDA:149,38,1,5
BRDA:160,39,0,5
BRDA:160,39,1,17
BRDA:162,40,0,3
BRDA:162,40,1,14
BRDA:166,41,0,5
BRDA:166,41,1,17
BRDA:170,42,0,3
BRDA:170,42,1,8
BRF:75
BRH:75
end_of_record
TN:
SF:src/messages.js
FNF:0
FNH:0
DA:1,49
DA:2,49
DA:3,49
DA:4,49
DA:5,49
DA:6,49
DA:7,49
DA:8,49
DA:9,49
DA:10,49
DA:11,49
DA:12,49
DA:13,49
DA:14,49
DA:15,49
DA:16,49
DA:17,49
DA:18,49
DA:19,49
DA:20,49
DA:21,49
DA:22,49
DA:23,49
DA:24,49
DA:25,49
DA:26,49
DA:27,49
DA:28,49
DA:29,49
DA:30,49
DA:31,49
DA:32,49
DA:33,49
DA:34,49
DA:35,49
DA:36,49
DA:37,49
DA:38,49
DA:39,49
LF:39
LH:39
BRF:0
BRH:0
end_of_record
TN:
SF:src/utils.js
FN:3,(anonymous_0)
FN:12,(anonymous_1)
FN:24,(anonymous_2)
FN:40,(anonymous_3)
FN:42,(anonymous_4)
FN:43,(anonymous_5)
FN:62,(anonymous_6)
FN:114,(anonymous_7)
FN:138,(anonymous_8)
FN:140,(anonymous_9)
FN:142,(anonymous_10)
FN:150,(anonymous_11)
FN:166,(anonymous_12)
FN:166,(anonymous_13)
FN:166,(anonymous_14)
FNF:15
FNH:15
FNDA:54,(anonymous_0)
FNDA:108,(anonymous_1)
FNDA:170,(anonymous_2)
FNDA:43,(anonymous_3)
FNDA:7,(anonymous_4)
FNDA:13,(anonymous_5)
FNDA:15,(anonymous_6)
FNDA:36,(anonymous_7)
FNDA:176,(anonymous_8)
FNDA:469,(anonymous_9)
FNDA:142,(anonymous_10)
FNDA:12,(anonymous_11)
FNDA:123,(anonymous_12)
FNDA:1,(anonymous_13)
FNDA:17,(anonymous_14)
DA:3,50
DA:4,54
DA:6,54
DA:7,1
DA:10,53
DA:12,53
DA:13,108
DA:14,54
DA:16,54
DA:17,54
DA:21,53
DA:24,50
DA:25,170
DA:26,51
DA:29,119
DA:30,1
DA:33,119
DA:34,2
DA:37,117
DA:40,50
DA:42,50
DA:43,7
DA:44,13
DA:45,13
DA:46,13
DA:48,13
DA:49,2
DA:52,13
DA:53,6
DA:56,13
DA:58,13
DA:59,0
DA:62,13
DA:63,15
DA:64,42
DA:66,42
DA:67,2
DA:68,2
DA:69,2
DA:70,2
DA:72,2
DA:73,2
DA:74,2
DA:75,2
DA:78,2
DA:79,16
DA:82,0
DA:84,40
DA:85,6
DA:86,6
DA:88,6
DA:89,6
DA:90,23
DA:93,0
DA:96,0
DA:99,34
DA:104,13
DA:105,57
DA:109,7
DA:110,34
DA:114,50
DA:115,36
DA:116,36
DA:117,36
DA:119,36
DA:120,55
DA:122,55
DA:123,3
DA:126,52
DA:127,16
DA:130,52
DA:132,52
DA:135,33
DA:138,176
DA:140,469
DA:142,50
DA:143,142
DA:144,86
DA:147,142
DA:150,50
DA:151,12
DA:152,7
DA:155,5
DA:157,5
DA:158,5
DA:160,5
DA:161,5
DA:163,5
DA:166,123
LF:89
LH:85
BRDA:6,0,0,1
BRDA:6,0,1,53
BRDA:13,1,0,54
BRDA:13,1,1,54
BRDA:24,2,0,3
BRDA:25,3,0,51
BRDA:25,3,1,119
BRDA:29,4,0,1
BRDA:29,4,1,118
BRDA:33,5,0,2
BRDA:33,5,1,117
BRDA:34,6,0,2
BRDA:34,6,1,1
BRDA:37,7,0,117
BRDA:37,7,1,63
BRDA:43,8,0,7
BRDA:48,9,0,2
BRDA:48,9,1,11
BRDA:52,10,0,6
BRDA:52,10,1,7
BRDA:58,11,0,0
BRDA:58,11,1,13
BRDA:66,12,0,2
BRDA:66,12,1,40
BRDA:67,13,0,2
BRDA:67,13,1,0
BRDA:72,14,0,2
BRDA:72,14,1,0
BRDA:84,15,0,6
BRDA:84,15,1,34
BRDA:84,16,0,40
BRDA:84,16,1,34
BRDA:85,17,0,6
BRDA:85,17,1,0
BRDA:86,18,0,0
BRDA:86,18,1,6
BRDA:88,19,0,6
BRDA:88,19,1,0
BRDA:122,20,0,3
BRDA:122,20,1,52
BRDA:122,21,0,55
BRDA:122,21,1,52
BRDA:126,22,0,16
BRDA:126,22,1,36
BRDA:138,23,0,176
BRDA:138,23,1,146
BRDA:138,23,2,134
BRDA:140,24,0,469
BRDA:140,24,1,434
BRDA:140,24,2,433
BRDA:142,25,0,0
BRDA:151,26,0,7
BRDA:151,26,1,5
BRF:53
BRH:46
end_of_record
TN:
SF:src/rules/index.js
FNF:0
FNH:0
LF:0
LH:0
BRF:0
BRH:0
end_of_record
TN:
SF:src/rules/accepted/index.js
FN:4,(anonymous_0)
FNF:1
FNH:1
FNDA:14,(anonymous_0)
DA:4,3
DA:5,14
DA:6,14
DA:7,14
DA:9,14
DA:10,8
DA:13,6
LF:7
LH:7
BRDA:4,0,0,5
BRDA:9,1,0,8
BRDA:9,1,1,6
BRF:3
BRH:3
end_of_record
TN:
SF:src/rules/acceptedIf/index.js
FN:4,(anonymous_0)
FNF:1
FNH:1
FNDA:13,(anonymous_0)
DA:4,2
DA:5,13
DA:6,13
DA:8,13
DA:10,13
DA:11,13
DA:13,13
DA:14,6
DA:18,13
DA:19,6
DA:22,7
LF:11
LH:11
BRDA:4,0,0,0
BRDA:5,1,0,0
BRDA:5,2,0,0
BRDA:13,3,0,6
BRDA:13,3,1,7
BRDA:18,4,0,6
BRDA:18,4,1,7
BRF:7
BRH:4
end_of_record
TN:
SF:src/rules/alpha/index.js
FN:4,(anonymous_0)
FNF:1
FNH:1
FNDA:11,(anonymous_0)
DA:4,2
DA:5,11
DA:6,11
DA:8,11
DA:9,1
DA:12,10
LF:6
LH:6
BRDA:4,0,0,2
BRDA:8,1,0,1
BRDA:8,1,1,10
BRF:3
BRH:3
end_of_record
TN:
SF:src/rules/alphaDash/index.js
FN:4,(anonymous_0)
FNF:1
FNH:1
FNDA:6,(anonymous_0)
DA:4,2
DA:5,6
DA:6,6
DA:8,6
DA:9,3
DA:12,3
LF:6
LH:6
BRDA:4,0,0,4
BRDA:8,1,0,3
BRDA:8,1,1,3
BRF:3
BRH:3
end_of_record
TN:
SF:src/rules/alphaNum/index.js
FN:4,(anonymous_0)
FNF:1
FNH:1
FNDA:10,(anonymous_0)
DA:4,2
DA:5,10
DA:6,10
DA:8,10
DA:9,7
DA:12,3
LF:6
LH:6
BRDA:4,0,0,4
BRDA:8,1,0,7
BRDA:8,1,1,3
BRF:3
BRH:3
end_of_record
TN:
SF:src/rules/array/index.js
FN:4,(anonymous_0)
FNF:1
FNH:1
FNDA:7,(anonymous_0)
DA:4,2
DA:5,7
DA:6,7
DA:8,7
DA:9,4
DA:12,3
LF:6
LH:6
BRDA:4,0,0,3
BRDA:8,1,0,4
BRDA:8,1,1,3
BRF:3
BRH:3
end_of_record
TN:
SF:src/rules/between/index.js
FN:4,(anonymous_0)
FNF:1
FNH:1
FNDA:6,(anonymous_0)
DA:4,2
DA:5,6
DA:6,6
DA:7,6
DA:8,6
DA:10,6
DA:12,6
DA:13,3
DA:16,3
LF:9
LH:9
BRDA:4,0,0,0
BRDA:5,1,0,4
BRDA:5,2,0,0
BRDA:10,3,0,6
BRDA:10,3,1,4
BRDA:12,4,0,3
BRDA:12,4,1,3
BRF:7
BRH:5
end_of_record
TN:
SF:src/rules/boolean/index.js
FN:4,(anonymous_0)
FNF:1
FNH:1
FNDA:11,(anonymous_0)
DA:4,2
DA:5,11
DA:6,11
DA:7,11
DA:9,11
DA:10,8
DA:13,3
LF:7
LH:7
BRDA:4,0,0,7
BRDA:9,1,0,8
BRDA:9,1,1,3
BRF:3
BRH:3
end_of_record
TN:
SF:src/rules/declined/index.js
FN:4,(anonymous_0)
FNF:1
FNH:1
FNDA:16,(anonymous_0)
DA:4,3
DA:5,16
DA:6,16
DA:7,16
DA:9,16
DA:10,8
DA:13,8
LF:7
LH:7
BRDA:4,0,0,7
BRDA:9,1,0,8
BRDA:9,1,1,8
BRF:3
BRH:3
end_of_record
TN:
SF:src/rules/declinedIf/index.js
FN:4,(anonymous_0)
FNF:1
FNH:1
FNDA:13,(anonymous_0)
DA:4,2
DA:5,13
DA:6,13
DA:8,13
DA:10,13
DA:11,13
DA:13,13
DA:14,6
DA:18,13
DA:19,6
DA:22,7
LF:11
LH:11
BRDA:4,0,0,0
BRDA:5,1,0,0
BRDA:5,2,0,0
BRDA:13,3,0,6
BRDA:13,3,1,7
BRDA:18,4,0,6
BRDA:18,4,1,7
BRF:7
BRH:4
end_of_record
TN:
SF:src/rules/different/index.js
FN:4,(anonymous_0)
FNF:1
FNH:1
FNDA:4,(anonymous_0)
DA:4,2
DA:5,4
DA:6,4
DA:7,4
DA:9,4
DA:11,4
DA:12,1
DA:15,3
LF:8
LH:8
BRDA:4,0,0,0
BRDA:5,1,0,0
BRDA:5,2,0,2
BRDA:5,3,0,0
BRDA:11,4,0,1
BRDA:11,4,1,3
BRF:6
BRH:3
end_of_record
TN:
SF:src/rules/digits/index.js
FN:4,(anonymous_0)
FNF:1
FNH:1
FNDA:7,(anonymous_0)
DA:4,2
DA:5,7
DA:6,7
DA:7,7
DA:8,7
DA:10,7
DA:13,7
DA:14,4
DA:17,3
LF:9
LH:9
BRDA:4,0,0,0
BRDA:5,1,0,5
BRDA:5,2,0,0
BRDA:10,3,0,7
BRDA:10,3,1,2
BRDA:10,3,2,5
BRDA:13,4,0,4
BRDA:13,4,1,3
BRF:8
BRH:6
end_of_record
TN:
SF:src/rules/digitsBetween/index.js
FN:4,(anonymous_0)
FNF:1
FNH:1
FNDA:7,(anonymous_0)
DA:4,2
DA:5,7
DA:6,7
DA:7,7
DA:8,7
DA:9,7
DA:10,7
DA:11,7
DA:13,7
DA:16,7
DA:17,4
DA:20,3
LF:12
LH:12
BRDA:4,0,0,0
BRDA:5,1,0,5
BRDA:5,2,0,0
BRDA:13,3,0,7
BRDA:13,3,1,2
BRDA:13,3,2,5
BRDA:13,3,3,4
BRDA:16,4,0,4
BRDA:16,4,1,3
BRF:9
BRH:7
end_of_record
TN:
SF:src/rules/email/index.js
FN:4,(anonymous_0)
FNF:1
FNH:1
FNDA:6,(anonymous_0)
DA:4,2
DA:5,6
DA:6,6
DA:8,6
DA:10,6
DA:11,3
DA:14,3
LF:7
LH:7
BRDA:4,0,0,4
BRDA:10,1,0,3
BRDA:10,1,1,3
BRF:3
BRH:3
end_of_record
TN:
SF:src/rules/endsWith/index.js
FN:4,(anonymous_0)
FNF:1
FNH:1
FNDA:6,(anonymous_0)
DA:4,2
DA:5,6
DA:6,6
DA:8,6
DA:9,12
DA:10,4
DA:12,8
DA:15,12
DA:16,3
DA:20,6
DA:21,3
DA:24,3
LF:12
LH:12
BRDA:4,0,0,0
BRDA:5,1,0,4
BRDA:5,2,0,0
BRDA:9,3,0,4
BRDA:9,3,1,8
BRDA:15,4,0,3
BRDA:15,4,1,9
BRDA:20,5,0,3
BRDA:20,5,1,3
BRF:9
BRH:7
end_of_record
TN:
SF:src/rules/filled/index.js
FN:4,(anonymous_0)
FNF:1
FNH:1
FNDA:8,(anonymous_0)
DA:4,2
DA:5,8
DA:6,8
DA:7,8
DA:9,8
DA:10,5
DA:13,3
LF:7
LH:7
BRDA:4,0,0,6
BRDA:9,1,0,5
BRDA:9,1,1,3
BRF:3
BRH:3
end_of_record
TN:
SF:src/rules/gt/index.js
FN:4,(anonymous_0)
FNF:1
FNH:1
FNDA:7,(anonymous_0)
DA:4,2
DA:5,7
DA:6,7
DA:7,7
DA:9,7
DA:11,7
DA:12,4
DA:15,3
LF:8
LH:8
BRDA:4,0,0,0
BRDA:5,1,0,0
BRDA:5,2,0,5
BRDA:5,3,0,0
BRDA:11,4,0,4
BRDA:11,4,1,3
BRF:6
BRH:3
end_of_record
TN:
SF:src/rules/gte/index.js
FN:4,(anonymous_0)
FNF:1
FNH:1
FNDA:7,(anonymous_0)
DA:4,2
DA:5,7
DA:6,7
DA:7,7
DA:9,7
DA:11,7
DA:12,4
DA:15,3
LF:8
LH:8
BRDA:4,0,0,0
BRDA:5,1,0,0
BRDA:5,2,0,5
BRDA:5,3,0,0
BRDA:11,4,0,4
BRDA:11,4,1,3
BRF:6
BRH:3
end_of_record
TN:
SF:src/rules/in/index.js
FN:4,(anonymous_0)
FNF:1
FNH:1
FNDA:5,(anonymous_0)
DA:4,2
DA:5,5
DA:6,5
DA:8,5
DA:9,2
DA:12,3
LF:6
LH:6
BRDA:4,0,0,0
BRDA:5,1,0,3
BRDA:5,2,0,0
BRDA:8,3,0,2
BRDA:8,3,1,3
BRF:5
BRH:3
end_of_record
TN:
SF:src/rules/inArray/index.js
FN:4,(anonymous_0)
FNF:1
FNH:1
FNDA:5,(anonymous_0)
DA:4,2
DA:5,5
DA:6,5
DA:7,5
DA:9,5
DA:11,5
DA:12,2
DA:15,3
LF:8
LH:8
BRDA:4,0,0,0
BRDA:5,1,0,0
BRDA:5,2,0,3
BRDA:5,3,0,0
BRDA:9,4,0,5
BRDA:9,4,1,5
BRDA:11,5,0,2
BRDA:11,5,1,3
BRF:8
BRH:5
end_of_record
TN:
SF:src/rules/integer/index.js
FN:4,(anonymous_0)
FNF:1
FNH:1
FNDA:4,(anonymous_0)
DA:4,2
DA:5,4
DA:6,4
DA:8,4
DA:9,1
DA:12,3
LF:6
LH:6
BRDA:4,0,0,2
BRDA:8,1,0,1
BRDA:8,1,1,3
BRF:3
BRH:3
end_of_record
TN:
SF:src/rules/lt/index.js
FN:4,(anonymous_0)
FNF:1
FNH:1
FNDA:7,(anonymous_0)
DA:4,2
DA:5,7
DA:6,7
DA:7,7
DA:9,7
DA:11,7
DA:12,4
DA:15,3
LF:8
LH:8
BRDA:4,0,0,0
BRDA:5,1,0,0
BRDA:5,2,0,5
BRDA:5,3,0,0
BRDA:11,4,0,4
BRDA:11,4,1,3
BRF:6
BRH:3
end_of_record
TN:
SF:src/rules/lte/index.js
FN:4,(anonymous_0)
FNF:1
FNH:1
FNDA:7,(anonymous_0)
DA:4,2
DA:5,7
DA:6,7
DA:7,7
DA:9,7
DA:11,7
DA:12,4
DA:15,3
LF:8
LH:8
BRDA:4,0,0,0
BRDA:5,1,0,0
BRDA:5,2,0,5
BRDA:5,3,0,0
BRDA:11,4,0,4
BRDA:11,4,1,3
BRF:6
BRH:3
end_of_record
TN:
SF:src/rules/max/index.js
FN:4,(anonymous_0)
FNF:1
FNH:1
FNDA:5,(anonymous_0)
DA:4,2
DA:5,5
DA:6,5
DA:8,5
DA:10,5
DA:11,2
DA:14,3
LF:7
LH:7
BRDA:4,0,0,0
BRDA:5,1,0,3
BRDA:5,2,0,0
BRDA:10,3,0,2
BRDA:10,3,1,3
BRF:5
BRH:3
end_of_record
TN:
SF:src/rules/min/index.js
FN:4,(anonymous_0)
FNF:1
FNH:1
FNDA:5,(anonymous_0)
DA:4,2
DA:5,5
DA:6,5
DA:8,5
DA:10,5
DA:11,2
DA:14,3
LF:7
LH:7
BRDA:4,0,0,0
BRDA:5,1,0,3
BRDA:5,2,0,0
BRDA:10,3,0,2
BRDA:10,3,1,3
BRF:5
BRH:3
end_of_record
TN:
SF:src/rules/notIn/index.js
FN:4,(anonymous_0)
FNF:1
FNH:1
FNDA:5,(anonymous_0)
DA:4,2
DA:5,5
DA:6,5
DA:8,5
DA:9,2
DA:12,3
LF:6
LH:6
BRDA:4,0,0,0
BRDA:5,1,0,3
BRDA:5,2,0,0
BRDA:8,3,0,2
BRDA:8,3,1,3
BRF:5
BRH:3
end_of_record
TN:
SF:src/rules/notRegex/index.js
FN:4,(anonymous_0)
FNF:1
FNH:1
FNDA:5,(anonymous_0)
DA:4,2
DA:5,5
DA:6,5
DA:8,5
DA:10,5
DA:11,2
DA:14,3
LF:7
LH:7
BRDA:4,0,0,0
BRDA:5,1,0,3
BRDA:5,2,0,0
BRDA:10,3,0,2
BRDA:10,3,1,3
BRF:5
BRH:3
end_of_record
TN:
SF:src/rules/nullable/index.js
FN:1,(anonymous_0)
FNF:1
FNH:1
FNDA:2,(anonymous_0)
DA:1,2
DA:2,2
DA:4,2
DA:5,1
DA:8,2
LF:5
LH:5
BRDA:1,0,0,0
BRDA:2,1,0,0
BRDA:2,2,0,0
BRDA:4,3,0,1
BRDA:4,3,1,1
BRDA:4,4,0,2
BRDA:4,4,1,2
BRF:7
BRH:4
end_of_record
TN:
SF:src/rules/numeric/index.js
FN:4,(anonymous_0)
FNF:1
FNH:1
FNDA:19,(anonymous_0)
DA:4,2
DA:5,19
DA:6,19
DA:8,19
DA:9,12
DA:12,7
LF:6
LH:6
BRDA:4,0,0,5
BRDA:8,1,0,12
BRDA:8,1,1,7
BRF:3
BRH:3
end_of_record
TN:
SF:src/rules/object/index.js
FN:4,(anonymous_0)
FNF:1
FNH:1
FNDA:5,(anonymous_0)
DA:4,2
DA:5,5
DA:6,5
DA:7,5
DA:8,5
DA:10,5
DA:11,1
DA:13,4
DA:14,4
DA:15,2
DA:17,2
DA:21,4
DA:22,4
DA:25,5
DA:26,2
DA:29,3
LF:16
LH:16
BRDA:4,0,0,2
BRDA:5,1,0,3
BRDA:5,2,0,2
BRDA:10,3,0,1
BRDA:10,3,1,4
BRDA:14,4,0,2
BRDA:14,4,1,2
BRDA:25,5,0,2
BRDA:25,5,1,3
BRF:9
BRH:9
end_of_record
TN:
SF:src/rules/present/index.js
FN:4,(anonymous_0)
FNF:1
FNH:1
FNDA:4,(anonymous_0)
DA:4,2
DA:5,4
DA:6,4
DA:8,4
DA:9,1
DA:12,3
LF:6
LH:6
BRDA:4,0,0,0
BRDA:5,1,0,0
BRDA:5,2,0,0
BRDA:5,3,0,2
BRDA:6,4,0,4
BRDA:6,4,1,4
BRDA:8,5,0,1
BRDA:8,5,1,3
BRF:8
BRH:5
end_of_record
TN:
SF:src/rules/prohibited/index.js
FN:4,(anonymous_0)
FNF:1
FNH:1
FNDA:12,(anonymous_0)
DA:4,4
DA:5,12
DA:6,12
DA:8,12
DA:9,3
DA:12,9
LF:6
LH:6
BRDA:4,0,0,0
BRDA:5,1,0,0
BRDA:5,2,0,0
BRDA:5,3,0,6
BRDA:6,4,0,12
BRDA:6,4,1,12
BRDA:8,5,0,3
BRDA:8,5,1,9
BRF:8
BRH:5
end_of_record
TN:
SF:src/rules/prohibitedIf/index.js
FN:4,(anonymous_0)
FNF:1
FNH:1
FNDA:5,(anonymous_0)
DA:4,2
DA:5,5
DA:6,5
DA:8,5
DA:10,5
DA:11,5
DA:13,5
DA:14,1
DA:18,5
DA:19,1
DA:22,4
LF:11
LH:11
BRDA:4,0,0,0
BRDA:5,1,0,0
BRDA:5,2,0,0
BRDA:13,3,0,1
BRDA:13,3,1,4
BRDA:18,4,0,1
BRDA:18,4,1,4
BRF:7
BRH:4
end_of_record
TN:
SF:src/rules/prohibitedUnless/index.js
FN:4,(anonymous_0)
FNF:1
FNH:1
FNDA:5,(anonymous_0)
DA:4,2
DA:5,5
DA:6,5
DA:8,5
DA:10,5
DA:11,5
DA:13,5
DA:14,4
DA:18,5
DA:19,1
DA:22,4
LF:11
LH:11
BRDA:4,0,0,0
BRDA:5,1,0,0
BRDA:5,2,0,0
BRDA:13,3,0,4
BRDA:13,3,1,1
BRDA:18,4,0,1
BRDA:18,4,1,4
BRF:7
BRH:4
end_of_record
TN:
SF:src/rules/prohibits/index.js
FN:4,(anonymous_0)
FNF:1
FNH:1
FNDA:5,(anonymous_0)
DA:4,2
DA:5,5
DA:6,5
DA:8,5
DA:9,1
DA:12,4
DA:15,4
DA:16,4
DA:18,4
DA:19,3
DA:23,4
DA:24,1
DA:27,3
LF:13
LH:13
BRDA:4,0,0,0
BRDA:5,1,0,0
BRDA:5,2,0,3
BRDA:5,3,0,0
BRDA:8,4,0,1
BRDA:8,4,1,4
BRDA:18,5,0,3
BRDA:18,5,1,1
BRDA:23,6,0,1
BRDA:23,6,1,3
BRF:10
BRH:7
end_of_record
TN:
SF:src/rules/regex/index.js
FN:4,(anonymous_0)
FNF:1
FNH:1
FNDA:5,(anonymous_0)
DA:4,2
DA:5,5
DA:6,5
DA:8,5
DA:10,5
DA:11,2
DA:14,3
LF:7
LH:7
BRDA:4,0,0,0
BRDA:5,1,0,3
BRDA:5,2,0,0
BRDA:10,3,0,2
BRDA:10,3,1,3
BRF:5
BRH:3
end_of_record
TN:
SF:src/rules/required/index.js
FN:4,(anonymous_0)
FNF:1
FNH:1
FNDA:87,(anonymous_0)
DA:4,8
DA:5,87
DA:6,87
DA:8,87
DA:9,64
DA:12,23
LF:6
LH:6
BRDA:4,0,0,6
BRDA:8,1,0,64
BRDA:8,1,1,23
BRF:3
BRH:3
end_of_record
TN:
SF:src/rules/requiredIf/index.js
FN:4,(anonymous_0)
FNF:1
FNH:1
FNDA:8,(anonymous_0)
DA:4,2
DA:5,8
DA:6,8
DA:8,8
DA:10,8
DA:11,8
DA:13,8
DA:14,7
DA:18,8
DA:19,1
DA:22,7
LF:11
LH:11
BRDA:4,0,0,0
BRDA:5,1,0,0
BRDA:5,2,0,0
BRDA:13,3,0,7
BRDA:13,3,1,1
BRDA:18,4,0,1
BRDA:18,4,1,7
BRF:7
BRH:4
end_of_record
TN:
SF:src/rules/requiredUnless/index.js
FN:4,(anonymous_0)
FNF:1
FNH:1
FNDA:8,(anonymous_0)
DA:4,2
DA:5,8
DA:6,8
DA:8,8
DA:10,8
DA:11,8
DA:13,8
DA:14,6
DA:18,8
DA:19,2
DA:22,6
LF:11
LH:11
BRDA:4,0,0,0
BRDA:5,1,0,0
BRDA:5,2,0,0
BRDA:13,3,0,6
BRDA:13,3,1,2
BRDA:18,4,0,2
BRDA:18,4,1,6
BRF:7
BRH:4
end_of_record
TN:
SF:src/rules/requiredWith/index.js
FN:4,(anonymous_0)
FNF:1
FNH:1
FNDA:9,(anonymous_0)
DA:4,2
DA:5,9
DA:6,9
DA:8,9
DA:9,9
DA:11,9
DA:12,8
DA:16,9
DA:17,1
DA:20,8
LF:10
LH:10
BRDA:4,0,0,0
BRDA:5,1,0,0
BRDA:5,2,0,0
BRDA:11,3,0,8
BRDA:11,3,1,1
BRDA:16,4,0,1
BRDA:16,4,1,8
BRF:7
BRH:4
end_of_record
TN:
SF:src/rules/requiredWithAll/index.js
FN:4,(anonymous_0)
FNF:1
FNH:1
FNDA:8,(anonymous_0)
DA:4,2
DA:5,8
DA:6,8
DA:8,8
DA:9,16
DA:11,16
DA:12,1
DA:16,8
DA:17,1
DA:20,7
LF:10
LH:10
BRDA:4,0,0,0
BRDA:5,1,0,0
BRDA:5,2,0,0
BRDA:11,3,0,1
BRDA:11,3,1,15
BRDA:16,4,0,1
BRDA:16,4,1,7
BRF:7
BRH:4
end_of_record
TN:
SF:src/rules/requiredWithout/index.js
FN:4,(anonymous_0)
FNF:1
FNH:1
FNDA:8,(anonymous_0)
DA:4,2
DA:5,8
DA:6,8
DA:8,8
DA:9,8
DA:11,8
DA:12,7
DA:16,8
DA:17,1
DA:20,7
LF:10
LH:10
BRDA:4,0,0,0
BRDA:5,1,0,0
BRDA:5,2,0,0
BRDA:11,3,0,7
BRDA:11,3,1,1
BRDA:16,4,0,1
BRDA:16,4,1,7
BRF:7
BRH:4
end_of_record
TN:
SF:src/rules/requiredWithoutAll/index.js
FN:4,(anonymous_0)
FNF:1
FNH:1
FNDA:8,(anonymous_0)
DA:4,2
DA:5,8
DA:6,8
DA:8,8
DA:9,11
DA:11,11
DA:12,5
DA:16,8
DA:17,5
DA:20,3
LF:10
LH:10
BRDA:4,0,0,0
BRDA:5,1,0,0
BRDA:5,2,0,0
BRDA:11,3,0,5
BRDA:11,3,1,6
BRDA:16,4,0,5
BRDA:16,4,1,3
BRF:7
BRH:4
end_of_record
TN:
SF:src/rules/same/index.js
FN:4,(anonymous_0)
FNF:1
FNH:1
FNDA:9,(anonymous_0)
DA:4,2
DA:5,9
DA:6,9
DA:7,9
DA:9,9
DA:11,9
DA:12,2
DA:15,7
LF:8
LH:8
BRDA:4,0,0,0
BRDA:5,1,0,0
BRDA:5,2,0,5
BRDA:5,3,0,0
BRDA:11,4,0,2
BRDA:11,4,1,7
BRF:6
BRH:3
end_of_record
TN:
SF:src/rules/startsWith/index.js
FN:4,(anonymous_0)
FNF:1
FNH:1
FNDA:6,(anonymous_0)
DA:4,2
DA:5,6
DA:6,6
DA:8,6
DA:9,11
DA:10,4
DA:12,7
DA:15,11
DA:16,3
DA:20,6
DA:21,3
DA:24,3
LF:12
LH:12
BRDA:4,0,0,0
BRDA:5,1,0,4
BRDA:5,2,0,0
BRDA:9,3,0,4
BRDA:9,3,1,7
BRDA:15,4,0,3
BRDA:15,4,1,8
BRDA:20,5,0,3
BRDA:20,5,1,3
BRF:9
BRH:7
end_of_record
TN:
SF:src/rules/string/index.js
FN:4,(anonymous_0)
FNF:1
FNH:1
FNDA:21,(anonymous_0)
DA:4,2
DA:5,21
DA:6,21
DA:8,21
DA:9,18
DA:12,3
LF:6
LH:6
BRDA:4,0,0,6
BRDA:5,1,0,8
BRDA:5,2,0,14
BRDA:6,3,0,21
BRDA:6,3,1,4
BRDA:6,3,2,1
BRDA:8,4,0,18
BRDA:8,4,1,3
BRF:8
BRH:8
end_of_record
TN:
SF:src/rules/typeOf/index.js
FN:4,(anonymous_0)
FNF:1
FNH:1
FNDA:6,(anonymous_0)
DA:4,2
DA:5,6
DA:6,6
DA:7,6
DA:9,6
DA:10,3
DA:13,3
LF:7
LH:7
BRDA:4,0,0,0
BRDA:5,1,0,4
BRDA:5,2,0,0
BRDA:9,3,0,3
BRDA:9,3,1,3
BRF:5
BRH:3
end_of_record
TN:
SF:src/rules/url/index.js
FN:4,(anonymous_0)
FNF:1
FNH:1
FNDA:14,(anonymous_0)
DA:4,2
DA:5,14
DA:6,14
DA:8,14
DA:9,11
DA:12,3
LF:6
LH:6
BRDA:4,0,0,12
BRDA:8,1,0,11
BRDA:8,1,1,3
BRF:3
BRH:3
end_of_record
TN:
SF:src/rules/uuid/index.js
FN:4,(anonymous_0)
FNF:1
FNH:1
FNDA:4,(anonymous_0)
DA:4,2
DA:5,4
DA:6,4
DA:8,4
DA:9,1
DA:12,3
LF:6
LH:6
BRDA:4,0,0,2
BRDA:8,1,0,1
BRDA:8,1,1,3
BRF:3
BRH:3
end_of_record
